mode: set
github.com/igortoigildin/go-metrics-altering/cmd/agent/agent.go:11.13,13.16 2 0
github.com/igortoigildin/go-metrics-altering/cmd/agent/agent.go:13.16,16.3 2 0
github.com/igortoigildin/go-metrics-altering/cmd/agent/agent.go:17.2,17.60 1 0
github.com/igortoigildin/go-metrics-altering/cmd/agent/agent.go:17.60,20.3 2 0
github.com/igortoigildin/go-metrics-altering/cmd/agent/agent.go:22.2,22.14 1 0
github.com/igortoigildin/go-metrics-altering/cmd/server/main.go:14.13,16.16 2 0
github.com/igortoigildin/go-metrics-altering/cmd/server/main.go:16.16,19.3 2 0
github.com/igortoigildin/go-metrics-altering/cmd/server/main.go:21.2,21.59 1 0
github.com/igortoigildin/go-metrics-altering/cmd/server/main.go:21.59,24.3 2 0
github.com/igortoigildin/go-metrics-altering/cmd/server/main.go:26.2,27.16 2 0
github.com/igortoigildin/go-metrics-altering/cmd/server/main.go:27.16,30.3 2 0
github.com/igortoigildin/go-metrics-altering/cmd/server/main.go:32.2,32.14 1 0
github.com/igortoigildin/go-metrics-altering/cmd/staticlint/main.go:29.13,31.16 2 0
github.com/igortoigildin/go-metrics-altering/cmd/staticlint/main.go:31.16,33.3 1 0
github.com/igortoigildin/go-metrics-altering/cmd/staticlint/main.go:35.2,36.16 2 0
github.com/igortoigildin/go-metrics-altering/cmd/staticlint/main.go:36.16,38.3 1 0
github.com/igortoigildin/go-metrics-altering/cmd/staticlint/main.go:41.2,42.50 2 0
github.com/igortoigildin/go-metrics-altering/cmd/staticlint/main.go:42.50,44.3 1 0
github.com/igortoigildin/go-metrics-altering/cmd/staticlint/main.go:47.2,57.36 3 0
github.com/igortoigildin/go-metrics-altering/cmd/staticlint/main.go:57.36,59.3 1 0
github.com/igortoigildin/go-metrics-altering/cmd/staticlint/main.go:61.2,61.42 1 0
github.com/igortoigildin/go-metrics-altering/cmd/staticlint/main.go:61.42,62.30 1 0
github.com/igortoigildin/go-metrics-altering/cmd/staticlint/main.go:62.30,64.4 1 0
github.com/igortoigildin/go-metrics-altering/cmd/staticlint/main.go:92.2,94.3 1 0
github.com/igortoigildin/go-metrics-altering/internal/agent/app/app.go:22.35,37.12 11 0
github.com/igortoigildin/go-metrics-altering/internal/agent/app/app.go:37.12,38.7 1 0
github.com/igortoigildin/go-metrics-altering/internal/agent/app/app.go:38.7,40.11 2 0
github.com/igortoigildin/go-metrics-altering/internal/agent/app/app.go:41.22,44.11 3 0
github.com/igortoigildin/go-metrics-altering/internal/agent/app/app.go:45.12,46.39 1 0
github.com/igortoigildin/go-metrics-altering/internal/agent/app/app.go:51.2,52.12 2 0
github.com/igortoigildin/go-metrics-altering/internal/agent/app/app.go:52.12,53.7 1 0
github.com/igortoigildin/go-metrics-altering/internal/agent/app/app.go:53.7,55.11 2 0
github.com/igortoigildin/go-metrics-altering/internal/agent/app/app.go:56.22,59.11 3 0
github.com/igortoigildin/go-metrics-altering/internal/agent/app/app.go:60.12,61.38 1 0
github.com/igortoigildin/go-metrics-altering/internal/agent/app/app.go:66.2,66.42 1 0
github.com/igortoigildin/go-metrics-altering/internal/agent/app/app.go:66.42,68.13 2 0
github.com/igortoigildin/go-metrics-altering/internal/agent/app/app.go:68.13,71.4 2 0
github.com/igortoigildin/go-metrics-altering/internal/agent/app/app.go:74.2,74.12 1 0
github.com/igortoigildin/go-metrics-altering/internal/agent/app/app.go:74.12,75.7 1 0
github.com/igortoigildin/go-metrics-altering/internal/agent/app/app.go:75.7,77.11 2 0
github.com/igortoigildin/go-metrics-altering/internal/agent/app/app.go:78.22,81.11 3 0
github.com/igortoigildin/go-metrics-altering/internal/agent/app/app.go:82.12,85.14 3 0
github.com/igortoigildin/go-metrics-altering/internal/agent/app/app.go:90.2,92.56 2 0
github.com/igortoigildin/go-metrics-altering/cmd/agent/agent.go:11.13,13.16 2 0
github.com/igortoigildin/go-metrics-altering/cmd/agent/agent.go:13.16,16.3 2 0
github.com/igortoigildin/go-metrics-altering/cmd/agent/agent.go:17.2,17.60 1 0
github.com/igortoigildin/go-metrics-altering/cmd/agent/agent.go:17.60,20.3 2 0
github.com/igortoigildin/go-metrics-altering/cmd/agent/agent.go:22.2,22.14 1 0
github.com/igortoigildin/go-metrics-altering/cmd/server/main.go:14.13,16.16 2 0
github.com/igortoigildin/go-metrics-altering/cmd/server/main.go:16.16,19.3 2 0
github.com/igortoigildin/go-metrics-altering/cmd/server/main.go:21.2,21.59 1 0
github.com/igortoigildin/go-metrics-altering/cmd/server/main.go:21.59,24.3 2 0
github.com/igortoigildin/go-metrics-altering/cmd/server/main.go:26.2,27.16 2 0
github.com/igortoigildin/go-metrics-altering/cmd/server/main.go:27.16,30.3 2 0
github.com/igortoigildin/go-metrics-altering/cmd/server/main.go:32.2,32.14 1 0
github.com/igortoigildin/go-metrics-altering/cmd/staticlint/main.go:29.13,31.16 2 0
github.com/igortoigildin/go-metrics-altering/cmd/staticlint/main.go:31.16,33.3 1 0
github.com/igortoigildin/go-metrics-altering/cmd/staticlint/main.go:35.2,36.16 2 0
github.com/igortoigildin/go-metrics-altering/cmd/staticlint/main.go:36.16,38.3 1 0
github.com/igortoigildin/go-metrics-altering/cmd/staticlint/main.go:41.2,42.50 2 0
github.com/igortoigildin/go-metrics-altering/cmd/staticlint/main.go:42.50,44.3 1 0
github.com/igortoigildin/go-metrics-altering/cmd/staticlint/main.go:47.2,57.36 3 0
github.com/igortoigildin/go-metrics-altering/cmd/staticlint/main.go:57.36,59.3 1 0
github.com/igortoigildin/go-metrics-altering/cmd/staticlint/main.go:61.2,61.42 1 0
github.com/igortoigildin/go-metrics-altering/cmd/staticlint/main.go:61.42,62.30 1 0
github.com/igortoigildin/go-metrics-altering/cmd/staticlint/main.go:62.30,64.4 1 0
github.com/igortoigildin/go-metrics-altering/cmd/staticlint/main.go:92.2,94.3 1 0
github.com/igortoigildin/go-metrics-altering/cmd/staticlint/checker/checker.go:19.52,20.34 1 1
github.com/igortoigildin/go-metrics-altering/cmd/staticlint/checker/checker.go:20.34,21.46 1 1
github.com/igortoigildin/go-metrics-altering/cmd/staticlint/checker/checker.go:21.46,22.41 1 1
github.com/igortoigildin/go-metrics-altering/cmd/staticlint/checker/checker.go:22.41,23.47 1 0
github.com/igortoigildin/go-metrics-altering/cmd/staticlint/checker/checker.go:23.47,24.30 1 0
github.com/igortoigildin/go-metrics-altering/cmd/staticlint/checker/checker.go:24.30,26.7 1 0
github.com/igortoigildin/go-metrics-altering/cmd/staticlint/checker/checker.go:29.4,29.15 1 1
github.com/igortoigildin/go-metrics-altering/cmd/staticlint/checker/checker.go:32.2,32.17 1 1
github.com/igortoigildin/go-metrics-altering/config/agent/config.go:43.41,46.80 2 0
github.com/igortoigildin/go-metrics-altering/config/agent/config.go:46.80,48.3 1 0
github.com/igortoigildin/go-metrics-altering/config/agent/config.go:50.2,51.16 2 0
github.com/igortoigildin/go-metrics-altering/config/agent/config.go:51.16,53.3 1 0
github.com/igortoigildin/go-metrics-altering/config/agent/config.go:54.2,57.16 3 0
github.com/igortoigildin/go-metrics-altering/config/agent/config.go:57.16,59.3 1 0
github.com/igortoigildin/go-metrics-altering/config/agent/config.go:62.2,73.58 11 0
github.com/igortoigildin/go-metrics-altering/config/agent/config.go:73.58,75.3 1 0
github.com/igortoigildin/go-metrics-altering/config/agent/config.go:77.2,77.61 1 0
github.com/igortoigildin/go-metrics-altering/config/agent/config.go:77.61,79.3 1 0
github.com/igortoigildin/go-metrics-altering/config/agent/config.go:81.2,81.65 1 0
github.com/igortoigildin/go-metrics-altering/config/agent/config.go:81.65,83.17 2 0
github.com/igortoigildin/go-metrics-altering/config/agent/config.go:83.17,85.4 1 0
github.com/igortoigildin/go-metrics-altering/config/agent/config.go:88.2,88.59 1 0
github.com/igortoigildin/go-metrics-altering/config/agent/config.go:88.59,90.3 1 0
github.com/igortoigildin/go-metrics-altering/config/agent/config.go:92.2,92.58 1 0
github.com/igortoigildin/go-metrics-altering/config/agent/config.go:92.58,94.3 1 0
github.com/igortoigildin/go-metrics-altering/config/agent/config.go:96.2,96.80 1 0
github.com/igortoigildin/go-metrics-altering/config/agent/config.go:96.80,98.17 2 0
github.com/igortoigildin/go-metrics-altering/config/agent/config.go:98.17,100.4 1 0
github.com/igortoigildin/go-metrics-altering/config/agent/config.go:103.2,103.74 1 0
github.com/igortoigildin/go-metrics-altering/config/agent/config.go:103.74,105.17 2 0
github.com/igortoigildin/go-metrics-altering/config/agent/config.go:105.17,107.4 1 0
github.com/igortoigildin/go-metrics-altering/config/agent/config.go:110.2,110.62 1 0
github.com/igortoigildin/go-metrics-altering/config/agent/config.go:110.62,112.3 1 0
github.com/igortoigildin/go-metrics-altering/config/agent/config.go:114.2,116.17 3 0
github.com/igortoigildin/go-metrics-altering/config/server/config.go:48.42,52.78 2 0
github.com/igortoigildin/go-metrics-altering/config/server/config.go:52.78,54.3 1 0
github.com/igortoigildin/go-metrics-altering/config/server/config.go:56.2,57.16 2 0
github.com/igortoigildin/go-metrics-altering/config/server/config.go:57.16,59.3 1 0
github.com/igortoigildin/go-metrics-altering/config/server/config.go:60.2,63.16 3 0
github.com/igortoigildin/go-metrics-altering/config/server/config.go:63.16,65.3 1 0
github.com/igortoigildin/go-metrics-altering/config/server/config.go:67.2,79.58 12 0
github.com/igortoigildin/go-metrics-altering/config/server/config.go:79.58,81.3 1 0
github.com/igortoigildin/go-metrics-altering/config/server/config.go:83.2,83.59 1 0
github.com/igortoigildin/go-metrics-altering/config/server/config.go:83.59,85.3 1 0
github.com/igortoigildin/go-metrics-altering/config/server/config.go:87.2,87.61 1 0
github.com/igortoigildin/go-metrics-altering/config/server/config.go:87.61,89.3 1 0
github.com/igortoigildin/go-metrics-altering/config/server/config.go:91.2,91.62 1 0
github.com/igortoigildin/go-metrics-altering/config/server/config.go:91.62,93.3 1 0
github.com/igortoigildin/go-metrics-altering/config/server/config.go:95.2,95.54 1 0
github.com/igortoigildin/go-metrics-altering/config/server/config.go:95.54,97.3 1 0
github.com/igortoigildin/go-metrics-altering/config/server/config.go:99.2,99.81 1 0
github.com/igortoigildin/go-metrics-altering/config/server/config.go:99.81,102.17 2 0
github.com/igortoigildin/go-metrics-altering/config/server/config.go:102.17,104.4 1 0
github.com/igortoigildin/go-metrics-altering/config/server/config.go:105.3,105.28 1 0
github.com/igortoigildin/go-metrics-altering/config/server/config.go:108.2,108.72 1 0
github.com/igortoigildin/go-metrics-altering/config/server/config.go:108.72,110.3 1 0
github.com/igortoigildin/go-metrics-altering/config/server/config.go:112.2,112.59 1 0
github.com/igortoigildin/go-metrics-altering/config/server/config.go:112.59,114.3 1 0
github.com/igortoigildin/go-metrics-altering/config/server/config.go:116.2,116.66 1 0
github.com/igortoigildin/go-metrics-altering/config/server/config.go:116.66,119.17 2 0
github.com/igortoigildin/go-metrics-altering/config/server/config.go:119.17,121.4 1 0
github.com/igortoigildin/go-metrics-altering/config/server/config.go:122.3,122.22 1 0
github.com/igortoigildin/go-metrics-altering/config/server/config.go:126.2,126.21 1 0
github.com/igortoigildin/go-metrics-altering/config/server/config.go:126.21,128.3 1 0
github.com/igortoigildin/go-metrics-altering/config/server/config.go:130.2,131.17 2 0
github.com/igortoigildin/go-metrics-altering/config/server/config.go:134.42,135.27 1 0
github.com/igortoigildin/go-metrics-altering/config/server/config.go:135.27,137.3 1 0
github.com/igortoigildin/go-metrics-altering/config/server/config.go:138.2,138.28 1 0
github.com/igortoigildin/go-metrics-altering/config/server/config.go:138.28,140.3 1 0
github.com/igortoigildin/go-metrics-altering/config/server/config.go:141.2,141.29 1 0
github.com/igortoigildin/go-metrics-altering/config/server/config.go:141.29,143.3 1 0
github.com/igortoigildin/go-metrics-altering/config/server/config.go:144.2,144.13 1 0
github.com/igortoigildin/go-metrics-altering/internal/agent/agent.go:14.78,15.34 1 0
github.com/igortoigildin/go-metrics-altering/internal/agent/agent.go:15.34,17.23 1 0
github.com/igortoigildin/go-metrics-altering/internal/agent/agent.go:18.25,20.18 2 0
github.com/igortoigildin/go-metrics-altering/internal/agent/agent.go:20.18,22.5 1 0
github.com/igortoigildin/go-metrics-altering/internal/agent/agent.go:23.4,24.18 2 0
github.com/igortoigildin/go-metrics-altering/internal/agent/agent.go:24.18,26.5 1 0
github.com/igortoigildin/go-metrics-altering/internal/agent/agent.go:27.25,29.18 2 0
github.com/igortoigildin/go-metrics-altering/internal/agent/agent.go:29.18,31.5 1 0
github.com/igortoigildin/go-metrics-altering/internal/agent/agent.go:32.4,33.18 2 0
github.com/igortoigildin/go-metrics-altering/internal/agent/agent.go:33.18,35.5 1 0
github.com/igortoigildin/go-metrics-altering/internal/agent/sendJSONMetric.go:27.85,30.22 2 0
github.com/igortoigildin/go-metrics-altering/internal/agent/sendJSONMetric.go:30.22,33.3 2 0
github.com/igortoigildin/go-metrics-altering/internal/agent/sendJSONMetric.go:35.2,39.16 4 0
github.com/igortoigildin/go-metrics-altering/internal/agent/sendJSONMetric.go:39.16,42.3 2 0
github.com/igortoigildin/go-metrics-altering/internal/agent/sendJSONMetric.go:45.2,45.27 1 0
github.com/igortoigildin/go-metrics-altering/internal/agent/sendJSONMetric.go:45.27,51.3 5 0
github.com/igortoigildin/go-metrics-altering/internal/agent/sendJSONMetric.go:53.2,53.27 1 0
github.com/igortoigildin/go-metrics-altering/internal/agent/sendJSONMetric.go:53.27,55.17 2 0
github.com/igortoigildin/go-metrics-altering/internal/agent/sendJSONMetric.go:55.17,57.4 1 0
github.com/igortoigildin/go-metrics-altering/internal/agent/sendJSONMetric.go:60.3,61.17 2 0
github.com/igortoigildin/go-metrics-altering/internal/agent/sendJSONMetric.go:61.17,63.4 1 0
github.com/igortoigildin/go-metrics-altering/internal/agent/sendJSONMetric.go:66.2,67.16 2 0
github.com/igortoigildin/go-metrics-altering/internal/agent/sendJSONMetric.go:67.16,69.10 1 0
github.com/igortoigildin/go-metrics-altering/internal/agent/sendJSONMetric.go:70.26,71.89 1 0
github.com/igortoigildin/go-metrics-altering/internal/agent/sendJSONMetric.go:71.89,73.47 2 0
github.com/igortoigildin/go-metrics-altering/internal/agent/sendJSONMetric.go:73.47,74.11 1 0
github.com/igortoigildin/go-metrics-altering/internal/agent/sendJSONMetric.go:76.5,76.76 1 0
github.com/igortoigildin/go-metrics-altering/internal/agent/sendJSONMetric.go:78.4,78.30 1 0
github.com/igortoigildin/go-metrics-altering/internal/agent/sendJSONMetric.go:79.11,81.14 2 0
github.com/igortoigildin/go-metrics-altering/internal/agent/sendJSONMetric.go:85.2,86.12 2 0
github.com/igortoigildin/go-metrics-altering/internal/agent/sendJSONMetric.go:90.66,97.16 5 0
github.com/igortoigildin/go-metrics-altering/internal/agent/sendJSONMetric.go:97.16,100.3 2 0
github.com/igortoigildin/go-metrics-altering/internal/agent/sendJSONMetric.go:102.2,102.27 1 0
github.com/igortoigildin/go-metrics-altering/internal/agent/sendJSONMetric.go:102.27,108.3 5 0
github.com/igortoigildin/go-metrics-altering/internal/agent/sendJSONMetric.go:110.2,110.27 1 0
github.com/igortoigildin/go-metrics-altering/internal/agent/sendJSONMetric.go:110.27,112.17 2 0
github.com/igortoigildin/go-metrics-altering/internal/agent/sendJSONMetric.go:112.17,115.4 2 0
github.com/igortoigildin/go-metrics-altering/internal/agent/sendJSONMetric.go:117.3,118.17 2 0
github.com/igortoigildin/go-metrics-altering/internal/agent/sendJSONMetric.go:118.17,121.4 2 0
github.com/igortoigildin/go-metrics-altering/internal/agent/sendJSONMetric.go:124.2,125.16 2 0
github.com/igortoigildin/go-metrics-altering/internal/agent/sendJSONMetric.go:125.16,127.10 1 0
github.com/igortoigildin/go-metrics-altering/internal/agent/sendJSONMetric.go:128.26,129.89 1 0
github.com/igortoigildin/go-metrics-altering/internal/agent/sendJSONMetric.go:129.89,131.47 2 0
github.com/igortoigildin/go-metrics-altering/internal/agent/sendJSONMetric.go:131.47,132.11 1 0
github.com/igortoigildin/go-metrics-altering/internal/agent/sendJSONMetric.go:134.5,134.76 1 0
github.com/igortoigildin/go-metrics-altering/internal/agent/sendJSONMetric.go:136.4,136.30 1 0
github.com/igortoigildin/go-metrics-altering/internal/agent/sendJSONMetric.go:137.11,139.14 2 0
github.com/igortoigildin/go-metrics-altering/internal/agent/sendJSONMetric.go:143.2,144.12 2 0
github.com/igortoigildin/go-metrics-altering/internal/agent/sendURLMetric.go:18.65,21.16 3 0
github.com/igortoigildin/go-metrics-altering/internal/agent/sendURLMetric.go:21.16,23.3 1 0
github.com/igortoigildin/go-metrics-altering/internal/agent/sendURLMetric.go:26.2,26.27 1 0
github.com/igortoigildin/go-metrics-altering/internal/agent/sendURLMetric.go:26.27,34.3 5 0
github.com/igortoigildin/go-metrics-altering/internal/agent/sendURLMetric.go:36.2,38.16 3 0
github.com/igortoigildin/go-metrics-altering/internal/agent/sendURLMetric.go:38.16,39.10 1 0
github.com/igortoigildin/go-metrics-altering/internal/agent/sendURLMetric.go:40.26,41.89 1 0
github.com/igortoigildin/go-metrics-altering/internal/agent/sendURLMetric.go:41.89,43.42 2 0
github.com/igortoigildin/go-metrics-altering/internal/agent/sendURLMetric.go:43.42,44.11 1 0
github.com/igortoigildin/go-metrics-altering/internal/agent/sendURLMetric.go:46.5,46.76 1 0
github.com/igortoigildin/go-metrics-altering/internal/agent/sendURLMetric.go:48.4,48.30 1 0
github.com/igortoigildin/go-metrics-altering/internal/agent/sendURLMetric.go:49.11,51.14 2 0
github.com/igortoigildin/go-metrics-altering/internal/agent/sendURLMetric.go:55.2,56.12 2 0
github.com/igortoigildin/go-metrics-altering/internal/agent/sendURLMetric.go:60.84,63.16 3 0
github.com/igortoigildin/go-metrics-altering/internal/agent/sendURLMetric.go:63.16,65.3 1 0
github.com/igortoigildin/go-metrics-altering/internal/agent/sendURLMetric.go:68.2,68.27 1 0
github.com/igortoigildin/go-metrics-altering/internal/agent/sendURLMetric.go:68.27,76.3 5 0
github.com/igortoigildin/go-metrics-altering/internal/agent/sendURLMetric.go:78.2,80.16 3 0
github.com/igortoigildin/go-metrics-altering/internal/agent/sendURLMetric.go:80.16,81.10 1 0
github.com/igortoigildin/go-metrics-altering/internal/agent/sendURLMetric.go:82.26,83.89 1 0
github.com/igortoigildin/go-metrics-altering/internal/agent/sendURLMetric.go:83.89,85.42 2 0
github.com/igortoigildin/go-metrics-altering/internal/agent/sendURLMetric.go:85.42,86.11 1 0
github.com/igortoigildin/go-metrics-altering/internal/agent/sendURLMetric.go:88.5,88.76 1 0
github.com/igortoigildin/go-metrics-altering/internal/agent/sendURLMetric.go:90.4,90.30 1 0
github.com/igortoigildin/go-metrics-altering/internal/agent/sendURLMetric.go:91.11,93.14 2 0
github.com/igortoigildin/go-metrics-altering/internal/agent/sendURLMetric.go:97.2,98.12 2 0
github.com/igortoigildin/go-metrics-altering/internal/agent/app/app.go:22.35,37.12 11 0
github.com/igortoigildin/go-metrics-altering/internal/agent/app/app.go:37.12,38.7 1 0
github.com/igortoigildin/go-metrics-altering/internal/agent/app/app.go:38.7,40.11 2 0
github.com/igortoigildin/go-metrics-altering/internal/agent/app/app.go:41.22,44.11 3 0
github.com/igortoigildin/go-metrics-altering/internal/agent/app/app.go:45.12,46.39 1 0
github.com/igortoigildin/go-metrics-altering/internal/agent/app/app.go:51.2,52.12 2 0
github.com/igortoigildin/go-metrics-altering/internal/agent/app/app.go:52.12,53.7 1 0
github.com/igortoigildin/go-metrics-altering/internal/agent/app/app.go:53.7,55.11 2 0
github.com/igortoigildin/go-metrics-altering/internal/agent/app/app.go:56.22,59.11 3 0
github.com/igortoigildin/go-metrics-altering/internal/agent/app/app.go:60.12,61.38 1 0
github.com/igortoigildin/go-metrics-altering/internal/agent/app/app.go:66.2,66.42 1 0
github.com/igortoigildin/go-metrics-altering/internal/agent/app/app.go:66.42,68.13 2 0
github.com/igortoigildin/go-metrics-altering/internal/agent/app/app.go:68.13,71.4 2 0
github.com/igortoigildin/go-metrics-altering/internal/agent/app/app.go:74.2,74.12 1 0
github.com/igortoigildin/go-metrics-altering/internal/agent/app/app.go:74.12,75.7 1 0
github.com/igortoigildin/go-metrics-altering/internal/agent/app/app.go:75.7,77.11 2 0
github.com/igortoigildin/go-metrics-altering/internal/agent/app/app.go:78.22,81.11 3 0
github.com/igortoigildin/go-metrics-altering/internal/agent/app/app.go:82.12,85.14 3 0
github.com/igortoigildin/go-metrics-altering/internal/agent/app/app.go:90.2,92.56 2 0
github.com/igortoigildin/go-metrics-altering/internal/agent/memory/memory.go:33.25,38.2 1 0
github.com/igortoigildin/go-metrics-altering/internal/agent/memory/memory.go:41.93,43.42 2 0
github.com/igortoigildin/go-metrics-altering/internal/agent/memory/memory.go:43.42,46.3 2 0
github.com/igortoigildin/go-metrics-altering/internal/agent/memory/memory.go:47.2,49.23 3 0
github.com/igortoigildin/go-metrics-altering/internal/agent/memory/memory.go:53.65,54.27 1 0
github.com/igortoigildin/go-metrics-altering/internal/agent/memory/memory.go:54.27,56.3 1 0
github.com/igortoigildin/go-metrics-altering/internal/agent/memory/memory.go:58.2,59.16 2 0
github.com/igortoigildin/go-metrics-altering/internal/agent/memory/memory.go:59.16,61.3 1 0
github.com/igortoigildin/go-metrics-altering/internal/agent/memory/memory.go:62.2,63.16 2 0
github.com/igortoigildin/go-metrics-altering/internal/agent/memory/memory.go:63.16,65.3 1 0
github.com/igortoigildin/go-metrics-altering/internal/agent/memory/memory.go:66.2,70.16 5 0
github.com/igortoigildin/go-metrics-altering/internal/agent/memory/memory.go:74.66,111.2 36 0
github.com/igortoigildin/go-metrics-altering/internal/models/models.go:15.46,21.2 1 0
github.com/igortoigildin/go-metrics-altering/internal/models/models.go:24.59,30.2 1 0
github.com/igortoigildin/go-metrics-altering/internal/server/api/handlers.go:35.45,36.71 1 0
github.com/igortoigildin/go-metrics-altering/internal/server/api/handlers.go:36.71,38.33 2 0
github.com/igortoigildin/go-metrics-altering/internal/server/api/handlers.go:38.33,42.4 3 0
github.com/igortoigildin/go-metrics-altering/internal/server/api/handlers.go:43.3,44.17 2 0
github.com/igortoigildin/go-metrics-altering/internal/server/api/handlers.go:44.17,47.4 2 0
github.com/igortoigildin/go-metrics-altering/internal/server/api/handlers.go:48.3,48.31 1 0
github.com/igortoigildin/go-metrics-altering/internal/server/api/handlers.go:52.48,53.71 1 0
github.com/igortoigildin/go-metrics-altering/internal/server/api/handlers.go:53.71,56.34 2 0
github.com/igortoigildin/go-metrics-altering/internal/server/api/handlers.go:56.34,60.4 3 0
github.com/igortoigildin/go-metrics-altering/internal/server/api/handlers.go:62.3,64.17 3 0
github.com/igortoigildin/go-metrics-altering/internal/server/api/handlers.go:64.17,68.4 3 0
github.com/igortoigildin/go-metrics-altering/internal/server/api/handlers.go:71.3,71.34 1 0
github.com/igortoigildin/go-metrics-altering/internal/server/api/handlers.go:71.34,72.76 1 0
github.com/igortoigildin/go-metrics-altering/internal/server/api/handlers.go:72.76,76.5 3 0
github.com/igortoigildin/go-metrics-altering/internal/server/api/handlers.go:77.4,77.24 1 0
github.com/igortoigildin/go-metrics-altering/internal/server/api/handlers.go:78.26,80.19 2 0
github.com/igortoigildin/go-metrics-altering/internal/server/api/handlers.go:80.19,84.6 3 0
github.com/igortoigildin/go-metrics-altering/internal/server/api/handlers.go:85.26,87.19 2 0
github.com/igortoigildin/go-metrics-altering/internal/server/api/handlers.go:87.19,91.6 3 0
github.com/igortoigildin/go-metrics-altering/internal/server/api/handlers.go:94.3,94.53 1 0
github.com/igortoigildin/go-metrics-altering/internal/server/api/handlers.go:98.53,99.71 1 0
github.com/igortoigildin/go-metrics-altering/internal/server/api/handlers.go:99.71,103.34 2 0
github.com/igortoigildin/go-metrics-altering/internal/server/api/handlers.go:103.34,107.4 3 0
github.com/igortoigildin/go-metrics-altering/internal/server/api/handlers.go:110.3,111.17 2 0
github.com/igortoigildin/go-metrics-altering/internal/server/api/handlers.go:111.17,114.4 2 0
github.com/igortoigildin/go-metrics-altering/internal/server/api/handlers.go:116.3,117.17 2 0
github.com/igortoigildin/go-metrics-altering/internal/server/api/handlers.go:117.17,120.4 2 0
github.com/igortoigildin/go-metrics-altering/internal/server/api/handlers.go:121.3,125.17 3 0
github.com/igortoigildin/go-metrics-altering/internal/server/api/handlers.go:125.17,128.4 2 0
github.com/igortoigildin/go-metrics-altering/internal/server/api/handlers.go:130.3,133.17 3 0
github.com/igortoigildin/go-metrics-altering/internal/server/api/handlers.go:133.17,135.4 1 0
github.com/igortoigildin/go-metrics-altering/internal/server/api/handlers.go:137.3,137.20 1 0
github.com/igortoigildin/go-metrics-altering/internal/server/api/handlers.go:138.25,140.18 2 0
github.com/igortoigildin/go-metrics-altering/internal/server/api/handlers.go:140.18,144.5 3 0
github.com/igortoigildin/go-metrics-altering/internal/server/api/handlers.go:145.25,147.18 2 0
github.com/igortoigildin/go-metrics-altering/internal/server/api/handlers.go:147.18,151.5 3 0
github.com/igortoigildin/go-metrics-altering/internal/server/api/handlers.go:152.11,155.10 3 0
github.com/igortoigildin/go-metrics-altering/internal/server/api/handlers.go:158.3,165.17 3 0
github.com/igortoigildin/go-metrics-altering/internal/server/api/handlers.go:165.17,168.4 2 0
github.com/igortoigildin/go-metrics-altering/internal/server/api/handlers.go:172.54,173.71 1 0
github.com/igortoigildin/go-metrics-altering/internal/server/api/handlers.go:173.71,177.17 4 0
github.com/igortoigildin/go-metrics-altering/internal/server/api/handlers.go:177.17,181.4 3 0
github.com/igortoigildin/go-metrics-altering/internal/server/api/handlers.go:182.3,183.17 2 0
github.com/igortoigildin/go-metrics-altering/internal/server/api/handlers.go:183.17,186.4 2 0
github.com/igortoigildin/go-metrics-altering/internal/server/api/handlers.go:190.50,191.71 1 0
github.com/igortoigildin/go-metrics-altering/internal/server/api/handlers.go:191.71,194.33 2 0
github.com/igortoigildin/go-metrics-altering/internal/server/api/handlers.go:194.33,198.4 3 0
github.com/igortoigildin/go-metrics-altering/internal/server/api/handlers.go:200.3,202.17 3 0
github.com/igortoigildin/go-metrics-altering/internal/server/api/handlers.go:202.17,206.4 3 0
github.com/igortoigildin/go-metrics-altering/internal/server/api/handlers.go:208.3,208.69 1 0
github.com/igortoigildin/go-metrics-altering/internal/server/api/handlers.go:208.69,212.4 3 0
github.com/igortoigildin/go-metrics-altering/internal/server/api/handlers.go:214.3,219.20 2 0
github.com/igortoigildin/go-metrics-altering/internal/server/api/handlers.go:220.25,222.18 2 0
github.com/igortoigildin/go-metrics-altering/internal/server/api/handlers.go:222.18,223.12 1 0
github.com/igortoigildin/go-metrics-altering/internal/server/api/handlers.go:224.40,227.12 3 0
github.com/igortoigildin/go-metrics-altering/internal/server/api/handlers.go:228.13,231.12 3 0
github.com/igortoigildin/go-metrics-altering/internal/server/api/handlers.go:234.4,234.26 1 0
github.com/igortoigildin/go-metrics-altering/internal/server/api/handlers.go:235.25,237.18 2 0
github.com/igortoigildin/go-metrics-altering/internal/server/api/handlers.go:237.18,238.12 1 0
github.com/igortoigildin/go-metrics-altering/internal/server/api/handlers.go:239.40,242.12 3 0
github.com/igortoigildin/go-metrics-altering/internal/server/api/handlers.go:243.13,246.12 3 0
github.com/igortoigildin/go-metrics-altering/internal/server/api/handlers.go:249.4,249.26 1 0
github.com/igortoigildin/go-metrics-altering/internal/server/api/handlers.go:252.3,254.17 3 0
github.com/igortoigildin/go-metrics-altering/internal/server/api/handlers.go:254.17,257.4 2 0
github.com/igortoigildin/go-metrics-altering/internal/server/api/handlers.go:261.63,262.71 1 0
github.com/igortoigildin/go-metrics-altering/internal/server/api/handlers.go:262.71,267.21 4 0
github.com/igortoigildin/go-metrics-altering/internal/server/api/handlers.go:268.25,270.18 2 0
github.com/igortoigildin/go-metrics-altering/internal/server/api/handlers.go:270.18,274.5 3 0
github.com/igortoigildin/go-metrics-altering/internal/server/api/handlers.go:276.4,277.18 2 0
github.com/igortoigildin/go-metrics-altering/internal/server/api/handlers.go:277.18,281.5 3 0
github.com/igortoigildin/go-metrics-altering/internal/server/api/handlers.go:283.25,285.18 2 0
github.com/igortoigildin/go-metrics-altering/internal/server/api/handlers.go:285.18,289.5 3 0
github.com/igortoigildin/go-metrics-altering/internal/server/api/handlers.go:291.4,292.18 2 0
github.com/igortoigildin/go-metrics-altering/internal/server/api/handlers.go:292.18,296.5 3 0
github.com/igortoigildin/go-metrics-altering/internal/server/api/handlers.go:297.11,299.10 2 0
github.com/igortoigildin/go-metrics-altering/internal/server/api/handlers.go:301.3,301.62 1 0
github.com/igortoigildin/go-metrics-altering/internal/server/api/handlers.go:305.62,306.71 1 0
github.com/igortoigildin/go-metrics-altering/internal/server/api/handlers.go:306.71,311.21 3 0
github.com/igortoigildin/go-metrics-altering/internal/server/api/handlers.go:312.25,314.18 2 0
github.com/igortoigildin/go-metrics-altering/internal/server/api/handlers.go:314.18,318.5 3 0
github.com/igortoigildin/go-metrics-altering/internal/server/api/handlers.go:320.4,320.68 1 0
github.com/igortoigildin/go-metrics-altering/internal/server/api/handlers.go:321.25,323.18 2 0
github.com/igortoigildin/go-metrics-altering/internal/server/api/handlers.go:323.18,327.5 3 0
github.com/igortoigildin/go-metrics-altering/internal/server/api/handlers.go:329.4,329.57 1 0
github.com/igortoigildin/go-metrics-altering/internal/server/api/handlers.go:330.11,333.10 3 0
github.com/igortoigildin/go-metrics-altering/internal/server/api/router.go:18.92,31.2 10 0
github.com/igortoigildin/go-metrics-altering/internal/server/api/mocks/Storage.go:18.107,21.19 2 0
github.com/igortoigildin/go-metrics-altering/internal/server/api/mocks/Storage.go:21.19,22.45 1 0
github.com/igortoigildin/go-metrics-altering/internal/server/api/mocks/Storage.go:25.2,27.94 3 0
github.com/igortoigildin/go-metrics-altering/internal/server/api/mocks/Storage.go:27.94,29.3 1 0
github.com/igortoigildin/go-metrics-altering/internal/server/api/mocks/Storage.go:30.2,30.85 1 0
github.com/igortoigildin/go-metrics-altering/internal/server/api/mocks/Storage.go:30.85,32.3 1 0
github.com/igortoigildin/go-metrics-altering/internal/server/api/mocks/Storage.go:32.8,34.3 1 0
github.com/igortoigildin/go-metrics-altering/internal/server/api/mocks/Storage.go:36.2,36.76 1 0
github.com/igortoigildin/go-metrics-altering/internal/server/api/mocks/Storage.go:36.76,38.3 1 0
github.com/igortoigildin/go-metrics-altering/internal/server/api/mocks/Storage.go:38.8,40.3 1 0
github.com/igortoigildin/go-metrics-altering/internal/server/api/mocks/Storage.go:42.2,42.15 1 0
github.com/igortoigildin/go-metrics-altering/internal/server/api/mocks/Storage.go:46.80,49.19 2 0
github.com/igortoigildin/go-metrics-altering/internal/server/api/mocks/Storage.go:49.19,50.48 1 0
github.com/igortoigildin/go-metrics-altering/internal/server/api/mocks/Storage.go:53.2,55.86 3 0
github.com/igortoigildin/go-metrics-altering/internal/server/api/mocks/Storage.go:55.86,57.3 1 0
github.com/igortoigildin/go-metrics-altering/internal/server/api/mocks/Storage.go:58.2,58.77 1 0
github.com/igortoigildin/go-metrics-altering/internal/server/api/mocks/Storage.go:58.77,60.3 1 0
github.com/igortoigildin/go-metrics-altering/internal/server/api/mocks/Storage.go:60.8,61.24 1 0
github.com/igortoigildin/go-metrics-altering/internal/server/api/mocks/Storage.go:61.24,63.4 1 0
github.com/igortoigildin/go-metrics-altering/internal/server/api/mocks/Storage.go:66.2,66.60 1 0
github.com/igortoigildin/go-metrics-altering/internal/server/api/mocks/Storage.go:66.60,68.3 1 0
github.com/igortoigildin/go-metrics-altering/internal/server/api/mocks/Storage.go:68.8,70.3 1 0
github.com/igortoigildin/go-metrics-altering/internal/server/api/mocks/Storage.go:72.2,72.15 1 0
github.com/igortoigildin/go-metrics-altering/internal/server/api/mocks/Storage.go:76.52,79.19 2 0
github.com/igortoigildin/go-metrics-altering/internal/server/api/mocks/Storage.go:79.19,80.46 1 0
github.com/igortoigildin/go-metrics-altering/internal/server/api/mocks/Storage.go:83.2,84.60 2 0
github.com/igortoigildin/go-metrics-altering/internal/server/api/mocks/Storage.go:84.60,86.3 1 0
github.com/igortoigildin/go-metrics-altering/internal/server/api/mocks/Storage.go:86.8,88.3 1 0
github.com/igortoigildin/go-metrics-altering/internal/server/api/mocks/Storage.go:90.2,90.11 1 0
github.com/igortoigildin/go-metrics-altering/internal/server/api/mocks/Storage.go:94.117,97.19 2 0
github.com/igortoigildin/go-metrics-altering/internal/server/api/mocks/Storage.go:97.19,98.48 1 0
github.com/igortoigildin/go-metrics-altering/internal/server/api/mocks/Storage.go:101.2,102.89 2 0
github.com/igortoigildin/go-metrics-altering/internal/server/api/mocks/Storage.go:102.89,104.3 1 0
github.com/igortoigildin/go-metrics-altering/internal/server/api/mocks/Storage.go:104.8,106.3 1 0
github.com/igortoigildin/go-metrics-altering/internal/server/api/mocks/Storage.go:108.2,108.11 1 0
github.com/igortoigildin/go-metrics-altering/internal/server/api/mocks/Storage.go:116.13,120.19 3 0
github.com/igortoigildin/go-metrics-altering/internal/server/api/mocks/Storage.go:120.19,120.49 1 0
github.com/igortoigildin/go-metrics-altering/internal/server/api/mocks/Storage.go:122.2,122.13 1 0
github.com/igortoigildin/go-metrics-altering/internal/server/app/app.go:22.36,44.9 11 0
github.com/igortoigildin/go-metrics-altering/internal/server/app/app.go:45.24,46.66 1 0
github.com/igortoigildin/go-metrics-altering/internal/server/app/app.go:47.33,48.45 1 0
github.com/igortoigildin/go-metrics-altering/internal/server/app/app.go:52.2,53.16 2 0
github.com/igortoigildin/go-metrics-altering/internal/server/app/app.go:53.16,55.3 1 0
github.com/igortoigildin/go-metrics-altering/internal/server/app/app.go:57.2,57.57 1 0
github.com/igortoigildin/go-metrics-altering/internal/storage/storage.go:22.44,23.25 1 0
github.com/igortoigildin/go-metrics-altering/internal/storage/storage.go:23.25,26.3 2 0
github.com/igortoigildin/go-metrics-altering/internal/storage/storage.go:28.2,30.21 2 0
github.com/igortoigildin/go-metrics-altering/internal/storage/storage.go:30.21,32.17 2 0
github.com/igortoigildin/go-metrics-altering/internal/storage/storage.go:32.17,34.4 1 0
github.com/igortoigildin/go-metrics-altering/internal/storage/storage.go:36.2,36.29 1 0
github.com/igortoigildin/go-metrics-altering/internal/storage/storage.go:36.29,38.3 1 0
github.com/igortoigildin/go-metrics-altering/internal/storage/storage.go:39.2,39.15 1 0
github.com/igortoigildin/go-metrics-altering/internal/storage/inmemory/local.go:27.26,32.2 1 0
github.com/igortoigildin/go-metrics-altering/internal/storage/inmemory/local.go:34.57,35.36 1 0
github.com/igortoigildin/go-metrics-altering/internal/storage/inmemory/local.go:35.36,40.3 2 0
github.com/igortoigildin/go-metrics-altering/internal/storage/inmemory/local.go:40.8,45.3 2 0
github.com/igortoigildin/go-metrics-altering/internal/storage/inmemory/local.go:48.113,55.16 5 0
github.com/igortoigildin/go-metrics-altering/internal/storage/inmemory/local.go:55.16,58.3 2 0
github.com/igortoigildin/go-metrics-altering/internal/storage/inmemory/local.go:59.2,59.12 1 0
github.com/igortoigildin/go-metrics-altering/internal/storage/inmemory/local.go:62.111,69.16 5 0
github.com/igortoigildin/go-metrics-altering/internal/storage/inmemory/local.go:69.16,72.3 2 0
github.com/igortoigildin/go-metrics-altering/internal/storage/inmemory/local.go:73.2,73.20 1 0
github.com/igortoigildin/go-metrics-altering/internal/storage/inmemory/local.go:76.76,83.2 4 0
github.com/igortoigildin/go-metrics-altering/internal/storage/inmemory/local.go:86.64,88.16 2 0
github.com/igortoigildin/go-metrics-altering/internal/storage/inmemory/local.go:88.16,90.3 1 0
github.com/igortoigildin/go-metrics-altering/internal/storage/inmemory/local.go:91.2,92.59 2 0
github.com/igortoigildin/go-metrics-altering/internal/storage/inmemory/local.go:92.59,94.3 1 0
github.com/igortoigildin/go-metrics-altering/internal/storage/inmemory/local.go:96.2,99.32 3 0
github.com/igortoigildin/go-metrics-altering/internal/storage/inmemory/local.go:99.32,100.25 1 0
github.com/igortoigildin/go-metrics-altering/internal/storage/inmemory/local.go:100.25,102.4 1 0
github.com/igortoigildin/go-metrics-altering/internal/storage/inmemory/local.go:102.9,102.34 1 0
github.com/igortoigildin/go-metrics-altering/internal/storage/inmemory/local.go:102.34,104.4 1 0
github.com/igortoigildin/go-metrics-altering/internal/storage/inmemory/local.go:106.2,106.12 1 0
github.com/igortoigildin/go-metrics-altering/internal/storage/inmemory/local.go:109.56,110.20 1 0
github.com/igortoigildin/go-metrics-altering/internal/storage/inmemory/local.go:110.20,113.3 2 0
github.com/igortoigildin/go-metrics-altering/internal/storage/inmemory/local.go:115.2,115.22 1 0
github.com/igortoigildin/go-metrics-altering/internal/storage/inmemory/local.go:115.22,118.3 2 0
github.com/igortoigildin/go-metrics-altering/internal/storage/inmemory/local.go:119.2,119.12 1 0
github.com/igortoigildin/go-metrics-altering/internal/storage/inmemory/local.go:123.110,125.6 1 0
github.com/igortoigildin/go-metrics-altering/internal/storage/inmemory/local.go:125.6,130.31 3 0
github.com/igortoigildin/go-metrics-altering/internal/storage/inmemory/local.go:130.31,132.34 2 0
github.com/igortoigildin/go-metrics-altering/internal/storage/inmemory/local.go:132.34,137.13 5 0
github.com/igortoigildin/go-metrics-altering/internal/storage/inmemory/local.go:139.4,139.32 1 0
github.com/igortoigildin/go-metrics-altering/internal/storage/inmemory/local.go:139.32,144.5 4 0
github.com/igortoigildin/go-metrics-altering/internal/storage/inmemory/local.go:147.3,148.17 2 0
github.com/igortoigildin/go-metrics-altering/internal/storage/inmemory/local.go:148.17,151.4 2 0
github.com/igortoigildin/go-metrics-altering/internal/storage/inmemory/local.go:153.3,154.17 2 0
github.com/igortoigildin/go-metrics-altering/internal/storage/inmemory/local.go:154.17,157.4 2 0
github.com/igortoigildin/go-metrics-altering/internal/storage/inmemory/setMetricAlgo.go:19.91,20.22 1 0
github.com/igortoigildin/go-metrics-altering/internal/storage/inmemory/setMetricAlgo.go:20.22,22.3 1 0
github.com/igortoigildin/go-metrics-altering/internal/storage/inmemory/setMetricAlgo.go:23.2,27.12 5 0
github.com/igortoigildin/go-metrics-altering/internal/storage/inmemory/setMetricAlgo.go:30.89,40.2 7 0
github.com/igortoigildin/go-metrics-altering/internal/storage/inmemory/setMetricAlgo.go:47.89,48.20 1 0
github.com/igortoigildin/go-metrics-altering/internal/storage/inmemory/setMetricAlgo.go:48.20,50.3 1 0
github.com/igortoigildin/go-metrics-altering/internal/storage/inmemory/setMetricAlgo.go:51.2,55.12 5 0
github.com/igortoigildin/go-metrics-altering/internal/storage/inmemory/setMetricAlgo.go:57.87,67.2 7 0
github.com/igortoigildin/go-metrics-altering/internal/storage/postgres/postgres.go:27.47,31.16 3 0
github.com/igortoigildin/go-metrics-altering/internal/storage/postgres/postgres.go:31.16,33.3 1 0
github.com/igortoigildin/go-metrics-altering/internal/storage/postgres/postgres.go:34.2,37.16 3 0
github.com/igortoigildin/go-metrics-altering/internal/storage/postgres/postgres.go:37.16,39.3 1 0
github.com/igortoigildin/go-metrics-altering/internal/storage/postgres/postgres.go:41.2,42.16 2 0
github.com/igortoigildin/go-metrics-altering/internal/storage/postgres/postgres.go:42.16,44.3 1 0
github.com/igortoigildin/go-metrics-altering/internal/storage/postgres/postgres.go:45.2,45.67 1 0
github.com/igortoigildin/go-metrics-altering/internal/storage/postgres/postgres.go:45.67,47.3 1 0
github.com/igortoigildin/go-metrics-altering/internal/storage/postgres/postgres.go:48.2,54.12 3 0
github.com/igortoigildin/go-metrics-altering/internal/storage/postgres/postgres.go:57.53,58.36 1 0
github.com/igortoigildin/go-metrics-altering/internal/storage/postgres/postgres.go:58.36,63.3 2 0
github.com/igortoigildin/go-metrics-altering/internal/storage/postgres/postgres.go:63.8,68.3 2 0
github.com/igortoigildin/go-metrics-altering/internal/storage/postgres/postgres.go:71.54,73.16 2 0
github.com/igortoigildin/go-metrics-altering/internal/storage/postgres/postgres.go:73.16,75.3 1 0
github.com/igortoigildin/go-metrics-altering/internal/storage/postgres/postgres.go:76.2,76.12 1 0
github.com/igortoigildin/go-metrics-altering/internal/storage/postgres/postgres.go:79.111,82.2 2 0
github.com/igortoigildin/go-metrics-altering/internal/storage/postgres/postgres.go:84.109,87.2 2 0
github.com/igortoigildin/go-metrics-altering/internal/storage/postgres/postgres.go:89.74,92.16 3 0
github.com/igortoigildin/go-metrics-altering/internal/storage/postgres/postgres.go:92.16,94.3 1 0
github.com/igortoigildin/go-metrics-altering/internal/storage/postgres/postgres.go:95.2,96.18 2 0
github.com/igortoigildin/go-metrics-altering/internal/storage/postgres/postgres.go:96.18,100.17 4 0
github.com/igortoigildin/go-metrics-altering/internal/storage/postgres/postgres.go:100.17,102.4 1 0
github.com/igortoigildin/go-metrics-altering/internal/storage/postgres/postgres.go:103.3,103.24 1 0
github.com/igortoigildin/go-metrics-altering/internal/storage/postgres/postgres.go:105.2,106.16 2 0
github.com/igortoigildin/go-metrics-altering/internal/storage/postgres/postgres.go:106.16,108.3 1 0
github.com/igortoigildin/go-metrics-altering/internal/storage/postgres/postgres.go:109.2,110.16 2 0
github.com/igortoigildin/go-metrics-altering/internal/storage/postgres/postgres.go:110.16,112.3 1 0
github.com/igortoigildin/go-metrics-altering/internal/storage/postgres/postgres.go:113.2,114.18 2 0
github.com/igortoigildin/go-metrics-altering/internal/storage/postgres/postgres.go:114.18,118.17 4 0
github.com/igortoigildin/go-metrics-altering/internal/storage/postgres/postgres.go:118.17,120.4 1 0
github.com/igortoigildin/go-metrics-altering/internal/storage/postgres/postgres.go:121.3,121.24 1 0
github.com/igortoigildin/go-metrics-altering/internal/storage/postgres/postgres.go:123.2,124.16 2 0
github.com/igortoigildin/go-metrics-altering/internal/storage/postgres/postgres.go:124.16,126.3 1 0
github.com/igortoigildin/go-metrics-altering/internal/storage/postgres/postgres.go:127.2,127.21 1 0
github.com/igortoigildin/go-metrics-altering/internal/storage/postgres/strategy.go:22.106,25.16 2 0
github.com/igortoigildin/go-metrics-altering/internal/storage/postgres/strategy.go:25.16,28.3 2 0
github.com/igortoigildin/go-metrics-altering/internal/storage/postgres/strategy.go:29.2,29.12 1 0
github.com/igortoigildin/go-metrics-altering/internal/storage/postgres/strategy.go:32.104,36.9 3 0
github.com/igortoigildin/go-metrics-altering/internal/storage/postgres/strategy.go:37.37,39.21 2 0
github.com/igortoigildin/go-metrics-altering/internal/storage/postgres/strategy.go:40.18,42.21 2 0
github.com/igortoigildin/go-metrics-altering/internal/storage/postgres/strategy.go:44.2,44.20 1 0
github.com/igortoigildin/go-metrics-altering/internal/storage/postgres/strategy.go:51.106,54.16 2 0
github.com/igortoigildin/go-metrics-altering/internal/storage/postgres/strategy.go:54.16,57.3 2 0
github.com/igortoigildin/go-metrics-altering/internal/storage/postgres/strategy.go:58.2,58.12 1 0
github.com/igortoigildin/go-metrics-altering/internal/storage/postgres/strategy.go:61.104,65.9 3 0
github.com/igortoigildin/go-metrics-altering/internal/storage/postgres/strategy.go:66.37,68.21 2 0
github.com/igortoigildin/go-metrics-altering/internal/storage/postgres/strategy.go:69.18,71.21 2 0
github.com/igortoigildin/go-metrics-altering/internal/storage/postgres/strategy.go:73.2,73.20 1 0
github.com/igortoigildin/go-metrics-altering/pkg/crypt/decrypt.go:12.66,16.16 3 0
github.com/igortoigildin/go-metrics-altering/pkg/crypt/decrypt.go:16.16,19.3 2 0
github.com/igortoigildin/go-metrics-altering/pkg/crypt/decrypt.go:21.2,22.16 2 0
github.com/igortoigildin/go-metrics-altering/pkg/crypt/decrypt.go:22.16,25.3 2 0
github.com/igortoigildin/go-metrics-altering/pkg/crypt/decrypt.go:27.2,27.17 1 0
github.com/igortoigildin/go-metrics-altering/pkg/crypt/encrypt.go:13.63,16.16 3 0
github.com/igortoigildin/go-metrics-altering/pkg/crypt/encrypt.go:16.16,19.3 2 0
github.com/igortoigildin/go-metrics-altering/pkg/crypt/encrypt.go:21.2,22.16 2 0
github.com/igortoigildin/go-metrics-altering/pkg/crypt/encrypt.go:22.16,25.3 2 0
github.com/igortoigildin/go-metrics-altering/pkg/crypt/encrypt.go:27.2,27.24 1 0
github.com/igortoigildin/go-metrics-altering/pkg/crypt/savekey.go:22.50,24.16 2 0
github.com/igortoigildin/go-metrics-altering/pkg/crypt/savekey.go:24.16,27.3 2 0
github.com/igortoigildin/go-metrics-altering/pkg/crypt/savekey.go:29.2,30.16 2 0
github.com/igortoigildin/go-metrics-altering/pkg/crypt/savekey.go:30.16,33.3 2 0
github.com/igortoigildin/go-metrics-altering/pkg/crypt/savekey.go:35.2,36.16 2 0
github.com/igortoigildin/go-metrics-altering/pkg/crypt/savekey.go:36.16,39.3 2 0
github.com/igortoigildin/go-metrics-altering/pkg/crypt/savekey.go:41.2,42.16 2 0
github.com/igortoigildin/go-metrics-altering/pkg/crypt/savekey.go:42.16,45.3 2 0
github.com/igortoigildin/go-metrics-altering/pkg/crypt/savekey.go:46.2,46.12 1 0
github.com/igortoigildin/go-metrics-altering/pkg/crypt/savekey.go:50.72,52.16 2 0
github.com/igortoigildin/go-metrics-altering/pkg/crypt/savekey.go:52.16,55.3 2 0
github.com/igortoigildin/go-metrics-altering/pkg/crypt/savekey.go:57.2,67.16 5 0
github.com/igortoigildin/go-metrics-altering/pkg/crypt/savekey.go:67.16,70.3 2 0
github.com/igortoigildin/go-metrics-altering/pkg/crypt/savekey.go:72.2,77.41 2 0
github.com/igortoigildin/go-metrics-altering/pkg/crypt/savekey.go:80.64,82.16 2 0
github.com/igortoigildin/go-metrics-altering/pkg/crypt/savekey.go:82.16,85.3 2 0
github.com/igortoigildin/go-metrics-altering/pkg/crypt/savekey.go:86.2,86.12 1 0
github.com/igortoigildin/go-metrics-altering/pkg/httpServer/options.go:11.37,12.25 1 0
github.com/igortoigildin/go-metrics-altering/pkg/httpServer/options.go:12.25,14.3 1 0
github.com/igortoigildin/go-metrics-altering/pkg/httpServer/options.go:18.48,19.25 1 0
github.com/igortoigildin/go-metrics-altering/pkg/httpServer/options.go:19.25,21.3 1 0
github.com/igortoigildin/go-metrics-altering/pkg/httpServer/options.go:25.49,26.25 1 0
github.com/igortoigildin/go-metrics-altering/pkg/httpServer/options.go:26.25,28.3 1 0
github.com/igortoigildin/go-metrics-altering/pkg/httpServer/options.go:32.52,33.25 1 0
github.com/igortoigildin/go-metrics-altering/pkg/httpServer/options.go:33.25,35.3 1 0
github.com/igortoigildin/go-metrics-altering/pkg/httpServer/server.go:24.56,39.27 3 0
github.com/igortoigildin/go-metrics-altering/pkg/httpServer/server.go:39.27,41.3 1 0
github.com/igortoigildin/go-metrics-altering/pkg/httpServer/server.go:43.2,45.10 2 0
github.com/igortoigildin/go-metrics-altering/pkg/httpServer/server.go:48.26,49.12 1 0
github.com/igortoigildin/go-metrics-altering/pkg/httpServer/server.go:49.12,52.3 2 0
github.com/igortoigildin/go-metrics-altering/pkg/httpServer/server.go:56.40,58.2 1 0
github.com/igortoigildin/go-metrics-altering/pkg/httpServer/server.go:61.43,66.2 3 0
github.com/igortoigildin/go-metrics-altering/pkg/logger/logger.go:7.37,9.16 2 0
github.com/igortoigildin/go-metrics-altering/pkg/logger/logger.go:9.16,11.3 1 0
github.com/igortoigildin/go-metrics-altering/pkg/logger/logger.go:12.2,15.16 4 0
github.com/igortoigildin/go-metrics-altering/pkg/logger/logger.go:15.16,17.3 1 0
github.com/igortoigildin/go-metrics-altering/pkg/logger/logger.go:18.2,19.12 2 0
github.com/igortoigildin/go-metrics-altering/pkg/middlewares/auth/auth.go:17.77,18.71 1 0
github.com/igortoigildin/go-metrics-altering/pkg/middlewares/auth/auth.go:18.71,21.55 2 0
github.com/igortoigildin/go-metrics-altering/pkg/middlewares/auth/auth.go:21.55,22.21 1 0
github.com/igortoigildin/go-metrics-altering/pkg/middlewares/auth/auth.go:22.21,26.19 3 0
github.com/igortoigildin/go-metrics-altering/pkg/middlewares/auth/auth.go:26.19,30.6 3 0
github.com/igortoigildin/go-metrics-altering/pkg/middlewares/auth/auth.go:31.5,34.46 3 0
github.com/igortoigildin/go-metrics-altering/pkg/middlewares/auth/auth.go:34.46,38.6 3 0
github.com/igortoigildin/go-metrics-altering/pkg/middlewares/auth/auth.go:41.3,41.13 1 0
github.com/igortoigildin/go-metrics-altering/pkg/middlewares/auth/auth.go:46.53,51.2 4 0
github.com/igortoigildin/go-metrics-altering/pkg/middlewares/compress/compress.go:16.63,21.2 1 0
github.com/igortoigildin/go-metrics-altering/pkg/middlewares/compress/compress.go:23.47,25.2 1 0
github.com/igortoigildin/go-metrics-altering/pkg/middlewares/compress/compress.go:27.55,29.2 1 0
github.com/igortoigildin/go-metrics-altering/pkg/middlewares/compress/compress.go:31.54,32.22 1 0
github.com/igortoigildin/go-metrics-altering/pkg/middlewares/compress/compress.go:32.22,34.3 1 0
github.com/igortoigildin/go-metrics-altering/pkg/middlewares/compress/compress.go:35.2,35.29 1 0
github.com/igortoigildin/go-metrics-altering/pkg/middlewares/compress/compress.go:38.40,40.2 1 0
github.com/igortoigildin/go-metrics-altering/pkg/middlewares/compress/compress.go:47.66,49.16 2 0
github.com/igortoigildin/go-metrics-altering/pkg/middlewares/compress/compress.go:49.16,51.3 1 0
github.com/igortoigildin/go-metrics-altering/pkg/middlewares/compress/compress.go:52.2,55.8 1 0
github.com/igortoigildin/go-metrics-altering/pkg/middlewares/compress/compress.go:58.59,60.2 1 0
github.com/igortoigildin/go-metrics-altering/pkg/middlewares/compress/compress.go:62.40,63.36 1 0
github.com/igortoigildin/go-metrics-altering/pkg/middlewares/compress/compress.go:63.36,65.3 1 0
github.com/igortoigildin/go-metrics-altering/pkg/middlewares/compress/compress.go:66.2,66.21 1 0
github.com/igortoigildin/go-metrics-altering/pkg/middlewares/compress/compress.go:69.58,70.54 1 0
github.com/igortoigildin/go-metrics-altering/pkg/middlewares/compress/compress.go:70.54,74.19 4 0
github.com/igortoigildin/go-metrics-altering/pkg/middlewares/compress/compress.go:74.19,78.4 3 0
github.com/igortoigildin/go-metrics-altering/pkg/middlewares/compress/compress.go:79.3,81.16 3 0
github.com/igortoigildin/go-metrics-altering/pkg/middlewares/compress/compress.go:81.16,83.18 2 0
github.com/igortoigildin/go-metrics-altering/pkg/middlewares/compress/compress.go:83.18,86.5 2 0
github.com/igortoigildin/go-metrics-altering/pkg/middlewares/compress/compress.go:87.4,88.20 2 0
github.com/igortoigildin/go-metrics-altering/pkg/middlewares/compress/compress.go:90.3,90.21 1 0
github.com/igortoigildin/go-metrics-altering/pkg/middlewares/logging/logger.go:26.62,30.2 3 0
github.com/igortoigildin/go-metrics-altering/pkg/middlewares/logging/logger.go:32.61,35.2 2 0
github.com/igortoigildin/go-metrics-altering/pkg/middlewares/logging/logger.go:38.51,39.71 1 0
github.com/igortoigildin/go-metrics-altering/pkg/middlewares/logging/logger.go:39.71,58.3 6 0
github.com/igortoigildin/go-metrics-altering/pkg/middlewares/timeout/timeout.go:12.77,13.71 1 0
github.com/igortoigildin/go-metrics-altering/pkg/middlewares/timeout/timeout.go:13.71,20.13 5 0
github.com/igortoigildin/go-metrics-altering/pkg/middlewares/timeout/timeout.go:20.13,23.4 2 0
github.com/igortoigildin/go-metrics-altering/pkg/middlewares/timeout/timeout.go:25.3,25.10 1 0
github.com/igortoigildin/go-metrics-altering/pkg/middlewares/timeout/timeout.go:26.21,29.32 3 0
github.com/igortoigildin/go-metrics-altering/pkg/middlewares/timeout/timeout.go:30.22,30.22 0 0
github.com/igortoigildin/go-metrics-altering/pkg/processJSON/processJSON.go:17.69,21.2 3 0
github.com/igortoigildin/go-metrics-altering/pkg/processJSON/processJSON.go:23.47,25.16 2 0
github.com/igortoigildin/go-metrics-altering/pkg/processJSON/processJSON.go:25.16,27.3 1 0
github.com/igortoigildin/go-metrics-altering/pkg/processJSON/processJSON.go:28.2,28.12 1 0
github.com/igortoigildin/go-metrics-altering/pkg/processJSON/processJSON.go:31.89,33.16 2 0
github.com/igortoigildin/go-metrics-altering/pkg/processJSON/processJSON.go:33.16,35.3 1 0
github.com/igortoigildin/go-metrics-altering/pkg/processJSON/processJSON.go:36.2,37.34 2 0
github.com/igortoigildin/go-metrics-altering/pkg/processJSON/processJSON.go:37.34,39.3 1 0
github.com/igortoigildin/go-metrics-altering/pkg/processJSON/processJSON.go:41.2,44.12 4 0
github.com/igortoigildin/go-metrics-altering/pkg/processMap/processMap.go:4.90,6.22 2 0
github.com/igortoigildin/go-metrics-altering/pkg/processMap/processMap.go:6.22,8.3 1 0
github.com/igortoigildin/go-metrics-altering/pkg/processMap/processMap.go:9.2,9.22 1 0
github.com/igortoigildin/go-metrics-altering/pkg/processMap/processMap.go:9.22,11.3 1 0
github.com/igortoigildin/go-metrics-altering/pkg/processMap/processMap.go:12.2,12.10 1 0
github.com/igortoigildin/go-metrics-altering/templates/fs.go:12.41,14.16 2 0
github.com/igortoigildin/go-metrics-altering/templates/fs.go:14.16,16.3 1 0
github.com/igortoigildin/go-metrics-altering/templates/fs.go:17.2,17.10 1 0
github.com/igortoigildin/go-metrics-altering/cmd/agent/agent.go:11.13,13.16 2 0
github.com/igortoigildin/go-metrics-altering/cmd/agent/agent.go:13.16,16.3 2 0
github.com/igortoigildin/go-metrics-altering/cmd/agent/agent.go:17.2,17.60 1 0
github.com/igortoigildin/go-metrics-altering/cmd/agent/agent.go:17.60,20.3 2 0
github.com/igortoigildin/go-metrics-altering/cmd/agent/agent.go:22.2,22.14 1 0
github.com/igortoigildin/go-metrics-altering/cmd/server/main.go:14.13,16.16 2 0
github.com/igortoigildin/go-metrics-altering/cmd/server/main.go:16.16,19.3 2 0
github.com/igortoigildin/go-metrics-altering/cmd/server/main.go:21.2,21.59 1 0
github.com/igortoigildin/go-metrics-altering/cmd/server/main.go:21.59,24.3 2 0
github.com/igortoigildin/go-metrics-altering/cmd/server/main.go:26.2,27.16 2 0
github.com/igortoigildin/go-metrics-altering/cmd/server/main.go:27.16,30.3 2 0
github.com/igortoigildin/go-metrics-altering/cmd/server/main.go:32.2,32.14 1 0
github.com/igortoigildin/go-metrics-altering/cmd/staticlint/main.go:29.13,31.16 2 0
github.com/igortoigildin/go-metrics-altering/cmd/staticlint/main.go:31.16,33.3 1 0
github.com/igortoigildin/go-metrics-altering/cmd/staticlint/main.go:35.2,36.16 2 0
github.com/igortoigildin/go-metrics-altering/cmd/staticlint/main.go:36.16,38.3 1 0
github.com/igortoigildin/go-metrics-altering/cmd/staticlint/main.go:41.2,42.50 2 0
github.com/igortoigildin/go-metrics-altering/cmd/staticlint/main.go:42.50,44.3 1 0
github.com/igortoigildin/go-metrics-altering/cmd/staticlint/main.go:47.2,57.36 3 0
github.com/igortoigildin/go-metrics-altering/cmd/staticlint/main.go:57.36,59.3 1 0
github.com/igortoigildin/go-metrics-altering/cmd/staticlint/main.go:61.2,61.42 1 0
github.com/igortoigildin/go-metrics-altering/cmd/staticlint/main.go:61.42,62.30 1 0
github.com/igortoigildin/go-metrics-altering/cmd/staticlint/main.go:62.30,64.4 1 0
github.com/igortoigildin/go-metrics-altering/cmd/staticlint/main.go:92.2,94.3 1 0
github.com/igortoigildin/go-metrics-altering/cmd/staticlint/checker/checker.go:19.52,20.34 1 0
github.com/igortoigildin/go-metrics-altering/cmd/staticlint/checker/checker.go:20.34,21.46 1 0
github.com/igortoigildin/go-metrics-altering/cmd/staticlint/checker/checker.go:21.46,22.41 1 0
github.com/igortoigildin/go-metrics-altering/cmd/staticlint/checker/checker.go:22.41,23.47 1 0
github.com/igortoigildin/go-metrics-altering/cmd/staticlint/checker/checker.go:23.47,24.30 1 0
github.com/igortoigildin/go-metrics-altering/cmd/staticlint/checker/checker.go:24.30,26.7 1 0
github.com/igortoigildin/go-metrics-altering/cmd/staticlint/checker/checker.go:29.4,29.15 1 0
github.com/igortoigildin/go-metrics-altering/cmd/staticlint/checker/checker.go:32.2,32.17 1 0
github.com/igortoigildin/go-metrics-altering/config/agent/config.go:43.41,46.80 2 1
github.com/igortoigildin/go-metrics-altering/config/agent/config.go:46.80,48.3 1 1
github.com/igortoigildin/go-metrics-altering/config/agent/config.go:50.2,51.16 2 1
github.com/igortoigildin/go-metrics-altering/config/agent/config.go:51.16,53.3 1 1
github.com/igortoigildin/go-metrics-altering/config/agent/config.go:54.2,57.16 3 1
github.com/igortoigildin/go-metrics-altering/config/agent/config.go:57.16,59.3 1 1
github.com/igortoigildin/go-metrics-altering/config/agent/config.go:62.2,73.58 11 1
github.com/igortoigildin/go-metrics-altering/config/agent/config.go:73.58,75.3 1 1
github.com/igortoigildin/go-metrics-altering/config/agent/config.go:77.2,77.61 1 1
github.com/igortoigildin/go-metrics-altering/config/agent/config.go:77.61,79.3 1 0
github.com/igortoigildin/go-metrics-altering/config/agent/config.go:81.2,81.65 1 1
github.com/igortoigildin/go-metrics-altering/config/agent/config.go:81.65,83.17 2 1
github.com/igortoigildin/go-metrics-altering/config/agent/config.go:83.17,85.4 1 0
github.com/igortoigildin/go-metrics-altering/config/agent/config.go:88.2,88.59 1 1
github.com/igortoigildin/go-metrics-altering/config/agent/config.go:88.59,90.3 1 0
github.com/igortoigildin/go-metrics-altering/config/agent/config.go:92.2,92.58 1 1
github.com/igortoigildin/go-metrics-altering/config/agent/config.go:92.58,94.3 1 1
github.com/igortoigildin/go-metrics-altering/config/agent/config.go:96.2,96.80 1 1
github.com/igortoigildin/go-metrics-altering/config/agent/config.go:96.80,98.17 2 1
github.com/igortoigildin/go-metrics-altering/config/agent/config.go:98.17,100.4 1 0
github.com/igortoigildin/go-metrics-altering/config/agent/config.go:103.2,103.74 1 1
github.com/igortoigildin/go-metrics-altering/config/agent/config.go:103.74,105.17 2 1
github.com/igortoigildin/go-metrics-altering/config/agent/config.go:105.17,107.4 1 0
github.com/igortoigildin/go-metrics-altering/config/agent/config.go:110.2,110.62 1 1
github.com/igortoigildin/go-metrics-altering/config/agent/config.go:110.62,112.3 1 1
github.com/igortoigildin/go-metrics-altering/config/agent/config.go:114.2,116.17 3 1
github.com/igortoigildin/go-metrics-altering/config/server/config.go:48.42,52.78 2 0
github.com/igortoigildin/go-metrics-altering/config/server/config.go:52.78,54.3 1 0
github.com/igortoigildin/go-metrics-altering/config/server/config.go:56.2,57.16 2 0
github.com/igortoigildin/go-metrics-altering/config/server/config.go:57.16,59.3 1 0
github.com/igortoigildin/go-metrics-altering/config/server/config.go:60.2,63.16 3 0
github.com/igortoigildin/go-metrics-altering/config/server/config.go:63.16,65.3 1 0
github.com/igortoigildin/go-metrics-altering/config/server/config.go:67.2,79.58 12 0
github.com/igortoigildin/go-metrics-altering/config/server/config.go:79.58,81.3 1 0
github.com/igortoigildin/go-metrics-altering/config/server/config.go:83.2,83.59 1 0
github.com/igortoigildin/go-metrics-altering/config/server/config.go:83.59,85.3 1 0
github.com/igortoigildin/go-metrics-altering/config/server/config.go:87.2,87.61 1 0
github.com/igortoigildin/go-metrics-altering/config/server/config.go:87.61,89.3 1 0
github.com/igortoigildin/go-metrics-altering/config/server/config.go:91.2,91.62 1 0
github.com/igortoigildin/go-metrics-altering/config/server/config.go:91.62,93.3 1 0
github.com/igortoigildin/go-metrics-altering/config/server/config.go:95.2,95.54 1 0
github.com/igortoigildin/go-metrics-altering/config/server/config.go:95.54,97.3 1 0
github.com/igortoigildin/go-metrics-altering/config/server/config.go:99.2,99.81 1 0
github.com/igortoigildin/go-metrics-altering/config/server/config.go:99.81,102.17 2 0
github.com/igortoigildin/go-metrics-altering/config/server/config.go:102.17,104.4 1 0
github.com/igortoigildin/go-metrics-altering/config/server/config.go:105.3,105.28 1 0
github.com/igortoigildin/go-metrics-altering/config/server/config.go:108.2,108.72 1 0
github.com/igortoigildin/go-metrics-altering/config/server/config.go:108.72,110.3 1 0
github.com/igortoigildin/go-metrics-altering/config/server/config.go:112.2,112.59 1 0
github.com/igortoigildin/go-metrics-altering/config/server/config.go:112.59,114.3 1 0
github.com/igortoigildin/go-metrics-altering/config/server/config.go:116.2,116.66 1 0
github.com/igortoigildin/go-metrics-altering/config/server/config.go:116.66,119.17 2 0
github.com/igortoigildin/go-metrics-altering/config/server/config.go:119.17,121.4 1 0
github.com/igortoigildin/go-metrics-altering/config/server/config.go:122.3,122.22 1 0
github.com/igortoigildin/go-metrics-altering/config/server/config.go:126.2,126.21 1 0
github.com/igortoigildin/go-metrics-altering/config/server/config.go:126.21,128.3 1 0
github.com/igortoigildin/go-metrics-altering/config/server/config.go:130.2,131.17 2 0
github.com/igortoigildin/go-metrics-altering/config/server/config.go:134.42,135.27 1 0
github.com/igortoigildin/go-metrics-altering/config/server/config.go:135.27,137.3 1 0
github.com/igortoigildin/go-metrics-altering/config/server/config.go:138.2,138.28 1 0
github.com/igortoigildin/go-metrics-altering/config/server/config.go:138.28,140.3 1 0
github.com/igortoigildin/go-metrics-altering/config/server/config.go:141.2,141.29 1 0
github.com/igortoigildin/go-metrics-altering/config/server/config.go:141.29,143.3 1 0
github.com/igortoigildin/go-metrics-altering/config/server/config.go:144.2,144.13 1 0
github.com/igortoigildin/go-metrics-altering/internal/agent/agent.go:14.78,15.34 1 0
github.com/igortoigildin/go-metrics-altering/internal/agent/agent.go:15.34,17.23 1 0
github.com/igortoigildin/go-metrics-altering/internal/agent/agent.go:18.25,20.18 2 0
github.com/igortoigildin/go-metrics-altering/internal/agent/agent.go:20.18,22.5 1 0
github.com/igortoigildin/go-metrics-altering/internal/agent/agent.go:23.4,24.18 2 0
github.com/igortoigildin/go-metrics-altering/internal/agent/agent.go:24.18,26.5 1 0
github.com/igortoigildin/go-metrics-altering/internal/agent/agent.go:27.25,29.18 2 0
github.com/igortoigildin/go-metrics-altering/internal/agent/agent.go:29.18,31.5 1 0
github.com/igortoigildin/go-metrics-altering/internal/agent/agent.go:32.4,33.18 2 0
github.com/igortoigildin/go-metrics-altering/internal/agent/agent.go:33.18,35.5 1 0
github.com/igortoigildin/go-metrics-altering/internal/agent/sendJSONMetric.go:27.85,30.22 2 0
github.com/igortoigildin/go-metrics-altering/internal/agent/sendJSONMetric.go:30.22,33.3 2 0
github.com/igortoigildin/go-metrics-altering/internal/agent/sendJSONMetric.go:35.2,39.16 4 0
github.com/igortoigildin/go-metrics-altering/internal/agent/sendJSONMetric.go:39.16,42.3 2 0
github.com/igortoigildin/go-metrics-altering/internal/agent/sendJSONMetric.go:45.2,45.27 1 0
github.com/igortoigildin/go-metrics-altering/internal/agent/sendJSONMetric.go:45.27,51.3 5 0
github.com/igortoigildin/go-metrics-altering/internal/agent/sendJSONMetric.go:53.2,53.27 1 0
github.com/igortoigildin/go-metrics-altering/internal/agent/sendJSONMetric.go:53.27,55.17 2 0
github.com/igortoigildin/go-metrics-altering/internal/agent/sendJSONMetric.go:55.17,57.4 1 0
github.com/igortoigildin/go-metrics-altering/internal/agent/sendJSONMetric.go:60.3,61.17 2 0
github.com/igortoigildin/go-metrics-altering/internal/agent/sendJSONMetric.go:61.17,63.4 1 0
github.com/igortoigildin/go-metrics-altering/internal/agent/sendJSONMetric.go:66.2,67.16 2 0
github.com/igortoigildin/go-metrics-altering/internal/agent/sendJSONMetric.go:67.16,69.10 1 0
github.com/igortoigildin/go-metrics-altering/internal/agent/sendJSONMetric.go:70.26,71.89 1 0
github.com/igortoigildin/go-metrics-altering/internal/agent/sendJSONMetric.go:71.89,73.47 2 0
github.com/igortoigildin/go-metrics-altering/internal/agent/sendJSONMetric.go:73.47,74.11 1 0
github.com/igortoigildin/go-metrics-altering/internal/agent/sendJSONMetric.go:76.5,76.76 1 0
github.com/igortoigildin/go-metrics-altering/internal/agent/sendJSONMetric.go:78.4,78.30 1 0
github.com/igortoigildin/go-metrics-altering/internal/agent/sendJSONMetric.go:79.11,81.14 2 0
github.com/igortoigildin/go-metrics-altering/internal/agent/sendJSONMetric.go:85.2,86.12 2 0
github.com/igortoigildin/go-metrics-altering/internal/agent/sendJSONMetric.go:90.66,97.16 5 0
github.com/igortoigildin/go-metrics-altering/internal/agent/sendJSONMetric.go:97.16,100.3 2 0
github.com/igortoigildin/go-metrics-altering/internal/agent/sendJSONMetric.go:102.2,102.27 1 0
github.com/igortoigildin/go-metrics-altering/internal/agent/sendJSONMetric.go:102.27,108.3 5 0
github.com/igortoigildin/go-metrics-altering/internal/agent/sendJSONMetric.go:110.2,110.27 1 0
github.com/igortoigildin/go-metrics-altering/internal/agent/sendJSONMetric.go:110.27,112.17 2 0
github.com/igortoigildin/go-metrics-altering/internal/agent/sendJSONMetric.go:112.17,115.4 2 0
github.com/igortoigildin/go-metrics-altering/internal/agent/sendJSONMetric.go:117.3,118.17 2 0
github.com/igortoigildin/go-metrics-altering/internal/agent/sendJSONMetric.go:118.17,121.4 2 0
github.com/igortoigildin/go-metrics-altering/internal/agent/sendJSONMetric.go:124.2,125.16 2 0
github.com/igortoigildin/go-metrics-altering/internal/agent/sendJSONMetric.go:125.16,127.10 1 0
github.com/igortoigildin/go-metrics-altering/internal/agent/sendJSONMetric.go:128.26,129.89 1 0
github.com/igortoigildin/go-metrics-altering/internal/agent/sendJSONMetric.go:129.89,131.47 2 0
github.com/igortoigildin/go-metrics-altering/internal/agent/sendJSONMetric.go:131.47,132.11 1 0
github.com/igortoigildin/go-metrics-altering/internal/agent/sendJSONMetric.go:134.5,134.76 1 0
github.com/igortoigildin/go-metrics-altering/internal/agent/sendJSONMetric.go:136.4,136.30 1 0
github.com/igortoigildin/go-metrics-altering/internal/agent/sendJSONMetric.go:137.11,139.14 2 0
github.com/igortoigildin/go-metrics-altering/internal/agent/sendJSONMetric.go:143.2,144.12 2 0
github.com/igortoigildin/go-metrics-altering/internal/agent/sendURLMetric.go:18.65,21.16 3 0
github.com/igortoigildin/go-metrics-altering/internal/agent/sendURLMetric.go:21.16,23.3 1 0
github.com/igortoigildin/go-metrics-altering/internal/agent/sendURLMetric.go:26.2,26.27 1 0
github.com/igortoigildin/go-metrics-altering/internal/agent/sendURLMetric.go:26.27,34.3 5 0
github.com/igortoigildin/go-metrics-altering/internal/agent/sendURLMetric.go:36.2,38.16 3 0
github.com/igortoigildin/go-metrics-altering/internal/agent/sendURLMetric.go:38.16,39.10 1 0
github.com/igortoigildin/go-metrics-altering/internal/agent/sendURLMetric.go:40.26,41.89 1 0
github.com/igortoigildin/go-metrics-altering/internal/agent/sendURLMetric.go:41.89,43.42 2 0
github.com/igortoigildin/go-metrics-altering/internal/agent/sendURLMetric.go:43.42,44.11 1 0
github.com/igortoigildin/go-metrics-altering/internal/agent/sendURLMetric.go:46.5,46.76 1 0
github.com/igortoigildin/go-metrics-altering/internal/agent/sendURLMetric.go:48.4,48.30 1 0
github.com/igortoigildin/go-metrics-altering/internal/agent/sendURLMetric.go:49.11,51.14 2 0
github.com/igortoigildin/go-metrics-altering/internal/agent/sendURLMetric.go:55.2,56.12 2 0
github.com/igortoigildin/go-metrics-altering/internal/agent/sendURLMetric.go:60.84,63.16 3 0
github.com/igortoigildin/go-metrics-altering/internal/agent/sendURLMetric.go:63.16,65.3 1 0
github.com/igortoigildin/go-metrics-altering/internal/agent/sendURLMetric.go:68.2,68.27 1 0
github.com/igortoigildin/go-metrics-altering/internal/agent/sendURLMetric.go:68.27,76.3 5 0
github.com/igortoigildin/go-metrics-altering/internal/agent/sendURLMetric.go:78.2,80.16 3 0
github.com/igortoigildin/go-metrics-altering/internal/agent/sendURLMetric.go:80.16,81.10 1 0
github.com/igortoigildin/go-metrics-altering/internal/agent/sendURLMetric.go:82.26,83.89 1 0
github.com/igortoigildin/go-metrics-altering/internal/agent/sendURLMetric.go:83.89,85.42 2 0
github.com/igortoigildin/go-metrics-altering/internal/agent/sendURLMetric.go:85.42,86.11 1 0
github.com/igortoigildin/go-metrics-altering/internal/agent/sendURLMetric.go:88.5,88.76 1 0
github.com/igortoigildin/go-metrics-altering/internal/agent/sendURLMetric.go:90.4,90.30 1 0
github.com/igortoigildin/go-metrics-altering/internal/agent/sendURLMetric.go:91.11,93.14 2 0
github.com/igortoigildin/go-metrics-altering/internal/agent/sendURLMetric.go:97.2,98.12 2 0
github.com/igortoigildin/go-metrics-altering/internal/agent/app/app.go:22.35,37.12 11 0
github.com/igortoigildin/go-metrics-altering/internal/agent/app/app.go:37.12,38.7 1 0
github.com/igortoigildin/go-metrics-altering/internal/agent/app/app.go:38.7,40.11 2 0
github.com/igortoigildin/go-metrics-altering/internal/agent/app/app.go:41.22,44.11 3 0
github.com/igortoigildin/go-metrics-altering/internal/agent/app/app.go:45.12,46.39 1 0
github.com/igortoigildin/go-metrics-altering/internal/agent/app/app.go:51.2,52.12 2 0
github.com/igortoigildin/go-metrics-altering/internal/agent/app/app.go:52.12,53.7 1 0
github.com/igortoigildin/go-metrics-altering/internal/agent/app/app.go:53.7,55.11 2 0
github.com/igortoigildin/go-metrics-altering/internal/agent/app/app.go:56.22,59.11 3 0
github.com/igortoigildin/go-metrics-altering/internal/agent/app/app.go:60.12,61.38 1 0
github.com/igortoigildin/go-metrics-altering/internal/agent/app/app.go:66.2,66.42 1 0
github.com/igortoigildin/go-metrics-altering/internal/agent/app/app.go:66.42,68.13 2 0
github.com/igortoigildin/go-metrics-altering/internal/agent/app/app.go:68.13,71.4 2 0
github.com/igortoigildin/go-metrics-altering/internal/agent/app/app.go:74.2,74.12 1 0
github.com/igortoigildin/go-metrics-altering/internal/agent/app/app.go:74.12,75.7 1 0
github.com/igortoigildin/go-metrics-altering/internal/agent/app/app.go:75.7,77.11 2 0
github.com/igortoigildin/go-metrics-altering/internal/agent/app/app.go:78.22,81.11 3 0
github.com/igortoigildin/go-metrics-altering/internal/agent/app/app.go:82.12,85.14 3 0
github.com/igortoigildin/go-metrics-altering/internal/agent/app/app.go:90.2,92.56 2 0
github.com/igortoigildin/go-metrics-altering/internal/agent/memory/memory.go:33.25,38.2 1 0
github.com/igortoigildin/go-metrics-altering/internal/agent/memory/memory.go:41.93,43.42 2 0
github.com/igortoigildin/go-metrics-altering/internal/agent/memory/memory.go:43.42,46.3 2 0
github.com/igortoigildin/go-metrics-altering/internal/agent/memory/memory.go:47.2,49.23 3 0
github.com/igortoigildin/go-metrics-altering/internal/agent/memory/memory.go:53.65,54.27 1 0
github.com/igortoigildin/go-metrics-altering/internal/agent/memory/memory.go:54.27,56.3 1 0
github.com/igortoigildin/go-metrics-altering/internal/agent/memory/memory.go:58.2,59.16 2 0
github.com/igortoigildin/go-metrics-altering/internal/agent/memory/memory.go:59.16,61.3 1 0
github.com/igortoigildin/go-metrics-altering/internal/agent/memory/memory.go:62.2,63.16 2 0
github.com/igortoigildin/go-metrics-altering/internal/agent/memory/memory.go:63.16,65.3 1 0
github.com/igortoigildin/go-metrics-altering/internal/agent/memory/memory.go:66.2,70.16 5 0
github.com/igortoigildin/go-metrics-altering/internal/agent/memory/memory.go:74.66,111.2 36 0
github.com/igortoigildin/go-metrics-altering/internal/models/models.go:15.46,21.2 1 0
github.com/igortoigildin/go-metrics-altering/internal/models/models.go:24.59,30.2 1 0
github.com/igortoigildin/go-metrics-altering/internal/server/api/handlers.go:35.45,36.71 1 0
github.com/igortoigildin/go-metrics-altering/internal/server/api/handlers.go:36.71,38.33 2 0
github.com/igortoigildin/go-metrics-altering/internal/server/api/handlers.go:38.33,42.4 3 0
github.com/igortoigildin/go-metrics-altering/internal/server/api/handlers.go:43.3,44.17 2 0
github.com/igortoigildin/go-metrics-altering/internal/server/api/handlers.go:44.17,47.4 2 0
github.com/igortoigildin/go-metrics-altering/internal/server/api/handlers.go:48.3,48.31 1 0
github.com/igortoigildin/go-metrics-altering/internal/server/api/handlers.go:52.48,53.71 1 0
github.com/igortoigildin/go-metrics-altering/internal/server/api/handlers.go:53.71,56.34 2 0
github.com/igortoigildin/go-metrics-altering/internal/server/api/handlers.go:56.34,60.4 3 0
github.com/igortoigildin/go-metrics-altering/internal/server/api/handlers.go:62.3,64.17 3 0
github.com/igortoigildin/go-metrics-altering/internal/server/api/handlers.go:64.17,68.4 3 0
github.com/igortoigildin/go-metrics-altering/internal/server/api/handlers.go:71.3,71.34 1 0
github.com/igortoigildin/go-metrics-altering/internal/server/api/handlers.go:71.34,72.76 1 0
github.com/igortoigildin/go-metrics-altering/internal/server/api/handlers.go:72.76,76.5 3 0
github.com/igortoigildin/go-metrics-altering/internal/server/api/handlers.go:77.4,77.24 1 0
github.com/igortoigildin/go-metrics-altering/internal/server/api/handlers.go:78.26,80.19 2 0
github.com/igortoigildin/go-metrics-altering/internal/server/api/handlers.go:80.19,84.6 3 0
github.com/igortoigildin/go-metrics-altering/internal/server/api/handlers.go:85.26,87.19 2 0
github.com/igortoigildin/go-metrics-altering/internal/server/api/handlers.go:87.19,91.6 3 0
github.com/igortoigildin/go-metrics-altering/internal/server/api/handlers.go:94.3,94.53 1 0
github.com/igortoigildin/go-metrics-altering/internal/server/api/handlers.go:98.53,99.71 1 0
github.com/igortoigildin/go-metrics-altering/internal/server/api/handlers.go:99.71,103.34 2 0
github.com/igortoigildin/go-metrics-altering/internal/server/api/handlers.go:103.34,107.4 3 0
github.com/igortoigildin/go-metrics-altering/internal/server/api/handlers.go:110.3,111.17 2 0
github.com/igortoigildin/go-metrics-altering/internal/server/api/handlers.go:111.17,114.4 2 0
github.com/igortoigildin/go-metrics-altering/internal/server/api/handlers.go:116.3,117.17 2 0
github.com/igortoigildin/go-metrics-altering/internal/server/api/handlers.go:117.17,120.4 2 0
github.com/igortoigildin/go-metrics-altering/internal/server/api/handlers.go:121.3,125.17 3 0
github.com/igortoigildin/go-metrics-altering/internal/server/api/handlers.go:125.17,128.4 2 0
github.com/igortoigildin/go-metrics-altering/internal/server/api/handlers.go:130.3,133.17 3 0
github.com/igortoigildin/go-metrics-altering/internal/server/api/handlers.go:133.17,135.4 1 0
github.com/igortoigildin/go-metrics-altering/internal/server/api/handlers.go:137.3,137.20 1 0
github.com/igortoigildin/go-metrics-altering/internal/server/api/handlers.go:138.25,140.18 2 0
github.com/igortoigildin/go-metrics-altering/internal/server/api/handlers.go:140.18,144.5 3 0
github.com/igortoigildin/go-metrics-altering/internal/server/api/handlers.go:145.25,147.18 2 0
github.com/igortoigildin/go-metrics-altering/internal/server/api/handlers.go:147.18,151.5 3 0
github.com/igortoigildin/go-metrics-altering/internal/server/api/handlers.go:152.11,155.10 3 0
github.com/igortoigildin/go-metrics-altering/internal/server/api/handlers.go:158.3,165.17 3 0
github.com/igortoigildin/go-metrics-altering/internal/server/api/handlers.go:165.17,168.4 2 0
github.com/igortoigildin/go-metrics-altering/internal/server/api/handlers.go:172.54,173.71 1 0
github.com/igortoigildin/go-metrics-altering/internal/server/api/handlers.go:173.71,177.17 4 0
github.com/igortoigildin/go-metrics-altering/internal/server/api/handlers.go:177.17,181.4 3 0
github.com/igortoigildin/go-metrics-altering/internal/server/api/handlers.go:182.3,183.17 2 0
github.com/igortoigildin/go-metrics-altering/internal/server/api/handlers.go:183.17,186.4 2 0
github.com/igortoigildin/go-metrics-altering/internal/server/api/handlers.go:190.50,191.71 1 0
github.com/igortoigildin/go-metrics-altering/internal/server/api/handlers.go:191.71,194.33 2 0
github.com/igortoigildin/go-metrics-altering/internal/server/api/handlers.go:194.33,198.4 3 0
github.com/igortoigildin/go-metrics-altering/internal/server/api/handlers.go:200.3,202.17 3 0
github.com/igortoigildin/go-metrics-altering/internal/server/api/handlers.go:202.17,206.4 3 0
github.com/igortoigildin/go-metrics-altering/internal/server/api/handlers.go:208.3,208.69 1 0
github.com/igortoigildin/go-metrics-altering/internal/server/api/handlers.go:208.69,212.4 3 0
github.com/igortoigildin/go-metrics-altering/internal/server/api/handlers.go:214.3,219.20 2 0
github.com/igortoigildin/go-metrics-altering/internal/server/api/handlers.go:220.25,222.18 2 0
github.com/igortoigildin/go-metrics-altering/internal/server/api/handlers.go:222.18,223.12 1 0
github.com/igortoigildin/go-metrics-altering/internal/server/api/handlers.go:224.40,227.12 3 0
github.com/igortoigildin/go-metrics-altering/internal/server/api/handlers.go:228.13,231.12 3 0
github.com/igortoigildin/go-metrics-altering/internal/server/api/handlers.go:234.4,234.26 1 0
github.com/igortoigildin/go-metrics-altering/internal/server/api/handlers.go:235.25,237.18 2 0
github.com/igortoigildin/go-metrics-altering/internal/server/api/handlers.go:237.18,238.12 1 0
github.com/igortoigildin/go-metrics-altering/internal/server/api/handlers.go:239.40,242.12 3 0
github.com/igortoigildin/go-metrics-altering/internal/server/api/handlers.go:243.13,246.12 3 0
github.com/igortoigildin/go-metrics-altering/internal/server/api/handlers.go:249.4,249.26 1 0
github.com/igortoigildin/go-metrics-altering/internal/server/api/handlers.go:252.3,254.17 3 0
github.com/igortoigildin/go-metrics-altering/internal/server/api/handlers.go:254.17,257.4 2 0
github.com/igortoigildin/go-metrics-altering/internal/server/api/handlers.go:261.63,262.71 1 0
github.com/igortoigildin/go-metrics-altering/internal/server/api/handlers.go:262.71,267.21 4 0
github.com/igortoigildin/go-metrics-altering/internal/server/api/handlers.go:268.25,270.18 2 0
github.com/igortoigildin/go-metrics-altering/internal/server/api/handlers.go:270.18,274.5 3 0
github.com/igortoigildin/go-metrics-altering/internal/server/api/handlers.go:276.4,277.18 2 0
github.com/igortoigildin/go-metrics-altering/internal/server/api/handlers.go:277.18,281.5 3 0
github.com/igortoigildin/go-metrics-altering/internal/server/api/handlers.go:283.25,285.18 2 0
github.com/igortoigildin/go-metrics-altering/internal/server/api/handlers.go:285.18,289.5 3 0
github.com/igortoigildin/go-metrics-altering/internal/server/api/handlers.go:291.4,292.18 2 0
github.com/igortoigildin/go-metrics-altering/internal/server/api/handlers.go:292.18,296.5 3 0
github.com/igortoigildin/go-metrics-altering/internal/server/api/handlers.go:297.11,299.10 2 0
github.com/igortoigildin/go-metrics-altering/internal/server/api/handlers.go:301.3,301.62 1 0
github.com/igortoigildin/go-metrics-altering/internal/server/api/handlers.go:305.62,306.71 1 0
github.com/igortoigildin/go-metrics-altering/internal/server/api/handlers.go:306.71,311.21 3 0
github.com/igortoigildin/go-metrics-altering/internal/server/api/handlers.go:312.25,314.18 2 0
github.com/igortoigildin/go-metrics-altering/internal/server/api/handlers.go:314.18,318.5 3 0
github.com/igortoigildin/go-metrics-altering/internal/server/api/handlers.go:320.4,320.68 1 0
github.com/igortoigildin/go-metrics-altering/internal/server/api/handlers.go:321.25,323.18 2 0
github.com/igortoigildin/go-metrics-altering/internal/server/api/handlers.go:323.18,327.5 3 0
github.com/igortoigildin/go-metrics-altering/internal/server/api/handlers.go:329.4,329.57 1 0
github.com/igortoigildin/go-metrics-altering/internal/server/api/handlers.go:330.11,333.10 3 0
github.com/igortoigildin/go-metrics-altering/internal/server/api/router.go:18.92,31.2 10 0
github.com/igortoigildin/go-metrics-altering/internal/server/api/mocks/Storage.go:18.107,21.19 2 0
github.com/igortoigildin/go-metrics-altering/internal/server/api/mocks/Storage.go:21.19,22.45 1 0
github.com/igortoigildin/go-metrics-altering/internal/server/api/mocks/Storage.go:25.2,27.94 3 0
github.com/igortoigildin/go-metrics-altering/internal/server/api/mocks/Storage.go:27.94,29.3 1 0
github.com/igortoigildin/go-metrics-altering/internal/server/api/mocks/Storage.go:30.2,30.85 1 0
github.com/igortoigildin/go-metrics-altering/internal/server/api/mocks/Storage.go:30.85,32.3 1 0
github.com/igortoigildin/go-metrics-altering/internal/server/api/mocks/Storage.go:32.8,34.3 1 0
github.com/igortoigildin/go-metrics-altering/internal/server/api/mocks/Storage.go:36.2,36.76 1 0
github.com/igortoigildin/go-metrics-altering/internal/server/api/mocks/Storage.go:36.76,38.3 1 0
github.com/igortoigildin/go-metrics-altering/internal/server/api/mocks/Storage.go:38.8,40.3 1 0
github.com/igortoigildin/go-metrics-altering/internal/server/api/mocks/Storage.go:42.2,42.15 1 0
github.com/igortoigildin/go-metrics-altering/internal/server/api/mocks/Storage.go:46.80,49.19 2 0
github.com/igortoigildin/go-metrics-altering/internal/server/api/mocks/Storage.go:49.19,50.48 1 0
[...]
github.com/igortoigildin/go-metrics-altering/internal/server/api/mocks/Storage.go:108.2,108.11 1 0
github.com/igortoigildin/go-metrics-altering/internal/server/api/mocks/Storage.go:116.13,120.19 3 0
github.com/igortoigildin/go-metrics-altering/internal/server/api/mocks/Storage.go:120.19,120.49 1 0
github.com/igortoigildin/go-metrics-altering/internal/server/api/mocks/Storage.go:122.2,122.13 1 0
github.com/igortoigildin/go-metrics-altering/internal/server/app/app.go:22.36,44.9 11 0
github.com/igortoigildin/go-metrics-altering/internal/server/app/app.go:45.24,46.66 1 0
github.com/igortoigildin/go-metrics-altering/internal/server/app/app.go:47.33,48.45 1 0
github.com/igortoigildin/go-metrics-altering/internal/server/app/app.go:52.2,53.16 2 0
github.com/igortoigildin/go-metrics-altering/internal/server/app/app.go:53.16,55.3 1 0
github.com/igortoigildin/go-metrics-altering/internal/server/app/app.go:57.2,57.57 1 0
github.com/igortoigildin/go-metrics-altering/internal/storage/storage.go:22.44,23.25 1 0
github.com/igortoigildin/go-metrics-altering/internal/storage/storage.go:23.25,26.3 2 0
github.com/igortoigildin/go-metrics-altering/internal/storage/storage.go:28.2,30.21 2 0
github.com/igortoigildin/go-metrics-altering/internal/storage/storage.go:30.21,32.17 2 0
github.com/igortoigildin/go-metrics-altering/internal/storage/storage.go:32.17,34.4 1 0
github.com/igortoigildin/go-metrics-altering/internal/storage/storage.go:36.2,36.29 1 0
github.com/igortoigildin/go-metrics-altering/internal/storage/storage.go:36.29,38.3 1 0
github.com/igortoigildin/go-metrics-altering/internal/storage/storage.go:39.2,39.15 1 0
github.com/igortoigildin/go-metrics-altering/internal/storage/inmemory/local.go:27.26,32.2 1 0
github.com/igortoigildin/go-metrics-altering/internal/storage/inmemory/local.go:34.57,35.36 1 0
github.com/igortoigildin/go-metrics-altering/internal/storage/inmemory/local.go:35.36,40.3 2 0
github.com/igortoigildin/go-metrics-altering/internal/storage/inmemory/local.go:40.8,45.3 2 0
github.com/igortoigildin/go-metrics-altering/internal/storage/inmemory/local.go:48.113,55.16 5 0
github.com/igortoigildin/go-metrics-altering/internal/storage/inmemory/local.go:55.16,58.3 2 0
github.com/igortoigildin/go-metrics-altering/internal/storage/inmemory/local.go:59.2,59.12 1 0
github.com/igortoigildin/go-metrics-altering/internal/storage/inmemory/local.go:62.111,69.16 5 0
github.com/igortoigildin/go-metrics-altering/internal/storage/inmemory/local.go:69.16,72.3 2 0
github.com/igortoigildin/go-metrics-altering/internal/storage/inmemory/local.go:73.2,73.20 1 0
github.com/igortoigildin/go-metrics-altering/internal/storage/inmemory/local.go:76.76,83.2 4 0
github.com/igortoigildin/go-metrics-altering/internal/storage/inmemory/local.go:86.64,88.16 2 0
github.com/igortoigildin/go-metrics-altering/internal/storage/inmemory/local.go:88.16,90.3 1 0
github.com/igortoigildin/go-metrics-altering/internal/storage/inmemory/local.go:91.2,92.59 2 0
github.com/igortoigildin/go-metrics-altering/internal/storage/inmemory/local.go:92.59,94.3 1 0
github.com/igortoigildin/go-metrics-altering/internal/storage/inmemory/local.go:96.2,99.32 3 0
github.com/igortoigildin/go-metrics-altering/internal/storage/inmemory/local.go:99.32,100.25 1 0
github.com/igortoigildin/go-metrics-altering/internal/storage/inmemory/local.go:100.25,102.4 1 0
github.com/igortoigildin/go-metrics-altering/internal/storage/inmemory/local.go:102.9,102.34 1 0
github.com/igortoigildin/go-metrics-altering/internal/storage/inmemory/local.go:102.34,104.4 1 0
github.com/igortoigildin/go-metrics-altering/internal/storage/inmemory/local.go:106.2,106.12 1 0
github.com/igortoigildin/go-metrics-altering/internal/storage/inmemory/local.go:109.56,110.20 1 0
github.com/igortoigildin/go-metrics-altering/internal/storage/inmemory/local.go:110.20,113.3 2 0
github.com/igortoigildin/go-metrics-altering/internal/storage/inmemory/local.go:115.2,115.22 1 0
github.com/igortoigildin/go-metrics-altering/internal/storage/inmemory/local.go:115.22,118.3 2 0
github.com/igortoigildin/go-metrics-altering/internal/storage/inmemory/local.go:119.2,119.12 1 0
github.com/igortoigildin/go-metrics-altering/internal/storage/inmemory/local.go:123.110,125.6 1 0
github.com/igortoigildin/go-metrics-altering/internal/storage/inmemory/local.go:125.6,130.31 3 0
github.com/igortoigildin/go-metrics-altering/internal/storage/inmemory/local.go:130.31,132.34 2 0
github.com/igortoigildin/go-metrics-altering/internal/storage/inmemory/local.go:132.34,137.13 5 0
github.com/igortoigildin/go-metrics-altering/internal/storage/inmemory/local.go:139.4,139.32 1 0
github.com/igortoigildin/go-metrics-altering/internal/storage/inmemory/local.go:139.32,144.5 4 0
github.com/igortoigildin/go-metrics-altering/internal/storage/inmemory/local.go:147.3,148.17 2 0
github.com/igortoigildin/go-metrics-altering/internal/storage/inmemory/local.go:148.17,151.4 2 0
github.com/igortoigildin/go-metrics-altering/internal/storage/inmemory/local.go:153.3,154.17 2 0
github.com/igortoigildin/go-metrics-altering/internal/storage/inmemory/local.go:154.17,157.4 2 0
github.com/igortoigildin/go-metrics-altering/internal/storage/inmemory/setMetricAlgo.go:19.91,20.22 1 0
github.com/igortoigildin/go-metrics-altering/internal/storage/inmemory/setMetricAlgo.go:20.22,22.3 1 0
github.com/igortoigildin/go-metrics-altering/internal/storage/inmemory/setMetricAlgo.go:23.2,27.12 5 0
github.com/igortoigildin/go-metrics-altering/internal/storage/inmemory/setMetricAlgo.go:30.89,40.2 7 0
github.com/igortoigildin/go-metrics-altering/internal/storage/inmemory/setMetricAlgo.go:47.89,48.20 1 0
github.com/igortoigildin/go-metrics-altering/internal/storage/inmemory/setMetricAlgo.go:48.20,50.3 1 0
github.com/igortoigildin/go-metrics-altering/internal/storage/inmemory/setMetricAlgo.go:51.2,55.12 5 0
github.com/igortoigildin/go-metrics-altering/internal/storage/inmemory/setMetricAlgo.go:57.87,67.2 7 0
github.com/igortoigildin/go-metrics-altering/internal/storage/postgres/postgres.go:27.47,31.16 3 0
github.com/igortoigildin/go-metrics-altering/internal/storage/postgres/postgres.go:31.16,33.3 1 0
github.com/igortoigildin/go-metrics-altering/internal/storage/postgres/postgres.go:34.2,37.16 3 0
github.com/igortoigildin/go-metrics-altering/internal/storage/postgres/postgres.go:37.16,39.3 1 0
github.com/igortoigildin/go-metrics-altering/internal/storage/postgres/postgres.go:41.2,42.16 2 0
github.com/igortoigildin/go-metrics-altering/internal/storage/postgres/postgres.go:42.16,44.3 1 0
github.com/igortoigildin/go-metrics-altering/internal/storage/postgres/postgres.go:45.2,45.67 1 0
github.com/igortoigildin/go-metrics-altering/internal/storage/postgres/postgres.go:45.67,47.3 1 0
github.com/igortoigildin/go-metrics-altering/internal/storage/postgres/postgres.go:48.2,54.12 3 0
github.com/igortoigildin/go-metrics-altering/internal/storage/postgres/postgres.go:57.53,58.36 1 0
github.com/igortoigildin/go-metrics-altering/internal/storage/postgres/postgres.go:58.36,63.3 2 0
github.com/igortoigildin/go-metrics-altering/internal/storage/postgres/postgres.go:63.8,68.3 2 0
github.com/igortoigildin/go-metrics-altering/internal/storage/postgres/postgres.go:71.54,73.16 2 0
github.com/igortoigildin/go-metrics-altering/internal/storage/postgres/postgres.go:73.16,75.3 1 0
github.com/igortoigildin/go-metrics-altering/internal/storage/postgres/postgres.go:76.2,76.12 1 0
github.com/igortoigildin/go-metrics-altering/internal/storage/postgres/postgres.go:79.111,82.2 2 0
github.com/igortoigildin/go-metrics-altering/internal/storage/postgres/postgres.go:84.109,87.2 2 0
github.com/igortoigildin/go-metrics-altering/internal/storage/postgres/postgres.go:89.74,92.16 3 0
github.com/igortoigildin/go-metrics-altering/internal/storage/postgres/postgres.go:92.16,94.3 1 0
github.com/igortoigildin/go-metrics-altering/internal/storage/postgres/postgres.go:95.2,96.18 2 0
github.com/igortoigildin/go-metrics-altering/internal/storage/postgres/postgres.go:96.18,100.17 4 0
github.com/igortoigildin/go-metrics-altering/internal/storage/postgres/postgres.go:100.17,102.4 1 0
github.com/igortoigildin/go-metrics-altering/internal/storage/postgres/postgres.go:103.3,103.24 1 0
github.com/igortoigildin/go-metrics-altering/internal/storage/postgres/postgres.go:105.2,106.16 2 0
github.com/igortoigildin/go-metrics-altering/internal/storage/postgres/postgres.go:106.16,108.3 1 0
github.com/igortoigildin/go-metrics-altering/internal/storage/postgres/postgres.go:109.2,110.16 2 0
github.com/igortoigildin/go-metrics-altering/internal/storage/postgres/postgres.go:110.16,112.3 1 0
github.com/igortoigildin/go-metrics-altering/internal/storage/postgres/postgres.go:113.2,114.18 2 0
github.com/igortoigildin/go-metrics-altering/internal/storage/postgres/postgres.go:114.18,118.17 4 0
github.com/igortoigildin/go-metrics-altering/internal/storage/postgres/postgres.go:118.17,120.4 1 0
github.com/igortoigildin/go-metrics-altering/internal/storage/postgres/postgres.go:121.3,121.24 1 0
github.com/igortoigildin/go-metrics-altering/internal/storage/postgres/postgres.go:123.2,124.16 2 0
github.com/igortoigildin/go-metrics-altering/internal/storage/postgres/postgres.go:124.16,126.3 1 0
github.com/igortoigildin/go-metrics-altering/internal/storage/postgres/postgres.go:127.2,127.21 1 0
github.com/igortoigildin/go-metrics-altering/internal/storage/postgres/strategy.go:22.106,25.16 2 0
github.com/igortoigildin/go-metrics-altering/internal/storage/postgres/strategy.go:25.16,28.3 2 0
github.com/igortoigildin/go-metrics-altering/internal/storage/postgres/strategy.go:29.2,29.12 1 0
github.com/igortoigildin/go-metrics-altering/internal/storage/postgres/strategy.go:32.104,36.9 3 0
github.com/igortoigildin/go-metrics-altering/internal/storage/postgres/strategy.go:37.37,39.21 2 0
github.com/igortoigildin/go-metrics-altering/internal/storage/postgres/strategy.go:40.18,42.21 2 0
github.com/igortoigildin/go-metrics-altering/internal/storage/postgres/strategy.go:44.2,44.20 1 0
github.com/igortoigildin/go-metrics-altering/internal/storage/postgres/strategy.go:51.106,54.16 2 0
github.com/igortoigildin/go-metrics-altering/internal/storage/postgres/strategy.go:54.16,57.3 2 0
github.com/igortoigildin/go-metrics-altering/internal/storage/postgres/strategy.go:58.2,58.12 1 0
github.com/igortoigildin/go-metrics-altering/internal/storage/postgres/strategy.go:61.104,65.9 3 0
github.com/igortoigildin/go-metrics-altering/internal/storage/postgres/strategy.go:66.37,68.21 2 0
github.com/igortoigildin/go-metrics-altering/internal/storage/postgres/strategy.go:69.18,71.21 2 0
github.com/igortoigildin/go-metrics-altering/internal/storage/postgres/strategy.go:73.2,73.20 1 0
github.com/igortoigildin/go-metrics-altering/pkg/crypt/decrypt.go:12.66,16.16 3 0
github.com/igortoigildin/go-metrics-altering/pkg/crypt/decrypt.go:16.16,19.3 2 0
github.com/igortoigildin/go-metrics-altering/pkg/crypt/decrypt.go:21.2,22.16 2 0
github.com/igortoigildin/go-metrics-altering/pkg/crypt/decrypt.go:22.16,25.3 2 0
github.com/igortoigildin/go-metrics-altering/pkg/crypt/decrypt.go:27.2,27.17 1 0
github.com/igortoigildin/go-metrics-altering/pkg/crypt/encrypt.go:13.63,16.16 3 0
github.com/igortoigildin/go-metrics-altering/pkg/crypt/encrypt.go:16.16,19.3 2 0
github.com/igortoigildin/go-metrics-altering/pkg/crypt/encrypt.go:21.2,22.16 2 0
github.com/igortoigildin/go-metrics-altering/pkg/crypt/encrypt.go:22.16,25.3 2 0
github.com/igortoigildin/go-metrics-altering/pkg/crypt/encrypt.go:27.2,27.24 1 0
github.com/igortoigildin/go-metrics-altering/pkg/crypt/savekey.go:22.50,24.16 2 0
github.com/igortoigildin/go-metrics-altering/pkg/crypt/savekey.go:24.16,27.3 2 0
github.com/igortoigildin/go-metrics-altering/pkg/crypt/savekey.go:29.2,30.16 2 0
github.com/igortoigildin/go-metrics-altering/pkg/crypt/savekey.go:30.16,33.3 2 0
github.com/igortoigildin/go-metrics-altering/pkg/crypt/savekey.go:35.2,36.16 2 0
github.com/igortoigildin/go-metrics-altering/pkg/crypt/savekey.go:36.16,39.3 2 0
github.com/igortoigildin/go-metrics-altering/pkg/crypt/savekey.go:41.2,42.16 2 0
github.com/igortoigildin/go-metrics-altering/pkg/crypt/savekey.go:42.16,45.3 2 0
github.com/igortoigildin/go-metrics-altering/pkg/crypt/savekey.go:46.2,46.12 1 0
github.com/igortoigildin/go-metrics-altering/pkg/crypt/savekey.go:50.72,52.16 2 0
github.com/igortoigildin/go-metrics-altering/pkg/crypt/savekey.go:52.16,55.3 2 0
github.com/igortoigildin/go-metrics-altering/pkg/crypt/savekey.go:57.2,67.16 5 0
github.com/igortoigildin/go-metrics-altering/pkg/crypt/savekey.go:67.16,70.3 2 0
github.com/igortoigildin/go-metrics-altering/pkg/crypt/savekey.go:72.2,77.41 2 0
github.com/igortoigildin/go-metrics-altering/pkg/crypt/savekey.go:80.64,82.16 2 0
github.com/igortoigildin/go-metrics-altering/pkg/crypt/savekey.go:82.16,85.3 2 0
github.com/igortoigildin/go-metrics-altering/pkg/crypt/savekey.go:86.2,86.12 1 0
github.com/igortoigildin/go-metrics-altering/pkg/httpServer/options.go:11.37,12.25 1 0
github.com/igortoigildin/go-metrics-altering/pkg/httpServer/options.go:12.25,14.3 1 0
github.com/igortoigildin/go-metrics-altering/pkg/httpServer/options.go:18.48,19.25 1 0
github.com/igortoigildin/go-metrics-altering/pkg/httpServer/options.go:19.25,21.3 1 0
github.com/igortoigildin/go-metrics-altering/pkg/httpServer/options.go:25.49,26.25 1 0
github.com/igortoigildin/go-metrics-altering/pkg/httpServer/options.go:26.25,28.3 1 0
github.com/igortoigildin/go-metrics-altering/pkg/httpServer/options.go:32.52,33.25 1 0
github.com/igortoigildin/go-metrics-altering/pkg/httpServer/options.go:33.25,35.3 1 0
github.com/igortoigildin/go-metrics-altering/pkg/httpServer/server.go:24.56,39.27 3 0
github.com/igortoigildin/go-metrics-altering/pkg/httpServer/server.go:39.27,41.3 1 0
github.com/igortoigildin/go-metrics-altering/pkg/httpServer/server.go:43.2,45.10 2 0
github.com/igortoigildin/go-metrics-altering/pkg/httpServer/server.go:48.26,49.12 1 0
github.com/igortoigildin/go-metrics-altering/pkg/httpServer/server.go:49.12,52.3 2 0
github.com/igortoigildin/go-metrics-altering/pkg/httpServer/server.go:56.40,58.2 1 0
github.com/igortoigildin/go-metrics-altering/pkg/httpServer/server.go:61.43,66.2 3 0
github.com/igortoigildin/go-metrics-altering/pkg/logger/logger.go:7.37,9.16 2 0
github.com/igortoigildin/go-metrics-altering/pkg/logger/logger.go:9.16,11.3 1 0
github.com/igortoigildin/go-metrics-altering/pkg/logger/logger.go:12.2,15.16 4 0
github.com/igortoigildin/go-metrics-altering/pkg/logger/logger.go:15.16,17.3 1 0
github.com/igortoigildin/go-metrics-altering/pkg/logger/logger.go:18.2,19.12 2 0
github.com/igortoigildin/go-metrics-altering/pkg/middlewares/auth/auth.go:17.77,18.71 1 0
github.com/igortoigildin/go-metrics-altering/pkg/middlewares/auth/auth.go:18.71,21.55 2 0
github.com/igortoigildin/go-metrics-altering/pkg/middlewares/auth/auth.go:21.55,22.21 1 0
github.com/igortoigildin/go-metrics-altering/pkg/middlewares/auth/auth.go:22.21,26.19 3 0
github.com/igortoigildin/go-metrics-altering/pkg/middlewares/auth/auth.go:26.19,30.6 3 0
github.com/igortoigildin/go-metrics-altering/pkg/middlewares/auth/auth.go:31.5,34.46 3 0
github.com/igortoigildin/go-metrics-altering/pkg/middlewares/auth/auth.go:34.46,38.6 3 0
github.com/igortoigildin/go-metrics-altering/pkg/middlewares/auth/auth.go:41.3,41.13 1 0
github.com/igortoigildin/go-metrics-altering/pkg/middlewares/auth/auth.go:46.53,51.2 4 0
github.com/igortoigildin/go-metrics-altering/pkg/middlewares/compress/compress.go:16.63,21.2 1 0
github.com/igortoigildin/go-metrics-altering/pkg/middlewares/compress/compress.go:23.47,25.2 1 0
github.com/igortoigildin/go-metrics-altering/pkg/middlewares/compress/compress.go:27.55,29.2 1 0
github.com/igortoigildin/go-metrics-altering/pkg/middlewares/compress/compress.go:31.54,32.22 1 0
github.com/igortoigildin/go-metrics-altering/pkg/middlewares/compress/compress.go:32.22,34.3 1 0
github.com/igortoigildin/go-metrics-altering/pkg/middlewares/compress/compress.go:35.2,35.29 1 0
github.com/igortoigildin/go-metrics-altering/pkg/middlewares/compress/compress.go:38.40,40.2 1 0
github.com/igortoigildin/go-metrics-altering/pkg/middlewares/compress/compress.go:47.66,49.16 2 0
github.com/igortoigildin/go-metrics-altering/pkg/middlewares/compress/compress.go:49.16,51.3 1 0
github.com/igortoigildin/go-metrics-altering/pkg/middlewares/compress/compress.go:52.2,55.8 1 0
github.com/igortoigildin/go-metrics-altering/pkg/middlewares/compress/compress.go:58.59,60.2 1 0
github.com/igortoigildin/go-metrics-altering/pkg/middlewares/compress/compress.go:62.40,63.36 1 0
github.com/igortoigildin/go-metrics-altering/pkg/middlewares/compress/compress.go:63.36,65.3 1 0
github.com/igortoigildin/go-metrics-altering/pkg/middlewares/compress/compress.go:66.2,66.21 1 0
github.com/igortoigildin/go-metrics-altering/pkg/middlewares/compress/compress.go:69.58,70.54 1 0
github.com/igortoigildin/go-metrics-altering/pkg/middlewares/compress/compress.go:70.54,74.19 4 0
github.com/igortoigildin/go-metrics-altering/pkg/middlewares/compress/compress.go:74.19,78.4 3 0
github.com/igortoigildin/go-metrics-altering/pkg/middlewares/compress/compress.go:79.3,81.16 3 0
github.com/igortoigildin/go-metrics-altering/pkg/middlewares/compress/compress.go:81.16,83.18 2 0
github.com/igortoigildin/go-metrics-altering/pkg/middlewares/compress/compress.go:83.18,86.5 2 0
github.com/igortoigildin/go-metrics-altering/pkg/middlewares/compress/compress.go:87.4,88.20 2 0
github.com/igortoigildin/go-metrics-altering/pkg/middlewares/compress/compress.go:90.3,90.21 1 0
github.com/igortoigildin/go-metrics-altering/pkg/middlewares/logging/logger.go:26.62,30.2 3 0
github.com/igortoigildin/go-metrics-altering/pkg/middlewares/logging/logger.go:32.61,35.2 2 0
github.com/igortoigildin/go-metrics-altering/pkg/middlewares/logging/logger.go:38.51,39.71 1 0
github.com/igortoigildin/go-metrics-altering/pkg/middlewares/logging/logger.go:39.71,58.3 6 0
github.com/igortoigildin/go-metrics-altering/pkg/middlewares/timeout/timeout.go:12.77,13.71 1 0
github.com/igortoigildin/go-metrics-altering/pkg/middlewares/timeout/timeout.go:13.71,20.13 5 0
github.com/igortoigildin/go-metrics-altering/pkg/middlewares/timeout/timeout.go:20.13,23.4 2 0
github.com/igortoigildin/go-metrics-altering/pkg/middlewares/timeout/timeout.go:25.3,25.10 1 0
github.com/igortoigildin/go-metrics-altering/pkg/middlewares/timeout/timeout.go:26.21,29.32 3 0
github.com/igortoigildin/go-metrics-altering/pkg/middlewares/timeout/timeout.go:30.22,30.22 0 0
github.com/igortoigildin/go-metrics-altering/pkg/processJSON/processJSON.go:17.69,21.2 3 0
github.com/igortoigildin/go-metrics-altering/pkg/processJSON/processJSON.go:23.47,25.16 2 0
github.com/igortoigildin/go-metrics-altering/pkg/processJSON/processJSON.go:25.16,27.3 1 0
github.com/igortoigildin/go-metrics-altering/pkg/processJSON/processJSON.go:28.2,28.12 1 0
github.com/igortoigildin/go-metrics-altering/pkg/processJSON/processJSON.go:31.89,33.16 2 0
github.com/igortoigildin/go-metrics-altering/pkg/processJSON/processJSON.go:33.16,35.3 1 0
github.com/igortoigildin/go-metrics-altering/pkg/processJSON/processJSON.go:36.2,37.34 2 0
github.com/igortoigildin/go-metrics-altering/pkg/processJSON/processJSON.go:37.34,39.3 1 0
github.com/igortoigildin/go-metrics-altering/pkg/processJSON/processJSON.go:41.2,44.12 4 0
github.com/igortoigildin/go-metrics-altering/pkg/processMap/processMap.go:4.90,6.22 2 0
github.com/igortoigildin/go-metrics-altering/pkg/processMap/processMap.go:6.22,8.3 1 0
github.com/igortoigildin/go-metrics-altering/pkg/processMap/processMap.go:9.2,9.22 1 0
github.com/igortoigildin/go-metrics-altering/pkg/processMap/processMap.go:9.22,11.3 1 0
github.com/igortoigildin/go-metrics-altering/pkg/processMap/processMap.go:12.2,12.10 1 0
github.com/igortoigildin/go-metrics-altering/templates/fs.go:12.41,14.16 2 0
github.com/igortoigildin/go-metrics-altering/templates/fs.go:14.16,16.3 1 0
github.com/igortoigildin/go-metrics-altering/templates/fs.go:17.2,17.10 1 0
