mode: set
github.com/igortoigildin/go-metrics-altering/internal/server/http/api/mocks/Storage.go:18.107,21.19 2 0
github.com/igortoigildin/go-metrics-altering/internal/server/http/api/mocks/Storage.go:21.19,22.45 1 0
github.com/igortoigildin/go-metrics-altering/internal/server/http/api/mocks/Storage.go:25.2,27.94 3 0
github.com/igortoigildin/go-metrics-altering/internal/server/http/api/mocks/Storage.go:27.94,29.3 1 0
github.com/igortoigildin/go-metrics-altering/internal/server/http/api/mocks/Storage.go:30.2,30.85 1 0
github.com/igortoigildin/go-metrics-altering/internal/server/http/api/mocks/Storage.go:30.85,32.3 1 0
github.com/igortoigildin/go-metrics-altering/internal/server/http/api/mocks/Storage.go:32.8,34.3 1 0
github.com/igortoigildin/go-metrics-altering/internal/server/http/api/mocks/Storage.go:36.2,36.76 1 0
github.com/igortoigildin/go-metrics-altering/internal/server/http/api/mocks/Storage.go:36.76,38.3 1 0
github.com/igortoigildin/go-metrics-altering/internal/server/http/api/mocks/Storage.go:38.8,40.3 1 0
github.com/igortoigildin/go-metrics-altering/internal/server/http/api/mocks/Storage.go:42.2,42.15 1 0
github.com/igortoigildin/go-metrics-altering/internal/server/http/api/mocks/Storage.go:46.80,49.19 2 0
github.com/igortoigildin/go-metrics-altering/internal/server/http/api/mocks/Storage.go:49.19,50.48 1 0
github.com/igortoigildin/go-metrics-altering/internal/server/http/api/mocks/Storage.go:53.2,55.86 3 0
github.com/igortoigildin/go-metrics-altering/internal/server/http/api/mocks/Storage.go:55.86,57.3 1 0
github.com/igortoigildin/go-metrics-altering/internal/server/http/api/mocks/Storage.go:58.2,58.77 1 0
github.com/igortoigildin/go-metrics-altering/internal/server/http/api/mocks/Storage.go:58.77,60.3 1 0
github.com/igortoigildin/go-metrics-altering/internal/server/http/api/mocks/Storage.go:60.8,61.24 1 0
github.com/igortoigildin/go-metrics-altering/internal/server/http/api/mocks/Storage.go:61.24,63.4 1 0
github.com/igortoigildin/go-metrics-altering/internal/server/http/api/mocks/Storage.go:66.2,66.60 1 0
github.com/igortoigildin/go-metrics-altering/internal/server/http/api/mocks/Storage.go:66.60,68.3 1 0
github.com/igortoigildin/go-metrics-altering/internal/server/http/api/mocks/Storage.go:68.8,70.3 1 0
github.com/igortoigildin/go-metrics-altering/internal/server/http/api/mocks/Storage.go:72.2,72.15 1 0
github.com/igortoigildin/go-metrics-altering/internal/server/http/api/mocks/Storage.go:76.52,79.19 2 0
github.com/igortoigildin/go-metrics-altering/internal/server/http/api/mocks/Storage.go:79.19,80.46 1 0
github.com/igortoigildin/go-metrics-altering/internal/server/http/api/mocks/Storage.go:83.2,84.60 2 0
github.com/igortoigildin/go-metrics-altering/internal/server/http/api/mocks/Storage.go:84.60,86.3 1 0
github.com/igortoigildin/go-metrics-altering/internal/server/http/api/mocks/Storage.go:86.8,88.3 1 0
github.com/igortoigildin/go-metrics-altering/internal/server/http/api/mocks/Storage.go:90.2,90.11 1 0
github.com/igortoigildin/go-metrics-altering/internal/server/http/api/mocks/Storage.go:94.117,97.19 2 0
github.com/igortoigildin/go-metrics-altering/internal/server/http/api/mocks/Storage.go:97.19,98.48 1 0
github.com/igortoigildin/go-metrics-altering/internal/server/http/api/mocks/Storage.go:101.2,102.89 2 0
github.com/igortoigildin/go-metrics-altering/internal/server/http/api/mocks/Storage.go:102.89,104.3 1 0
github.com/igortoigildin/go-metrics-altering/internal/server/http/api/mocks/Storage.go:104.8,106.3 1 0
github.com/igortoigildin/go-metrics-altering/internal/server/http/api/mocks/Storage.go:108.2,108.11 1 0
github.com/igortoigildin/go-metrics-altering/internal/server/http/api/mocks/Storage.go:116.13,120.19 3 0
github.com/igortoigildin/go-metrics-altering/internal/server/http/api/mocks/Storage.go:120.19,120.49 1 0
github.com/igortoigildin/go-metrics-altering/internal/server/http/api/mocks/Storage.go:122.2,122.13 1 0
github.com/igortoigildin/go-metrics-altering/internal/agent/memory/memory.go:33.25,38.2 1 0
github.com/igortoigildin/go-metrics-altering/internal/agent/memory/memory.go:41.93,43.42 2 0
github.com/igortoigildin/go-metrics-altering/internal/agent/memory/memory.go:43.42,46.3 2 0
github.com/igortoigildin/go-metrics-altering/internal/agent/memory/memory.go:47.2,49.23 3 0
github.com/igortoigildin/go-metrics-altering/internal/agent/memory/memory.go:53.65,54.27 1 0
github.com/igortoigildin/go-metrics-altering/internal/agent/memory/memory.go:54.27,56.3 1 0
github.com/igortoigildin/go-metrics-altering/internal/agent/memory/memory.go:58.2,59.16 2 0
github.com/igortoigildin/go-metrics-altering/internal/agent/memory/memory.go:59.16,61.3 1 0
github.com/igortoigildin/go-metrics-altering/internal/agent/memory/memory.go:62.2,63.16 2 0
github.com/igortoigildin/go-metrics-altering/internal/agent/memory/memory.go:63.16,65.3 1 0
github.com/igortoigildin/go-metrics-altering/internal/agent/memory/memory.go:66.2,70.16 5 0
github.com/igortoigildin/go-metrics-altering/internal/agent/memory/memory.go:74.66,111.2 36 0
github.com/igortoigildin/go-metrics-altering/internal/agent/sendMetrics/sendJSONMetric.go:27.85,30.22 2 0
github.com/igortoigildin/go-metrics-altering/internal/agent/sendMetrics/sendJSONMetric.go:30.22,33.3 2 0
github.com/igortoigildin/go-metrics-altering/internal/agent/sendMetrics/sendJSONMetric.go:35.2,42.16 5 0
github.com/igortoigildin/go-metrics-altering/internal/agent/sendMetrics/sendJSONMetric.go:42.16,45.3 2 0
github.com/igortoigildin/go-metrics-altering/internal/agent/sendMetrics/sendJSONMetric.go:48.2,48.27 1 0
github.com/igortoigildin/go-metrics-altering/internal/agent/sendMetrics/sendJSONMetric.go:48.27,54.3 5 0
github.com/igortoigildin/go-metrics-altering/internal/agent/sendMetrics/sendJSONMetric.go:56.2,56.27 1 0
github.com/igortoigildin/go-metrics-altering/internal/agent/sendMetrics/sendJSONMetric.go:56.27,58.17 2 0
github.com/igortoigildin/go-metrics-altering/internal/agent/sendMetrics/sendJSONMetric.go:58.17,60.4 1 0
github.com/igortoigildin/go-metrics-altering/internal/agent/sendMetrics/sendJSONMetric.go:63.3,64.17 2 0
github.com/igortoigildin/go-metrics-altering/internal/agent/sendMetrics/sendJSONMetric.go:64.17,66.4 1 0
github.com/igortoigildin/go-metrics-altering/internal/agent/sendMetrics/sendJSONMetric.go:69.2,70.16 2 0
github.com/igortoigildin/go-metrics-altering/internal/agent/sendMetrics/sendJSONMetric.go:70.16,72.10 1 0
github.com/igortoigildin/go-metrics-altering/internal/agent/sendMetrics/sendJSONMetric.go:73.26,74.89 1 0
github.com/igortoigildin/go-metrics-altering/internal/agent/sendMetrics/sendJSONMetric.go:74.89,76.47 2 0
github.com/igortoigildin/go-metrics-altering/internal/agent/sendMetrics/sendJSONMetric.go:76.47,77.11 1 0
github.com/igortoigildin/go-metrics-altering/internal/agent/sendMetrics/sendJSONMetric.go:80.4,80.30 1 0
github.com/igortoigildin/go-metrics-altering/internal/agent/sendMetrics/sendJSONMetric.go:81.11,83.14 2 0
github.com/igortoigildin/go-metrics-altering/internal/agent/sendMetrics/sendJSONMetric.go:87.2,88.12 2 0
github.com/igortoigildin/go-metrics-altering/internal/agent/sendMetrics/sendJSONMetric.go:92.66,102.16 6 0
github.com/igortoigildin/go-metrics-altering/internal/agent/sendMetrics/sendJSONMetric.go:102.16,105.3 2 0
github.com/igortoigildin/go-metrics-altering/internal/agent/sendMetrics/sendJSONMetric.go:107.2,107.27 1 0
github.com/igortoigildin/go-metrics-altering/internal/agent/sendMetrics/sendJSONMetric.go:107.27,113.3 5 0
github.com/igortoigildin/go-metrics-altering/internal/agent/sendMetrics/sendJSONMetric.go:115.2,115.27 1 0
github.com/igortoigildin/go-metrics-altering/internal/agent/sendMetrics/sendJSONMetric.go:115.27,117.17 2 0
github.com/igortoigildin/go-metrics-altering/internal/agent/sendMetrics/sendJSONMetric.go:117.17,120.4 2 0
github.com/igortoigildin/go-metrics-altering/internal/agent/sendMetrics/sendJSONMetric.go:122.3,123.17 2 0
github.com/igortoigildin/go-metrics-altering/internal/agent/sendMetrics/sendJSONMetric.go:123.17,126.4 2 0
github.com/igortoigildin/go-metrics-altering/internal/agent/sendMetrics/sendJSONMetric.go:129.2,130.16 2 0
github.com/igortoigildin/go-metrics-altering/internal/agent/sendMetrics/sendJSONMetric.go:130.16,132.10 1 0
github.com/igortoigildin/go-metrics-altering/internal/agent/sendMetrics/sendJSONMetric.go:133.26,134.89 1 0
github.com/igortoigildin/go-metrics-altering/internal/agent/sendMetrics/sendJSONMetric.go:134.89,136.47 2 0
github.com/igortoigildin/go-metrics-altering/internal/agent/sendMetrics/sendJSONMetric.go:136.47,137.11 1 0
github.com/igortoigildin/go-metrics-altering/internal/agent/sendMetrics/sendJSONMetric.go:140.4,140.30 1 0
github.com/igortoigildin/go-metrics-altering/internal/agent/sendMetrics/sendJSONMetric.go:141.11,143.14 2 0
github.com/igortoigildin/go-metrics-altering/internal/agent/sendMetrics/sendJSONMetric.go:147.2,148.12 2 0
github.com/igortoigildin/go-metrics-altering/internal/agent/sendMetrics/sendURLMetric.go:18.65,21.16 3 0
github.com/igortoigildin/go-metrics-altering/internal/agent/sendMetrics/sendURLMetric.go:21.16,23.3 1 0
github.com/igortoigildin/go-metrics-altering/internal/agent/sendMetrics/sendURLMetric.go:26.2,26.27 1 0
github.com/igortoigildin/go-metrics-altering/internal/agent/sendMetrics/sendURLMetric.go:26.27,34.3 5 0
github.com/igortoigildin/go-metrics-altering/internal/agent/sendMetrics/sendURLMetric.go:37.2,41.16 4 0
github.com/igortoigildin/go-metrics-altering/internal/agent/sendMetrics/sendURLMetric.go:41.16,42.10 1 0
github.com/igortoigildin/go-metrics-altering/internal/agent/sendMetrics/sendURLMetric.go:43.26,44.89 1 0
github.com/igortoigildin/go-metrics-altering/internal/agent/sendMetrics/sendURLMetric.go:44.89,46.42 2 0
github.com/igortoigildin/go-metrics-altering/internal/agent/sendMetrics/sendURLMetric.go:46.42,47.11 1 0
github.com/igortoigildin/go-metrics-altering/internal/agent/sendMetrics/sendURLMetric.go:50.4,50.30 1 0
github.com/igortoigildin/go-metrics-altering/internal/agent/sendMetrics/sendURLMetric.go:51.11,52.14 1 0
github.com/igortoigildin/go-metrics-altering/internal/agent/sendMetrics/sendURLMetric.go:56.2,57.12 2 0
github.com/igortoigildin/go-metrics-altering/internal/agent/sendMetrics/sendURLMetric.go:61.84,64.16 3 0
github.com/igortoigildin/go-metrics-altering/internal/agent/sendMetrics/sendURLMetric.go:64.16,66.3 1 0
github.com/igortoigildin/go-metrics-altering/internal/agent/sendMetrics/sendURLMetric.go:69.2,69.27 1 0
github.com/igortoigildin/go-metrics-altering/internal/agent/sendMetrics/sendURLMetric.go:69.27,77.3 5 0
github.com/igortoigildin/go-metrics-altering/internal/agent/sendMetrics/sendURLMetric.go:80.2,86.16 4 0
github.com/igortoigildin/go-metrics-altering/internal/agent/sendMetrics/sendURLMetric.go:86.16,87.10 1 0
github.com/igortoigildin/go-metrics-altering/internal/agent/sendMetrics/sendURLMetric.go:88.26,90.18 2 0
github.com/igortoigildin/go-metrics-altering/internal/agent/sendMetrics/sendURLMetric.go:90.18,92.5 1 0
github.com/igortoigildin/go-metrics-altering/internal/agent/sendMetrics/sendURLMetric.go:93.11,94.14 1 0
github.com/igortoigildin/go-metrics-altering/internal/agent/sendMetrics/sendURLMetric.go:98.2,99.12 2 0
github.com/igortoigildin/go-metrics-altering/internal/agent/sendMetrics/sendURLMetric.go:102.58,103.87 1 0
github.com/igortoigildin/go-metrics-altering/internal/agent/sendMetrics/sendURLMetric.go:103.87,105.41 2 0
github.com/igortoigildin/go-metrics-altering/internal/agent/sendMetrics/sendURLMetric.go:105.41,107.4 1 0
github.com/igortoigildin/go-metrics-altering/internal/agent/sendMetrics/sendURLMetric.go:109.2,109.28 1 0
github.com/igortoigildin/go-metrics-altering/internal/server/grpc/rpcserver/server.go:31.51,33.2 1 0
github.com/igortoigildin/go-metrics-altering/internal/server/grpc/rpcserver/server.go:35.122,37.16 2 0
github.com/igortoigildin/go-metrics-altering/internal/server/grpc/rpcserver/server.go:37.16,39.3 1 0
github.com/igortoigildin/go-metrics-altering/internal/server/grpc/rpcserver/server.go:40.2,40.17 1 0
github.com/igortoigildin/go-metrics-altering/internal/server/grpc/rpcserver/server.go:43.128,45.16 2 0
github.com/igortoigildin/go-metrics-altering/internal/server/grpc/rpcserver/server.go:45.16,47.3 1 0
github.com/igortoigildin/go-metrics-altering/internal/server/grpc/rpcserver/server.go:48.2,48.17 1 0
github.com/igortoigildin/go-metrics-altering/internal/server/http/api/handlers.go:35.45,36.71 1 0
github.com/igortoigildin/go-metrics-altering/internal/server/http/api/handlers.go:36.71,38.33 2 0
github.com/igortoigildin/go-metrics-altering/internal/server/http/api/handlers.go:38.33,42.4 3 0
github.com/igortoigildin/go-metrics-altering/internal/server/http/api/handlers.go:43.3,44.17 2 0
github.com/igortoigildin/go-metrics-altering/internal/server/http/api/handlers.go:44.17,47.4 2 0
github.com/igortoigildin/go-metrics-altering/internal/server/http/api/handlers.go:48.3,48.31 1 0
github.com/igortoigildin/go-metrics-altering/internal/server/http/api/handlers.go:52.48,53.71 1 0
github.com/igortoigildin/go-metrics-altering/internal/server/http/api/handlers.go:53.71,56.34 2 0
github.com/igortoigildin/go-metrics-altering/internal/server/http/api/handlers.go:56.34,60.4 3 0
github.com/igortoigildin/go-metrics-altering/internal/server/http/api/handlers.go:62.3,64.17 3 0
github.com/igortoigildin/go-metrics-altering/internal/server/http/api/handlers.go:64.17,68.4 3 0
github.com/igortoigildin/go-metrics-altering/internal/server/http/api/handlers.go:71.3,71.34 1 0
github.com/igortoigildin/go-metrics-altering/internal/server/http/api/handlers.go:71.34,72.76 1 0
github.com/igortoigildin/go-metrics-altering/internal/server/http/api/handlers.go:72.76,76.5 3 0
github.com/igortoigildin/go-metrics-altering/internal/server/http/api/handlers.go:77.4,77.24 1 0
github.com/igortoigildin/go-metrics-altering/internal/server/http/api/handlers.go:78.26,80.19 2 0
github.com/igortoigildin/go-metrics-altering/internal/server/http/api/handlers.go:80.19,84.6 3 0
github.com/igortoigildin/go-metrics-altering/internal/server/http/api/handlers.go:85.26,87.19 2 0
github.com/igortoigildin/go-metrics-altering/internal/server/http/api/handlers.go:87.19,91.6 3 0
github.com/igortoigildin/go-metrics-altering/internal/server/http/api/handlers.go:94.3,94.53 1 0
github.com/igortoigildin/go-metrics-altering/internal/server/http/api/handlers.go:98.53,99.71 1 0
github.com/igortoigildin/go-metrics-altering/internal/server/http/api/handlers.go:99.71,103.34 2 0
github.com/igortoigildin/go-metrics-altering/internal/server/http/api/handlers.go:103.34,107.4 3 0
github.com/igortoigildin/go-metrics-altering/internal/server/http/api/handlers.go:110.3,111.17 2 0
github.com/igortoigildin/go-metrics-altering/internal/server/http/api/handlers.go:111.17,114.4 2 0
github.com/igortoigildin/go-metrics-altering/internal/server/http/api/handlers.go:116.3,117.17 2 0
github.com/igortoigildin/go-metrics-altering/internal/server/http/api/handlers.go:117.17,120.4 2 0
github.com/igortoigildin/go-metrics-altering/internal/server/http/api/handlers.go:121.3,125.17 3 0
github.com/igortoigildin/go-metrics-altering/internal/server/http/api/handlers.go:125.17,128.4 2 0
github.com/igortoigildin/go-metrics-altering/internal/server/http/api/handlers.go:130.3,133.17 3 0
github.com/igortoigildin/go-metrics-altering/internal/server/http/api/handlers.go:133.17,135.4 1 0
github.com/igortoigildin/go-metrics-altering/internal/server/http/api/handlers.go:137.3,137.20 1 0
github.com/igortoigildin/go-metrics-altering/internal/server/http/api/handlers.go:138.25,140.18 2 0
github.com/igortoigildin/go-metrics-altering/internal/server/http/api/handlers.go:140.18,144.5 3 0
github.com/igortoigildin/go-metrics-altering/internal/server/http/api/handlers.go:145.25,147.18 2 0
github.com/igortoigildin/go-metrics-altering/internal/server/http/api/handlers.go:147.18,151.5 3 0
github.com/igortoigildin/go-metrics-altering/internal/server/http/api/handlers.go:152.11,155.10 3 0
github.com/igortoigildin/go-metrics-altering/internal/server/http/api/handlers.go:158.3,165.17 3 0
github.com/igortoigildin/go-metrics-altering/internal/server/http/api/handlers.go:165.17,168.4 2 0
github.com/igortoigildin/go-metrics-altering/internal/server/http/api/handlers.go:172.54,173.71 1 0
github.com/igortoigildin/go-metrics-altering/internal/server/http/api/handlers.go:173.71,177.17 4 0
github.com/igortoigildin/go-metrics-altering/internal/server/http/api/handlers.go:177.17,181.4 3 0
github.com/igortoigildin/go-metrics-altering/internal/server/http/api/handlers.go:182.3,183.17 2 0
github.com/igortoigildin/go-metrics-altering/internal/server/http/api/handlers.go:183.17,186.4 2 0
github.com/igortoigildin/go-metrics-altering/internal/server/http/api/handlers.go:190.50,191.71 1 0
github.com/igortoigildin/go-metrics-altering/internal/server/http/api/handlers.go:191.71,194.33 2 0
github.com/igortoigildin/go-metrics-altering/internal/server/http/api/handlers.go:194.33,198.4 3 0
github.com/igortoigildin/go-metrics-altering/internal/server/http/api/handlers.go:200.3,202.17 3 0
github.com/igortoigildin/go-metrics-altering/internal/server/http/api/handlers.go:202.17,206.4 3 0
github.com/igortoigildin/go-metrics-altering/internal/server/http/api/handlers.go:208.3,208.69 1 0
github.com/igortoigildin/go-metrics-altering/internal/server/http/api/handlers.go:208.69,212.4 3 0
github.com/igortoigildin/go-metrics-altering/internal/server/http/api/handlers.go:214.3,219.20 2 0
github.com/igortoigildin/go-metrics-altering/internal/server/http/api/handlers.go:220.25,222.18 2 0
github.com/igortoigildin/go-metrics-altering/internal/server/http/api/handlers.go:222.18,223.12 1 0
github.com/igortoigildin/go-metrics-altering/internal/server/http/api/handlers.go:224.40,227.12 3 0
github.com/igortoigildin/go-metrics-altering/internal/server/http/api/handlers.go:228.13,231.12 3 0
github.com/igortoigildin/go-metrics-altering/internal/server/http/api/handlers.go:234.4,234.26 1 0
github.com/igortoigildin/go-metrics-altering/internal/server/http/api/handlers.go:235.25,237.18 2 0
github.com/igortoigildin/go-metrics-altering/internal/server/http/api/handlers.go:237.18,238.12 1 0
github.com/igortoigildin/go-metrics-altering/internal/server/http/api/handlers.go:239.40,242.12 3 0
github.com/igortoigildin/go-metrics-altering/internal/server/http/api/handlers.go:243.13,246.12 3 0
github.com/igortoigildin/go-metrics-altering/internal/server/http/api/handlers.go:249.4,249.26 1 0
github.com/igortoigildin/go-metrics-altering/internal/server/http/api/handlers.go:252.3,254.17 3 0
github.com/igortoigildin/go-metrics-altering/internal/server/http/api/handlers.go:254.17,257.4 2 0
github.com/igortoigildin/go-metrics-altering/internal/server/http/api/handlers.go:261.63,262.71 1 0
github.com/igortoigildin/go-metrics-altering/internal/server/http/api/handlers.go:262.71,267.21 4 0
github.com/igortoigildin/go-metrics-altering/internal/server/http/api/handlers.go:268.25,270.18 2 0
github.com/igortoigildin/go-metrics-altering/internal/server/http/api/handlers.go:270.18,274.5 3 0
github.com/igortoigildin/go-metrics-altering/internal/server/http/api/handlers.go:276.4,277.18 2 0
github.com/igortoigildin/go-metrics-altering/internal/server/http/api/handlers.go:277.18,281.5 3 0
github.com/igortoigildin/go-metrics-altering/internal/server/http/api/handlers.go:283.25,285.18 2 0
github.com/igortoigildin/go-metrics-altering/internal/server/http/api/handlers.go:285.18,289.5 3 0
github.com/igortoigildin/go-metrics-altering/internal/server/http/api/handlers.go:291.4,292.18 2 0
github.com/igortoigildin/go-metrics-altering/internal/server/http/api/handlers.go:292.18,296.5 3 0
github.com/igortoigildin/go-metrics-altering/internal/server/http/api/handlers.go:297.11,299.10 2 0
github.com/igortoigildin/go-metrics-altering/internal/server/http/api/handlers.go:301.3,301.62 1 0
github.com/igortoigildin/go-metrics-altering/internal/server/http/api/handlers.go:305.62,306.71 1 0
github.com/igortoigildin/go-metrics-altering/internal/server/http/api/handlers.go:306.71,311.21 3 0
github.com/igortoigildin/go-metrics-altering/internal/server/http/api/handlers.go:312.25,314.18 2 0
github.com/igortoigildin/go-metrics-altering/internal/server/http/api/handlers.go:314.18,318.5 3 0
github.com/igortoigildin/go-metrics-altering/internal/server/http/api/handlers.go:320.4,320.68 1 0
github.com/igortoigildin/go-metrics-altering/internal/server/http/api/handlers.go:321.25,323.18 2 0
github.com/igortoigildin/go-metrics-altering/internal/server/http/api/handlers.go:323.18,327.5 3 0
github.com/igortoigildin/go-metrics-altering/internal/server/http/api/handlers.go:329.4,329.57 1 0
github.com/igortoigildin/go-metrics-altering/internal/server/http/api/handlers.go:330.11,333.10 3 0
github.com/igortoigildin/go-metrics-altering/internal/server/http/api/router.go:18.92,31.2 10 0
github.com/igortoigildin/go-metrics-altering/internal/server/http/api/mocks/Storage.go:18.107,21.19 2 0
github.com/igortoigildin/go-metrics-altering/internal/server/http/api/mocks/Storage.go:21.19,22.45 1 0
github.com/igortoigildin/go-metrics-altering/internal/server/http/api/mocks/Storage.go:25.2,27.94 3 0
github.com/igortoigildin/go-metrics-altering/internal/server/http/api/mocks/Storage.go:27.94,29.3 1 0
github.com/igortoigildin/go-metrics-altering/internal/server/http/api/mocks/Storage.go:30.2,30.85 1 0
github.com/igortoigildin/go-metrics-altering/internal/server/http/api/mocks/Storage.go:30.85,32.3 1 0
github.com/igortoigildin/go-metrics-altering/internal/server/http/api/mocks/Storage.go:32.8,34.3 1 0
github.com/igortoigildin/go-metrics-altering/internal/server/http/api/mocks/Storage.go:36.2,36.76 1 0
github.com/igortoigildin/go-metrics-altering/internal/server/http/api/mocks/Storage.go:36.76,38.3 1 0
github.com/igortoigildin/go-metrics-altering/internal/server/http/api/mocks/Storage.go:38.8,40.3 1 0
github.com/igortoigildin/go-metrics-altering/internal/server/http/api/mocks/Storage.go:42.2,42.15 1 0
github.com/igortoigildin/go-metrics-altering/internal/server/http/api/mocks/Storage.go:46.80,49.19 2 0
github.com/igortoigildin/go-metrics-altering/internal/server/http/api/mocks/Storage.go:49.19,50.48 1 0
github.com/igortoigildin/go-metrics-altering/internal/server/http/api/mocks/Storage.go:53.2,55.86 3 0
github.com/igortoigildin/go-metrics-altering/internal/server/http/api/mocks/Storage.go:55.86,57.3 1 0
github.com/igortoigildin/go-metrics-altering/internal/server/http/api/mocks/Storage.go:58.2,58.77 1 0
github.com/igortoigildin/go-metrics-altering/internal/server/http/api/mocks/Storage.go:58.77,60.3 1 0
github.com/igortoigildin/go-metrics-altering/internal/server/http/api/mocks/Storage.go:60.8,61.24 1 0
github.com/igortoigildin/go-metrics-altering/internal/server/http/api/mocks/Storage.go:61.24,63.4 1 0
github.com/igortoigildin/go-metrics-altering/internal/server/http/api/mocks/Storage.go:66.2,66.60 1 0
github.com/igortoigildin/go-metrics-altering/internal/server/http/api/mocks/Storage.go:66.60,68.3 1 0
github.com/igortoigildin/go-metrics-altering/internal/server/http/api/mocks/Storage.go:68.8,70.3 1 0
github.com/igortoigildin/go-metrics-altering/internal/server/http/api/mocks/Storage.go:72.2,72.15 1 0
github.com/igortoigildin/go-metrics-altering/internal/server/http/api/mocks/Storage.go:76.52,79.19 2 0
github.com/igortoigildin/go-metrics-altering/internal/server/http/api/mocks/Storage.go:79.19,80.46 1 0
github.com/igortoigildin/go-metrics-altering/internal/server/http/api/mocks/Storage.go:83.2,84.60 2 0
github.com/igortoigildin/go-metrics-altering/internal/server/http/api/mocks/Storage.go:84.60,86.3 1 0
github.com/igortoigildin/go-metrics-altering/internal/server/http/api/mocks/Storage.go:86.8,88.3 1 0
github.com/igortoigildin/go-metrics-altering/internal/server/http/api/mocks/Storage.go:90.2,90.11 1 0
github.com/igortoigildin/go-metrics-altering/internal/server/http/api/mocks/Storage.go:94.117,97.19 2 0
github.com/igortoigildin/go-metrics-altering/internal/server/http/api/mocks/Storage.go:97.19,98.48 1 0
github.com/igortoigildin/go-metrics-altering/internal/server/http/api/mocks/Storage.go:101.2,102.89 2 0
github.com/igortoigildin/go-metrics-altering/internal/server/http/api/mocks/Storage.go:102.89,104.3 1 0
github.com/igortoigildin/go-metrics-altering/internal/server/http/api/mocks/Storage.go:104.8,106.3 1 0
github.com/igortoigildin/go-metrics-altering/internal/server/http/api/mocks/Storage.go:108.2,108.11 1 0
github.com/igortoigildin/go-metrics-altering/internal/server/http/api/mocks/Storage.go:116.13,120.19 3 0
github.com/igortoigildin/go-metrics-altering/internal/server/http/api/mocks/Storage.go:120.19,120.49 1 0
github.com/igortoigildin/go-metrics-altering/internal/server/http/api/mocks/Storage.go:122.2,122.13 1 0
github.com/igortoigildin/go-metrics-altering/internal/storage/inmemory/local.go:27.26,32.2 1 0
github.com/igortoigildin/go-metrics-altering/internal/storage/inmemory/local.go:34.57,35.36 1 0
github.com/igortoigildin/go-metrics-altering/internal/storage/inmemory/local.go:35.36,40.3 2 0
github.com/igortoigildin/go-metrics-altering/internal/storage/inmemory/local.go:40.8,45.3 2 0
github.com/igortoigildin/go-metrics-altering/internal/storage/inmemory/local.go:48.113,55.16 5 0
github.com/igortoigildin/go-metrics-altering/internal/storage/inmemory/local.go:55.16,58.3 2 0
github.com/igortoigildin/go-metrics-altering/internal/storage/inmemory/local.go:59.2,59.12 1 0
github.com/igortoigildin/go-metrics-altering/internal/storage/inmemory/local.go:62.111,69.16 5 0
github.com/igortoigildin/go-metrics-altering/internal/storage/inmemory/local.go:69.16,72.3 2 0
github.com/igortoigildin/go-metrics-altering/internal/storage/inmemory/local.go:73.2,73.20 1 0
github.com/igortoigildin/go-metrics-altering/internal/storage/inmemory/local.go:76.76,83.2 4 0
github.com/igortoigildin/go-metrics-altering/internal/storage/inmemory/local.go:86.64,88.16 2 0
github.com/igortoigildin/go-metrics-altering/internal/storage/inmemory/local.go:88.16,90.3 1 0
github.com/igortoigildin/go-metrics-altering/internal/storage/inmemory/local.go:91.2,92.59 2 0
github.com/igortoigildin/go-metrics-altering/internal/storage/inmemory/local.go:92.59,94.3 1 0
github.com/igortoigildin/go-metrics-altering/internal/storage/inmemory/local.go:96.2,99.32 3 0
github.com/igortoigildin/go-metrics-altering/internal/storage/inmemory/local.go:99.32,100.25 1 0
github.com/igortoigildin/go-metrics-altering/internal/storage/inmemory/local.go:100.25,102.4 1 0
github.com/igortoigildin/go-metrics-altering/internal/storage/inmemory/local.go:102.9,102.34 1 0
github.com/igortoigildin/go-metrics-altering/internal/storage/inmemory/local.go:102.34,104.4 1 0
github.com/igortoigildin/go-metrics-altering/internal/storage/inmemory/local.go:106.2,106.12 1 0
github.com/igortoigildin/go-metrics-altering/internal/storage/inmemory/local.go:109.56,110.20 1 0
github.com/igortoigildin/go-metrics-altering/internal/storage/inmemory/local.go:110.20,113.3 2 0
github.com/igortoigildin/go-metrics-altering/internal/storage/inmemory/local.go:115.2,115.22 1 0
github.com/igortoigildin/go-metrics-altering/internal/storage/inmemory/local.go:115.22,118.3 2 0
github.com/igortoigildin/go-metrics-altering/internal/storage/inmemory/local.go:119.2,119.12 1 0
github.com/igortoigildin/go-metrics-altering/internal/storage/inmemory/local.go:123.110,125.6 1 0
github.com/igortoigildin/go-metrics-altering/internal/storage/inmemory/local.go:125.6,130.31 3 0
github.com/igortoigildin/go-metrics-altering/internal/storage/inmemory/local.go:130.31,132.34 2 0
github.com/igortoigildin/go-metrics-altering/internal/storage/inmemory/local.go:132.34,137.13 5 0
github.com/igortoigildin/go-metrics-altering/internal/storage/inmemory/local.go:139.4,139.32 1 0
github.com/igortoigildin/go-metrics-altering/internal/storage/inmemory/local.go:139.32,144.5 4 0
github.com/igortoigildin/go-metrics-altering/internal/storage/inmemory/local.go:147.3,148.17 2 0
github.com/igortoigildin/go-metrics-altering/internal/storage/inmemory/local.go:148.17,151.4 2 0
github.com/igortoigildin/go-metrics-altering/internal/storage/inmemory/local.go:153.3,154.17 2 0
github.com/igortoigildin/go-metrics-altering/internal/storage/inmemory/local.go:154.17,157.4 2 0
github.com/igortoigildin/go-metrics-altering/internal/storage/inmemory/setMetricAlgo.go:19.91,20.22 1 0
github.com/igortoigildin/go-metrics-altering/internal/storage/inmemory/setMetricAlgo.go:20.22,22.3 1 0
github.com/igortoigildin/go-metrics-altering/internal/storage/inmemory/setMetricAlgo.go:23.2,30.12 5 0
github.com/igortoigildin/go-metrics-altering/internal/storage/inmemory/setMetricAlgo.go:33.89,43.2 7 0
github.com/igortoigildin/go-metrics-altering/internal/storage/inmemory/setMetricAlgo.go:50.89,51.20 1 0
github.com/igortoigildin/go-metrics-altering/internal/storage/inmemory/setMetricAlgo.go:51.20,53.3 1 0
github.com/igortoigildin/go-metrics-altering/internal/storage/inmemory/setMetricAlgo.go:54.2,61.12 5 0
github.com/igortoigildin/go-metrics-altering/internal/storage/inmemory/setMetricAlgo.go:64.87,74.2 7 0
github.com/igortoigildin/go-metrics-altering/internal/storage/postgres/postgres.go:28.56,30.16 2 0
github.com/igortoigildin/go-metrics-altering/internal/storage/postgres/postgres.go:30.16,32.3 1 0
github.com/igortoigildin/go-metrics-altering/internal/storage/postgres/postgres.go:34.2,34.54 1 0
github.com/igortoigildin/go-metrics-altering/internal/storage/postgres/postgres.go:34.54,36.3 1 0
github.com/igortoigildin/go-metrics-altering/internal/storage/postgres/postgres.go:38.2,40.8 1 0
github.com/igortoigildin/go-metrics-altering/internal/storage/postgres/postgres.go:43.59,44.36 1 0
github.com/igortoigildin/go-metrics-altering/internal/storage/postgres/postgres.go:44.36,50.3 3 0
github.com/igortoigildin/go-metrics-altering/internal/storage/postgres/postgres.go:52.2,56.12 3 0
github.com/igortoigildin/go-metrics-altering/internal/storage/postgres/postgres.go:59.54,61.16 2 0
github.com/igortoigildin/go-metrics-altering/internal/storage/postgres/postgres.go:61.16,63.3 1 0
github.com/igortoigildin/go-metrics-altering/internal/storage/postgres/postgres.go:64.2,64.12 1 0
github.com/igortoigildin/go-metrics-altering/internal/storage/postgres/postgres.go:67.111,70.2 2 0
github.com/igortoigildin/go-metrics-altering/internal/storage/postgres/postgres.go:72.109,75.2 2 0
github.com/igortoigildin/go-metrics-altering/internal/storage/postgres/postgres.go:77.74,80.16 3 0
github.com/igortoigildin/go-metrics-altering/internal/storage/postgres/postgres.go:80.16,82.3 1 0
github.com/igortoigildin/go-metrics-altering/internal/storage/postgres/postgres.go:83.2,84.18 2 0
github.com/igortoigildin/go-metrics-altering/internal/storage/postgres/postgres.go:84.18,88.17 4 0
github.com/igortoigildin/go-metrics-altering/internal/storage/postgres/postgres.go:88.17,90.4 1 0
github.com/igortoigildin/go-metrics-altering/internal/storage/postgres/postgres.go:91.3,91.24 1 0
github.com/igortoigildin/go-metrics-altering/internal/storage/postgres/postgres.go:93.2,94.16 2 0
github.com/igortoigildin/go-metrics-altering/internal/storage/postgres/postgres.go:94.16,96.3 1 0
github.com/igortoigildin/go-metrics-altering/internal/storage/postgres/postgres.go:97.2,98.16 2 0
github.com/igortoigildin/go-metrics-altering/internal/storage/postgres/postgres.go:98.16,100.3 1 0
github.com/igortoigildin/go-metrics-altering/internal/storage/postgres/postgres.go:101.2,102.18 2 0
github.com/igortoigildin/go-metrics-altering/internal/storage/postgres/postgres.go:102.18,106.17 4 0
github.com/igortoigildin/go-metrics-altering/internal/storage/postgres/postgres.go:106.17,108.4 1 0
github.com/igortoigildin/go-metrics-altering/internal/storage/postgres/postgres.go:109.3,109.24 1 0
github.com/igortoigildin/go-metrics-altering/internal/storage/postgres/postgres.go:111.2,112.16 2 0
github.com/igortoigildin/go-metrics-altering/internal/storage/postgres/postgres.go:112.16,114.3 1 0
github.com/igortoigildin/go-metrics-altering/internal/storage/postgres/postgres.go:115.2,115.21 1 0
github.com/igortoigildin/go-metrics-altering/internal/storage/postgres/strategy.go:22.106,25.2 2 0
github.com/igortoigildin/go-metrics-altering/internal/storage/postgres/strategy.go:27.104,31.9 3 0
github.com/igortoigildin/go-metrics-altering/internal/storage/postgres/strategy.go:32.37,33.21 1 0
github.com/igortoigildin/go-metrics-altering/internal/storage/postgres/strategy.go:34.18,36.21 2 0
github.com/igortoigildin/go-metrics-altering/internal/storage/postgres/strategy.go:38.2,38.20 1 0
github.com/igortoigildin/go-metrics-altering/internal/storage/postgres/strategy.go:45.106,49.2 2 0
github.com/igortoigildin/go-metrics-altering/internal/storage/postgres/strategy.go:51.104,55.9 3 0
github.com/igortoigildin/go-metrics-altering/internal/storage/postgres/strategy.go:56.37,58.21 2 0
github.com/igortoigildin/go-metrics-altering/internal/storage/postgres/strategy.go:59.18,60.21 1 0
github.com/igortoigildin/go-metrics-altering/internal/storage/postgres/strategy.go:62.2,62.20 1 0
github.com/igortoigildin/go-metrics-altering/pkg/crypt/decrypt.go:10.66,14.16 3 0
github.com/igortoigildin/go-metrics-altering/pkg/crypt/decrypt.go:14.16,16.3 1 0
github.com/igortoigildin/go-metrics-altering/pkg/crypt/decrypt.go:18.2,19.16 2 0
github.com/igortoigildin/go-metrics-altering/pkg/crypt/decrypt.go:19.16,21.3 1 0
github.com/igortoigildin/go-metrics-altering/pkg/crypt/decrypt.go:23.2,23.17 1 0
github.com/igortoigildin/go-metrics-altering/pkg/crypt/encrypt.go:10.63,13.16 3 0
github.com/igortoigildin/go-metrics-altering/pkg/crypt/encrypt.go:13.16,15.3 1 0
github.com/igortoigildin/go-metrics-altering/pkg/crypt/encrypt.go:17.2,18.16 2 0
github.com/igortoigildin/go-metrics-altering/pkg/crypt/encrypt.go:18.16,20.3 1 0
github.com/igortoigildin/go-metrics-altering/pkg/crypt/encrypt.go:22.2,22.24 1 0
github.com/igortoigildin/go-metrics-altering/pkg/crypt/savekey.go:20.50,22.16 2 0
github.com/igortoigildin/go-metrics-altering/pkg/crypt/savekey.go:22.16,24.3 1 0
github.com/igortoigildin/go-metrics-altering/pkg/crypt/savekey.go:26.2,27.16 2 0
github.com/igortoigildin/go-metrics-altering/pkg/crypt/savekey.go:27.16,29.3 1 0
github.com/igortoigildin/go-metrics-altering/pkg/crypt/savekey.go:31.2,32.16 2 0
github.com/igortoigildin/go-metrics-altering/pkg/crypt/savekey.go:32.16,34.3 1 0
github.com/igortoigildin/go-metrics-altering/pkg/crypt/savekey.go:36.2,37.16 2 0
github.com/igortoigildin/go-metrics-altering/pkg/crypt/savekey.go:37.16,39.3 1 0
github.com/igortoigildin/go-metrics-altering/pkg/crypt/savekey.go:40.2,40.12 1 0
github.com/igortoigildin/go-metrics-altering/pkg/crypt/savekey.go:44.72,46.16 2 0
github.com/igortoigildin/go-metrics-altering/pkg/crypt/savekey.go:46.16,48.3 1 0
github.com/igortoigildin/go-metrics-altering/pkg/crypt/savekey.go:50.2,60.16 5 0
github.com/igortoigildin/go-metrics-altering/pkg/crypt/savekey.go:60.16,62.3 1 0
github.com/igortoigildin/go-metrics-altering/pkg/crypt/savekey.go:64.2,69.41 2 0
github.com/igortoigildin/go-metrics-altering/pkg/crypt/savekey.go:72.64,74.16 2 0
github.com/igortoigildin/go-metrics-altering/pkg/crypt/savekey.go:74.16,76.3 1 0
github.com/igortoigildin/go-metrics-altering/pkg/crypt/savekey.go:77.2,77.12 1 0
github.com/igortoigildin/go-metrics-altering/pkg/httpServer/options.go:11.46,12.25 1 0
github.com/igortoigildin/go-metrics-altering/pkg/httpServer/options.go:12.25,14.3 1 0
github.com/igortoigildin/go-metrics-altering/pkg/httpServer/options.go:18.57,19.25 1 0
github.com/igortoigildin/go-metrics-altering/pkg/httpServer/options.go:19.25,21.3 1 0
github.com/igortoigildin/go-metrics-altering/pkg/httpServer/options.go:25.58,26.25 1 0
github.com/igortoigildin/go-metrics-altering/pkg/httpServer/options.go:26.25,28.3 1 0
github.com/igortoigildin/go-metrics-altering/pkg/httpServer/options.go:32.61,33.25 1 0
github.com/igortoigildin/go-metrics-altering/pkg/httpServer/options.go:33.25,35.3 1 0
github.com/igortoigildin/go-metrics-altering/pkg/httpServer/server.go:24.56,39.27 3 0
github.com/igortoigildin/go-metrics-altering/pkg/httpServer/server.go:39.27,41.3 1 0
github.com/igortoigildin/go-metrics-altering/pkg/httpServer/server.go:43.2,45.10 2 0
github.com/igortoigildin/go-metrics-altering/pkg/httpServer/server.go:48.26,49.12 1 0
github.com/igortoigildin/go-metrics-altering/pkg/httpServer/server.go:49.12,52.3 2 0
github.com/igortoigildin/go-metrics-altering/pkg/httpServer/server.go:56.40,58.2 1 0
github.com/igortoigildin/go-metrics-altering/pkg/httpServer/server.go:61.43,66.2 3 0
github.com/igortoigildin/go-metrics-altering/pkg/interceptors/logging/adapter.go:13.54,14.100 1 0
github.com/igortoigildin/go-metrics-altering/pkg/interceptors/logging/adapter.go:14.100,18.3 3 0
github.com/igortoigildin/go-metrics-altering/pkg/interceptors/logging/adapter.go:21.74,22.13 1 0
github.com/igortoigildin/go-metrics-altering/pkg/interceptors/logging/adapter.go:23.26,24.20 1 0
github.com/igortoigildin/go-metrics-altering/pkg/interceptors/logging/adapter.go:25.25,26.19 1 0
github.com/igortoigildin/go-metrics-altering/pkg/interceptors/logging/adapter.go:27.25,28.19 1 0
github.com/igortoigildin/go-metrics-altering/pkg/interceptors/logging/adapter.go:29.26,30.20 1 0
github.com/igortoigildin/go-metrics-altering/pkg/interceptors/logging/adapter.go:31.10,32.37 1 0
github.com/igortoigildin/go-metrics-altering/pkg/interceptors/logging/adapter.go:34.2,34.12 1 0
github.com/igortoigildin/go-metrics-altering/pkg/interceptors/logging/adapter.go:37.60,40.38 2 0
github.com/igortoigildin/go-metrics-altering/pkg/interceptors/logging/adapter.go:40.38,44.28 3 0
github.com/igortoigildin/go-metrics-altering/pkg/interceptors/logging/adapter.go:45.15,46.46 1 0
github.com/igortoigildin/go-metrics-altering/pkg/interceptors/logging/adapter.go:47.12,48.43 1 0
github.com/igortoigildin/go-metrics-altering/pkg/interceptors/logging/adapter.go:49.13,50.44 1 0
github.com/igortoigildin/go-metrics-altering/pkg/interceptors/logging/adapter.go:51.11,52.43 1 0
github.com/igortoigildin/go-metrics-altering/pkg/interceptors/logging/adapter.go:55.2,55.15 1 0
github.com/igortoigildin/go-metrics-altering/pkg/logger/logger.go:7.37,9.16 2 0
github.com/igortoigildin/go-metrics-altering/pkg/logger/logger.go:9.16,11.3 1 0
github.com/igortoigildin/go-metrics-altering/pkg/logger/logger.go:12.2,15.16 4 0
github.com/igortoigildin/go-metrics-altering/pkg/logger/logger.go:15.16,17.3 1 0
github.com/igortoigildin/go-metrics-altering/pkg/logger/logger.go:19.2,20.12 2 0
github.com/igortoigildin/go-metrics-altering/pkg/middlewares/auth/auth.go:17.77,18.71 1 0
github.com/igortoigildin/go-metrics-altering/pkg/middlewares/auth/auth.go:18.71,19.34 1 0
github.com/igortoigildin/go-metrics-altering/pkg/middlewares/auth/auth.go:19.34,24.17 3 0
github.com/igortoigildin/go-metrics-altering/pkg/middlewares/auth/auth.go:24.17,27.5 2 0
github.com/igortoigildin/go-metrics-altering/pkg/middlewares/auth/auth.go:29.4,30.18 2 0
github.com/igortoigildin/go-metrics-altering/pkg/middlewares/auth/auth.go:30.18,33.5 2 0
github.com/igortoigildin/go-metrics-altering/pkg/middlewares/auth/auth.go:35.4,35.18 1 0
github.com/igortoigildin/go-metrics-altering/pkg/middlewares/auth/auth.go:35.18,38.5 2 0
github.com/igortoigildin/go-metrics-altering/pkg/middlewares/auth/auth.go:40.3,40.13 1 0
github.com/igortoigildin/go-metrics-altering/pkg/middlewares/auth/auth.go:44.76,46.15 2 0
github.com/igortoigildin/go-metrics-altering/pkg/middlewares/auth/auth.go:46.15,49.3 2 0
github.com/igortoigildin/go-metrics-altering/pkg/middlewares/auth/auth.go:52.2,53.16 2 0
github.com/igortoigildin/go-metrics-altering/pkg/middlewares/auth/auth.go:53.16,55.3 1 0
github.com/igortoigildin/go-metrics-altering/pkg/middlewares/auth/auth.go:58.2,58.37 1 0
github.com/igortoigildin/go-metrics-altering/pkg/middlewares/auth/auth.go:62.62,67.2 4 0
github.com/igortoigildin/go-metrics-altering/pkg/middlewares/compress/compress.go:16.63,21.2 1 0
github.com/igortoigildin/go-metrics-altering/pkg/middlewares/compress/compress.go:23.47,25.2 1 0
github.com/igortoigildin/go-metrics-altering/pkg/middlewares/compress/compress.go:27.55,29.2 1 0
github.com/igortoigildin/go-metrics-altering/pkg/middlewares/compress/compress.go:31.54,32.22 1 0
github.com/igortoigildin/go-metrics-altering/pkg/middlewares/compress/compress.go:32.22,34.3 1 0
github.com/igortoigildin/go-metrics-altering/pkg/middlewares/compress/compress.go:35.2,35.29 1 0
github.com/igortoigildin/go-metrics-altering/pkg/middlewares/compress/compress.go:38.40,40.2 1 0
github.com/igortoigildin/go-metrics-altering/pkg/middlewares/compress/compress.go:47.66,49.16 2 0
github.com/igortoigildin/go-metrics-altering/pkg/middlewares/compress/compress.go:49.16,51.3 1 0
github.com/igortoigildin/go-metrics-altering/pkg/middlewares/compress/compress.go:52.2,55.8 1 0
github.com/igortoigildin/go-metrics-altering/pkg/middlewares/compress/compress.go:58.59,60.2 1 0
github.com/igortoigildin/go-metrics-altering/pkg/middlewares/compress/compress.go:62.40,63.36 1 0
github.com/igortoigildin/go-metrics-altering/pkg/middlewares/compress/compress.go:63.36,65.3 1 0
github.com/igortoigildin/go-metrics-altering/pkg/middlewares/compress/compress.go:66.2,66.21 1 0
github.com/igortoigildin/go-metrics-altering/pkg/middlewares/compress/compress.go:69.58,70.54 1 0
github.com/igortoigildin/go-metrics-altering/pkg/middlewares/compress/compress.go:70.54,74.19 4 0
github.com/igortoigildin/go-metrics-altering/pkg/middlewares/compress/compress.go:74.19,78.4 3 0
github.com/igortoigildin/go-metrics-altering/pkg/middlewares/compress/compress.go:79.3,81.16 3 0
github.com/igortoigildin/go-metrics-altering/pkg/middlewares/compress/compress.go:81.16,83.18 2 0
github.com/igortoigildin/go-metrics-altering/pkg/middlewares/compress/compress.go:83.18,86.5 2 0
github.com/igortoigildin/go-metrics-altering/pkg/middlewares/compress/compress.go:87.4,88.20 2 0
github.com/igortoigildin/go-metrics-altering/pkg/middlewares/compress/compress.go:90.3,90.21 1 0
github.com/igortoigildin/go-metrics-altering/pkg/middlewares/logging/logger.go:26.62,30.2 3 0
github.com/igortoigildin/go-metrics-altering/pkg/middlewares/logging/logger.go:32.61,35.2 2 0
github.com/igortoigildin/go-metrics-altering/pkg/middlewares/logging/logger.go:38.51,39.71 1 0
github.com/igortoigildin/go-metrics-altering/pkg/middlewares/logging/logger.go:39.71,58.3 6 0
github.com/igortoigildin/go-metrics-altering/pkg/middlewares/timeout/timeout.go:12.77,13.71 1 0
github.com/igortoigildin/go-metrics-altering/pkg/middlewares/timeout/timeout.go:13.71,20.13 5 0
github.com/igortoigildin/go-metrics-altering/pkg/middlewares/timeout/timeout.go:20.13,23.4 2 0
github.com/igortoigildin/go-metrics-altering/pkg/middlewares/timeout/timeout.go:25.3,25.10 1 0
github.com/igortoigildin/go-metrics-altering/pkg/middlewares/timeout/timeout.go:26.21,29.32 3 0
github.com/igortoigildin/go-metrics-altering/pkg/middlewares/timeout/timeout.go:30.22,30.22 0 0
github.com/igortoigildin/go-metrics-altering/pkg/processJSON/processJSON.go:14.47,16.16 2 0
github.com/igortoigildin/go-metrics-altering/pkg/processJSON/processJSON.go:16.16,18.3 1 0
github.com/igortoigildin/go-metrics-altering/pkg/processJSON/processJSON.go:19.2,19.12 1 0
github.com/igortoigildin/go-metrics-altering/pkg/processJSON/processJSON.go:22.89,24.16 2 0
github.com/igortoigildin/go-metrics-altering/pkg/processJSON/processJSON.go:24.16,26.3 1 0
github.com/igortoigildin/go-metrics-altering/pkg/processJSON/processJSON.go:27.2,28.34 2 0
github.com/igortoigildin/go-metrics-altering/pkg/processJSON/processJSON.go:28.34,30.3 1 0
github.com/igortoigildin/go-metrics-altering/pkg/processJSON/processJSON.go:32.2,35.12 4 0
github.com/igortoigildin/go-metrics-altering/pkg/processMap/processMap.go:4.90,6.22 2 0
github.com/igortoigildin/go-metrics-altering/pkg/processMap/processMap.go:6.22,8.3 1 0
github.com/igortoigildin/go-metrics-altering/pkg/processMap/processMap.go:9.2,9.22 1 0
github.com/igortoigildin/go-metrics-altering/pkg/processMap/processMap.go:9.22,11.3 1 0
github.com/igortoigildin/go-metrics-altering/pkg/processMap/processMap.go:12.2,12.10 1 0
github.com/igortoigildin/go-metrics-altering/internal/agent/memory/memory.go:33.25,38.2 1 0
github.com/igortoigildin/go-metrics-altering/internal/agent/memory/memory.go:41.93,43.42 2 0
github.com/igortoigildin/go-metrics-altering/internal/agent/memory/memory.go:43.42,46.3 2 0
github.com/igortoigildin/go-metrics-altering/internal/agent/memory/memory.go:47.2,49.23 3 0
github.com/igortoigildin/go-metrics-altering/internal/agent/memory/memory.go:53.65,54.27 1 0
github.com/igortoigildin/go-metrics-altering/internal/agent/memory/memory.go:54.27,56.3 1 0
github.com/igortoigildin/go-metrics-altering/internal/agent/memory/memory.go:58.2,59.16 2 0
github.com/igortoigildin/go-metrics-altering/internal/agent/memory/memory.go:59.16,61.3 1 0
github.com/igortoigildin/go-metrics-altering/internal/agent/memory/memory.go:62.2,63.16 2 0
github.com/igortoigildin/go-metrics-altering/internal/agent/memory/memory.go:63.16,65.3 1 0
github.com/igortoigildin/go-metrics-altering/internal/agent/memory/memory.go:66.2,70.16 5 0
github.com/igortoigildin/go-metrics-altering/internal/agent/memory/memory.go:74.66,111.2 36 0
github.com/igortoigildin/go-metrics-altering/internal/agent/sendMetrics/sendJSONMetric.go:27.85,30.22 2 0
github.com/igortoigildin/go-metrics-altering/internal/agent/sendMetrics/sendJSONMetric.go:30.22,33.3 2 0
github.com/igortoigildin/go-metrics-altering/internal/agent/sendMetrics/sendJSONMetric.go:35.2,42.16 5 0
github.com/igortoigildin/go-metrics-altering/internal/agent/sendMetrics/sendJSONMetric.go:42.16,45.3 2 0
github.com/igortoigildin/go-metrics-altering/internal/agent/sendMetrics/sendJSONMetric.go:48.2,48.27 1 0
github.com/igortoigildin/go-metrics-altering/internal/agent/sendMetrics/sendJSONMetric.go:48.27,54.3 5 0
github.com/igortoigildin/go-metrics-altering/internal/agent/sendMetrics/sendJSONMetric.go:56.2,56.27 1 0
github.com/igortoigildin/go-metrics-altering/internal/agent/sendMetrics/sendJSONMetric.go:56.27,58.17 2 0
github.com/igortoigildin/go-metrics-altering/internal/agent/sendMetrics/sendJSONMetric.go:58.17,60.4 1 0
github.com/igortoigildin/go-metrics-altering/internal/agent/sendMetrics/sendJSONMetric.go:63.3,64.17 2 0
github.com/igortoigildin/go-metrics-altering/internal/agent/sendMetrics/sendJSONMetric.go:64.17,66.4 1 0
github.com/igortoigildin/go-metrics-altering/internal/agent/sendMetrics/sendJSONMetric.go:69.2,70.16 2 0
github.com/igortoigildin/go-metrics-altering/internal/agent/sendMetrics/sendJSONMetric.go:70.16,72.10 1 0
github.com/igortoigildin/go-metrics-altering/internal/agent/sendMetrics/sendJSONMetric.go:73.26,74.89 1 0
github.com/igortoigildin/go-metrics-altering/internal/agent/sendMetrics/sendJSONMetric.go:74.89,76.47 2 0
github.com/igortoigildin/go-metrics-altering/internal/agent/sendMetrics/sendJSONMetric.go:76.47,77.11 1 0
github.com/igortoigildin/go-metrics-altering/internal/agent/sendMetrics/sendJSONMetric.go:80.4,80.30 1 0
github.com/igortoigildin/go-metrics-altering/internal/agent/sendMetrics/sendJSONMetric.go:81.11,83.14 2 0
github.com/igortoigildin/go-metrics-altering/internal/agent/sendMetrics/sendJSONMetric.go:87.2,88.12 2 0
github.com/igortoigildin/go-metrics-altering/internal/agent/sendMetrics/sendJSONMetric.go:92.66,102.16 6 0
github.com/igortoigildin/go-metrics-altering/internal/agent/sendMetrics/sendJSONMetric.go:102.16,105.3 2 0
github.com/igortoigildin/go-metrics-altering/internal/agent/sendMetrics/sendJSONMetric.go:107.2,107.27 1 0
github.com/igortoigildin/go-metrics-altering/internal/agent/sendMetrics/sendJSONMetric.go:107.27,113.3 5 0
github.com/igortoigildin/go-metrics-altering/internal/agent/sendMetrics/sendJSONMetric.go:115.2,115.27 1 0
github.com/igortoigildin/go-metrics-altering/internal/agent/sendMetrics/sendJSONMetric.go:115.27,117.17 2 0
github.com/igortoigildin/go-metrics-altering/internal/agent/sendMetrics/sendJSONMetric.go:117.17,120.4 2 0
github.com/igortoigildin/go-metrics-altering/internal/agent/sendMetrics/sendJSONMetric.go:122.3,123.17 2 0
github.com/igortoigildin/go-metrics-altering/internal/agent/sendMetrics/sendJSONMetric.go:123.17,126.4 2 0
github.com/igortoigildin/go-metrics-altering/internal/agent/sendMetrics/sendJSONMetric.go:129.2,130.16 2 0
github.com/igortoigildin/go-metrics-altering/internal/agent/sendMetrics/sendJSONMetric.go:130.16,132.10 1 0
github.com/igortoigildin/go-metrics-altering/internal/agent/sendMetrics/sendJSONMetric.go:133.26,134.89 1 0
github.com/igortoigildin/go-metrics-altering/internal/agent/sendMetrics/sendJSONMetric.go:134.89,136.47 2 0
github.com/igortoigildin/go-metrics-altering/internal/agent/sendMetrics/sendJSONMetric.go:136.47,137.11 1 0
github.com/igortoigildin/go-metrics-altering/internal/agent/sendMetrics/sendJSONMetric.go:140.4,140.30 1 0
github.com/igortoigildin/go-metrics-altering/internal/agent/sendMetrics/sendJSONMetric.go:141.11,143.14 2 0
github.com/igortoigildin/go-metrics-altering/internal/agent/sendMetrics/sendJSONMetric.go:147.2,148.12 2 0
github.com/igortoigildin/go-metrics-altering/internal/agent/sendMetrics/sendURLMetric.go:18.65,21.16 3 0
github.com/igortoigildin/go-metrics-altering/internal/agent/sendMetrics/sendURLMetric.go:21.16,23.3 1 0
github.com/igortoigildin/go-metrics-altering/internal/agent/sendMetrics/sendURLMetric.go:26.2,26.27 1 0
github.com/igortoigildin/go-metrics-altering/internal/agent/sendMetrics/sendURLMetric.go:26.27,34.3 5 0
github.com/igortoigildin/go-metrics-altering/internal/agent/sendMetrics/sendURLMetric.go:37.2,41.16 4 0
github.com/igortoigildin/go-metrics-altering/internal/agent/sendMetrics/sendURLMetric.go:41.16,42.10 1 0
github.com/igortoigildin/go-metrics-altering/internal/agent/sendMetrics/sendURLMetric.go:43.26,44.89 1 0
github.com/igortoigildin/go-metrics-altering/internal/agent/sendMetrics/sendURLMetric.go:44.89,46.42 2 0
github.com/igortoigildin/go-metrics-altering/internal/agent/sendMetrics/sendURLMetric.go:46.42,47.11 1 0
github.com/igortoigildin/go-metrics-altering/internal/agent/sendMetrics/sendURLMetric.go:50.4,50.30 1 0
github.com/igortoigildin/go-metrics-altering/internal/agent/sendMetrics/sendURLMetric.go:51.11,52.14 1 0
github.com/igortoigildin/go-metrics-altering/internal/agent/sendMetrics/sendURLMetric.go:56.2,57.12 2 0
github.com/igortoigildin/go-metrics-altering/internal/agent/sendMetrics/sendURLMetric.go:61.84,64.16 3 0
github.com/igortoigildin/go-metrics-altering/internal/agent/sendMetrics/sendURLMetric.go:64.16,66.3 1 0
github.com/igortoigildin/go-metrics-altering/internal/agent/sendMetrics/sendURLMetric.go:69.2,69.27 1 0
github.com/igortoigildin/go-metrics-altering/internal/agent/sendMetrics/sendURLMetric.go:69.27,77.3 5 0
github.com/igortoigildin/go-metrics-altering/internal/agent/sendMetrics/sendURLMetric.go:80.2,86.16 4 0
github.com/igortoigildin/go-metrics-altering/internal/agent/sendMetrics/sendURLMetric.go:86.16,87.10 1 0
github.com/igortoigildin/go-metrics-altering/internal/agent/sendMetrics/sendURLMetric.go:88.26,90.18 2 0
github.com/igortoigildin/go-metrics-altering/internal/agent/sendMetrics/sendURLMetric.go:90.18,92.5 1 0
github.com/igortoigildin/go-metrics-altering/internal/agent/sendMetrics/sendURLMetric.go:93.11,94.14 1 0
github.com/igortoigildin/go-metrics-altering/internal/agent/sendMetrics/sendURLMetric.go:98.2,99.12 2 0
github.com/igortoigildin/go-metrics-altering/internal/agent/sendMetrics/sendURLMetric.go:102.58,103.87 1 0
github.com/igortoigildin/go-metrics-altering/internal/agent/sendMetrics/sendURLMetric.go:103.87,105.41 2 0
github.com/igortoigildin/go-metrics-altering/internal/agent/sendMetrics/sendURLMetric.go:105.41,107.4 1 0
github.com/igortoigildin/go-metrics-altering/internal/agent/sendMetrics/sendURLMetric.go:109.2,109.28 1 0
github.com/igortoigildin/go-metrics-altering/internal/server/grpc/rpcserver/server.go:31.51,33.2 1 0
github.com/igortoigildin/go-metrics-altering/internal/server/grpc/rpcserver/server.go:35.122,37.16 2 1
github.com/igortoigildin/go-metrics-altering/internal/server/grpc/rpcserver/server.go:37.16,39.3 1 0
github.com/igortoigildin/go-metrics-altering/internal/server/grpc/rpcserver/server.go:40.2,40.17 1 1
github.com/igortoigildin/go-metrics-altering/internal/server/grpc/rpcserver/server.go:43.128,45.16 2 1
github.com/igortoigildin/go-metrics-altering/internal/server/grpc/rpcserver/server.go:45.16,47.3 1 0
github.com/igortoigildin/go-metrics-altering/internal/server/grpc/rpcserver/server.go:48.2,48.17 1 1
github.com/igortoigildin/go-metrics-altering/internal/server/http/api/handlers.go:35.45,36.71 1 0
github.com/igortoigildin/go-metrics-altering/internal/server/http/api/handlers.go:36.71,38.33 2 0
github.com/igortoigildin/go-metrics-altering/internal/server/http/api/handlers.go:38.33,42.4 3 0
github.com/igortoigildin/go-metrics-altering/internal/server/http/api/handlers.go:43.3,44.17 2 0
github.com/igortoigildin/go-metrics-altering/internal/server/http/api/handlers.go:44.17,47.4 2 0
github.com/igortoigildin/go-metrics-altering/internal/server/http/api/handlers.go:48.3,48.31 1 0
github.com/igortoigildin/go-metrics-altering/internal/server/http/api/handlers.go:52.48,53.71 1 0
github.com/igortoigildin/go-metrics-altering/internal/server/http/api/handlers.go:53.71,56.34 2 0
github.com/igortoigildin/go-metrics-altering/internal/server/http/api/handlers.go:56.34,60.4 3 0
github.com/igortoigildin/go-metrics-altering/internal/server/http/api/handlers.go:62.3,64.17 3 0
github.com/igortoigildin/go-metrics-altering/internal/server/http/api/handlers.go:64.17,68.4 3 0
github.com/igortoigildin/go-metrics-altering/internal/server/http/api/handlers.go:71.3,71.34 1 0
github.com/igortoigildin/go-metrics-altering/internal/server/http/api/handlers.go:71.34,72.76 1 0
github.com/igortoigildin/go-metrics-altering/internal/server/http/api/handlers.go:72.76,76.5 3 0
github.com/igortoigildin/go-metrics-altering/internal/server/http/api/handlers.go:77.4,77.24 1 0
github.com/igortoigildin/go-metrics-altering/internal/server/http/api/handlers.go:78.26,80.19 2 0
github.com/igortoigildin/go-metrics-altering/internal/server/http/api/handlers.go:80.19,84.6 3 0
github.com/igortoigildin/go-metrics-altering/internal/server/http/api/handlers.go:85.26,87.19 2 0
github.com/igortoigildin/go-metrics-altering/internal/server/http/api/handlers.go:87.19,91.6 3 0
github.com/igortoigildin/go-metrics-altering/internal/server/http/api/handlers.go:94.3,94.53 1 0
github.com/igortoigildin/go-metrics-altering/internal/server/http/api/handlers.go:98.53,99.71 1 0
github.com/igortoigildin/go-metrics-altering/internal/server/http/api/handlers.go:99.71,103.34 2 0
github.com/igortoigildin/go-metrics-altering/internal/server/http/api/handlers.go:103.34,107.4 3 0
github.com/igortoigildin/go-metrics-altering/internal/server/http/api/handlers.go:110.3,111.17 2 0
github.com/igortoigildin/go-metrics-altering/internal/server/http/api/handlers.go:111.17,114.4 2 0
github.com/igortoigildin/go-metrics-altering/internal/server/http/api/handlers.go:116.3,117.17 2 0
github.com/igortoigildin/go-metrics-altering/internal/server/http/api/handlers.go:117.17,120.4 2 0
github.com/igortoigildin/go-metrics-altering/internal/server/http/api/handlers.go:121.3,125.17 3 0
github.com/igortoigildin/go-metrics-altering/internal/server/http/api/handlers.go:125.17,128.4 2 0
github.com/igortoigildin/go-metrics-altering/internal/server/http/api/handlers.go:130.3,133.17 3 0
github.com/igortoigildin/go-metrics-altering/internal/server/http/api/handlers.go:133.17,135.4 1 0
github.com/igortoigildin/go-metrics-altering/internal/server/http/api/handlers.go:137.3,137.20 1 0
github.com/igortoigildin/go-metrics-altering/internal/server/http/api/handlers.go:138.25,140.18 2 0
github.com/igortoigildin/go-metrics-altering/internal/server/http/api/handlers.go:140.18,144.5 3 0
github.com/igortoigildin/go-metrics-altering/internal/server/http/api/handlers.go:145.25,147.18 2 0
github.com/igortoigildin/go-metrics-altering/internal/server/http/api/handlers.go:147.18,151.5 3 0
github.com/igortoigildin/go-metrics-altering/internal/server/http/api/handlers.go:152.11,155.10 3 0
github.com/igortoigildin/go-metrics-altering/internal/server/http/api/handlers.go:158.3,165.17 3 0
github.com/igortoigildin/go-metrics-altering/internal/server/http/api/handlers.go:165.17,168.4 2 0
github.com/igortoigildin/go-metrics-altering/internal/server/http/api/handlers.go:172.54,173.71 1 0
github.com/igortoigildin/go-metrics-altering/internal/server/http/api/handlers.go:173.71,177.17 4 0
github.com/igortoigildin/go-metrics-altering/internal/server/http/api/handlers.go:177.17,181.4 3 0
github.com/igortoigildin/go-metrics-altering/internal/server/http/api/handlers.go:182.3,183.17 2 0
github.com/igortoigildin/go-metrics-altering/internal/server/http/api/handlers.go:183.17,186.4 2 0
github.com/igortoigildin/go-metrics-altering/internal/server/http/api/handlers.go:190.50,191.71 1 0
github.com/igortoigildin/go-metrics-altering/internal/server/http/api/handlers.go:191.71,194.33 2 0
github.com/igortoigildin/go-metrics-altering/internal/server/http/api/handlers.go:194.33,198.4 3 0
github.com/igortoigildin/go-metrics-altering/internal/server/http/api/handlers.go:200.3,202.17 3 0
github.com/igortoigildin/go-metrics-altering/internal/server/http/api/handlers.go:202.17,206.4 3 0
github.com/igortoigildin/go-metrics-altering/internal/server/http/api/handlers.go:208.3,208.69 1 0
github.com/igortoigildin/go-metrics-altering/internal/server/http/api/handlers.go:208.69,212.4 3 0
github.com/igortoigildin/go-metrics-altering/internal/server/http/api/handlers.go:214.3,219.20 2 0
github.com/igortoigildin/go-metrics-altering/internal/server/http/api/handlers.go:220.25,222.18 2 0
github.com/igortoigildin/go-metrics-altering/internal/server/http/api/handlers.go:222.18,223.12 1 0
github.com/igortoigildin/go-metrics-altering/internal/server/http/api/handlers.go:224.40,227.12 3 0
github.com/igortoigildin/go-metrics-altering/internal/server/http/api/handlers.go:228.13,231.12 3 0
github.com/igortoigildin/go-metrics-altering/internal/server/http/api/handlers.go:234.4,234.26 1 0
github.com/igortoigildin/go-metrics-altering/internal/server/http/api/handlers.go:235.25,237.18 2 0
github.com/igortoigildin/go-metrics-altering/internal/server/http/api/handlers.go:237.18,238.12 1 0
github.com/igortoigildin/go-metrics-altering/internal/server/http/api/handlers.go:239.40,242.12 3 0
github.com/igortoigildin/go-metrics-altering/internal/server/http/api/handlers.go:243.13,246.12 3 0
github.com/igortoigildin/go-metrics-altering/internal/server/http/api/handlers.go:249.4,249.26 1 0
github.com/igortoigildin/go-metrics-altering/internal/server/http/api/handlers.go:252.3,254.17 3 0
github.com/igortoigildin/go-metrics-altering/internal/server/http/api/handlers.go:254.17,257.4 2 0
github.com/igortoigildin/go-metrics-altering/internal/server/http/api/handlers.go:261.63,262.71 1 0
github.com/igortoigildin/go-metrics-altering/internal/server/http/api/handlers.go:262.71,267.21 4 0
github.com/igortoigildin/go-metrics-altering/internal/server/http/api/handlers.go:268.25,270.18 2 0
github.com/igortoigildin/go-metrics-altering/internal/server/http/api/handlers.go:270.18,274.5 3 0
github.com/igortoigildin/go-metrics-altering/internal/server/http/api/handlers.go:276.4,277.18 2 0
github.com/igortoigildin/go-metrics-altering/internal/server/http/api/handlers.go:277.18,281.5 3 0
github.com/igortoigildin/go-metrics-altering/internal/server/http/api/handlers.go:283.25,285.18 2 0
github.com/igortoigildin/go-metrics-altering/internal/server/http/api/handlers.go:285.18,289.5 3 0
github.com/igortoigildin/go-metrics-altering/internal/server/http/api/handlers.go:291.4,292.18 2 0
github.com/igortoigildin/go-metrics-altering/internal/server/http/api/handlers.go:292.18,296.5 3 0
github.com/igortoigildin/go-metrics-altering/internal/server/http/api/handlers.go:297.11,299.10 2 0
github.com/igortoigildin/go-metrics-altering/internal/server/http/api/handlers.go:301.3,301.62 1 0
github.com/igortoigildin/go-metrics-altering/internal/server/http/api/handlers.go:305.62,306.71 1 0
github.com/igortoigildin/go-metrics-altering/internal/server/http/api/handlers.go:306.71,311.21 3 0
github.com/igortoigildin/go-metrics-altering/internal/server/http/api/handlers.go:312.25,314.18 2 0
github.com/igortoigildin/go-metrics-altering/internal/server/http/api/handlers.go:314.18,318.5 3 0
github.com/igortoigildin/go-metrics-altering/internal/server/http/api/handlers.go:320.4,320.68 1 0
github.com/igortoigildin/go-metrics-altering/internal/server/http/api/handlers.go:321.25,323.18 2 0
github.com/igortoigildin/go-metrics-altering/internal/server/http/api/handlers.go:323.18,327.5 3 0
github.com/igortoigildin/go-metrics-altering/internal/server/http/api/handlers.go:329.4,329.57 1 0
github.com/igortoigildin/go-metrics-altering/internal/server/http/api/handlers.go:330.11,333.10 3 0
github.com/igortoigildin/go-metrics-altering/internal/server/http/api/router.go:18.92,31.2 10 0
github.com/igortoigildin/go-metrics-altering/internal/server/http/api/mocks/Storage.go:18.107,21.19 2 0
github.com/igortoigildin/go-metrics-altering/internal/server/http/api/mocks/Storage.go:21.19,22.45 1 0
github.com/igortoigildin/go-metrics-altering/internal/server/http/api/mocks/Storage.go:25.2,27.94 3 0
github.com/igortoigildin/go-metrics-altering/internal/server/http/api/mocks/Storage.go:27.94,29.3 1 0
github.com/igortoigildin/go-metrics-altering/internal/server/http/api/mocks/Storage.go:30.2,30.85 1 0
github.com/igortoigildin/go-metrics-altering/internal/server/http/api/mocks/Storage.go:30.85,32.3 1 0
github.com/igortoigildin/go-metrics-altering/internal/server/http/api/mocks/Storage.go:32.8,34.3 1 0
github.com/igortoigildin/go-metrics-altering/internal/server/http/api/mocks/Storage.go:36.2,36.76 1 0
github.com/igortoigildin/go-metrics-altering/internal/server/http/api/mocks/Storage.go:36.76,38.3 1 0
github.com/igortoigildin/go-metrics-altering/internal/server/http/api/mocks/Storage.go:38.8,40.3 1 0
github.com/igortoigildin/go-metrics-altering/internal/server/http/api/mocks/Storage.go:42.2,42.15 1 0
github.com/igortoigildin/go-metrics-altering/internal/server/http/api/mocks/Storage.go:46.80,49.19 2 0
github.com/igortoigildin/go-metrics-altering/internal/server/http/api/mocks/Storage.go:49.19,50.48 1 0
github.com/igortoigildin/go-metrics-altering/internal/server/http/api/mocks/Storage.go:53.2,55.86 3 0
github.com/igortoigildin/go-metrics-altering/internal/server/http/api/mocks/Storage.go:55.86,57.3 1 0
github.com/igortoigildin/go-metrics-altering/internal/server/http/api/mocks/Storage.go:58.2,58.77 1 0
github.com/igortoigildin/go-metrics-altering/internal/server/http/api/mocks/Storage.go:58.77,60.3 1 0
github.com/igortoigildin/go-metrics-altering/internal/server/http/api/mocks/Storage.go:60.8,61.24 1 0
github.com/igortoigildin/go-metrics-altering/internal/server/http/api/mocks/Storage.go:61.24,63.4 1 0
github.com/igortoigildin/go-metrics-altering/internal/server/http/api/mocks/Storage.go:66.2,66.60 1 0
github.com/igortoigildin/go-metrics-altering/internal/server/http/api/mocks/Storage.go:66.60,68.3 1 0
github.com/igortoigildin/go-metrics-altering/internal/server/http/api/mocks/Storage.go:68.8,70.3 1 0
github.com/igortoigildin/go-metrics-altering/internal/server/http/api/mocks/Storage.go:72.2,72.15 1 0
github.com/igortoigildin/go-metrics-altering/internal/server/http/api/mocks/Storage.go:76.52,79.19 2 0
github.com/igortoigildin/go-metrics-altering/internal/server/http/api/mocks/Storage.go:79.19,80.46 1 0
github.com/igortoigildin/go-metrics-altering/internal/server/http/api/mocks/Storage.go:83.2,84.60 2 0
github.com/igortoigildin/go-metrics-altering/internal/server/http/api/mocks/Storage.go:84.60,86.3 1 0
github.com/igortoigildin/go-metrics-altering/internal/server/http/api/mocks/Storage.go:86.8,88.3 1 0
github.com/igortoigildin/go-metrics-altering/internal/server/http/api/mocks/Storage.go:90.2,90.11 1 0
github.com/igortoigildin/go-metrics-altering/internal/server/http/api/mocks/Storage.go:94.117,97.19 2 0
github.com/igortoigildin/go-metrics-altering/internal/server/http/api/mocks/Storage.go:97.19,98.48 1 0
github.com/igortoigildin/go-metrics-altering/internal/server/http/api/mocks/Storage.go:101.2,102.89 2 0
github.com/igortoigildin/go-metrics-altering/internal/server/http/api/mocks/Storage.go:102.89,104.3 1 0
github.com/igortoigildin/go-metrics-altering/internal/server/http/api/mocks/Storage.go:104.8,106.3 1 0
github.com/igortoigildin/go-metrics-altering/internal/server/http/api/mocks/Storage.go:108.2,108.11 1 0
github.com/igortoigildin/go-metrics-altering/internal/server/http/api/mocks/Storage.go:116.13,120.19 3 0
github.com/igortoigildin/go-metrics-altering/internal/server/http/api/mocks/Storage.go:120.19,120.49 1 0
github.com/igortoigildin/go-metrics-altering/internal/server/http/api/mocks/Storage.go:122.2,122.13 1 0
github.com/igortoigildin/go-metrics-altering/internal/storage/inmemory/local.go:27.26,32.2 1 1
github.com/igortoigildin/go-metrics-altering/internal/storage/inmemory/local.go:34.57,35.36 1 1
github.com/igortoigildin/go-metrics-altering/internal/storage/inmemory/local.go:35.36,40.3 2 1
github.com/igortoigildin/go-metrics-altering/internal/storage/inmemory/local.go:40.8,45.3 2 1
github.com/igortoigildin/go-metrics-altering/internal/storage/inmemory/local.go:48.113,55.16 5 1
github.com/igortoigildin/go-metrics-altering/internal/storage/inmemory/local.go:55.16,58.3 2 0
github.com/igortoigildin/go-metrics-altering/internal/storage/inmemory/local.go:59.2,59.12 1 1
github.com/igortoigildin/go-metrics-altering/internal/storage/inmemory/local.go:62.111,69.16 5 0
github.com/igortoigildin/go-metrics-altering/internal/storage/inmemory/local.go:69.16,72.3 2 0
github.com/igortoigildin/go-metrics-altering/internal/storage/inmemory/local.go:73.2,73.20 1 0
github.com/igortoigildin/go-metrics-altering/internal/storage/inmemory/local.go:76.76,83.2 4 0
github.com/igortoigildin/go-metrics-altering/internal/storage/inmemory/local.go:86.64,88.16 2 0
github.com/igortoigildin/go-metrics-altering/internal/storage/inmemory/local.go:88.16,90.3 1 0
github.com/igortoigildin/go-metrics-altering/internal/storage/inmemory/local.go:91.2,92.59 2 0
github.com/igortoigildin/go-metrics-altering/internal/storage/inmemory/local.go:92.59,94.3 1 0
github.com/igortoigildin/go-metrics-altering/internal/storage/inmemory/local.go:96.2,99.32 3 0
github.com/igortoigildin/go-metrics-altering/internal/storage/inmemory/local.go:99.32,100.25 1 0
github.com/igortoigildin/go-metrics-altering/internal/storage/inmemory/local.go:100.25,102.4 1 0
github.com/igortoigildin/go-metrics-altering/internal/storage/inmemory/local.go:102.9,102.34 1 0
github.com/igortoigildin/go-metrics-altering/internal/storage/inmemory/local.go:102.34,104.4 1 0
github.com/igortoigildin/go-metrics-altering/internal/storage/inmemory/local.go:106.2,106.12 1 0
github.com/igortoigildin/go-metrics-altering/internal/storage/inmemory/local.go:109.56,110.20 1 0
github.com/igortoigildin/go-metrics-altering/internal/storage/inmemory/local.go:110.20,113.3 2 0
github.com/igortoigildin/go-metrics-altering/internal/storage/inmemory/local.go:115.2,115.22 1 0
github.com/igortoigildin/go-metrics-altering/internal/storage/inmemory/local.go:115.22,118.3 2 0
github.com/igortoigildin/go-metrics-altering/internal/storage/inmemory/local.go:119.2,119.12 1 0
github.com/igortoigildin/go-metrics-altering/internal/storage/inmemory/local.go:123.110,125.6 1 0
github.com/igortoigildin/go-metrics-altering/internal/storage/inmemory/local.go:125.6,130.31 3 0
github.com/igortoigildin/go-metrics-altering/internal/storage/inmemory/local.go:130.31,132.34 2 0
github.com/igortoigildin/go-metrics-altering/internal/storage/inmemory/local.go:132.34,137.13 5 0
github.com/igortoigildin/go-metrics-altering/internal/storage/inmemory/local.go:139.4,139.32 1 0
github.com/igortoigildin/go-metrics-altering/internal/storage/inmemory/local.go:139.32,144.5 4 0
github.com/igortoigildin/go-metrics-altering/internal/storage/inmemory/local.go:147.3,148.17 2 0
github.com/igortoigildin/go-metrics-altering/internal/storage/inmemory/local.go:148.17,151.4 2 0
github.com/igortoigildin/go-metrics-altering/internal/storage/inmemory/local.go:153.3,154.17 2 0
github.com/igortoigildin/go-metrics-altering/internal/storage/inmemory/local.go:154.17,157.4 2 0
github.com/igortoigildin/go-metrics-altering/internal/storage/inmemory/setMetricAlgo.go:19.91,20.22 1 1
github.com/igortoigildin/go-metrics-altering/internal/storage/inmemory/setMetricAlgo.go:20.22,22.3 1 0
github.com/igortoigildin/go-metrics-altering/internal/storage/inmemory/setMetricAlgo.go:23.2,30.12 5 1
github.com/igortoigildin/go-metrics-altering/internal/storage/inmemory/setMetricAlgo.go:33.89,43.2 7 0
github.com/igortoigildin/go-metrics-altering/internal/storage/inmemory/setMetricAlgo.go:50.89,51.20 1 1
github.com/igortoigildin/go-metrics-altering/internal/storage/inmemory/setMetricAlgo.go:51.20,53.3 1 0
github.com/igortoigildin/go-metrics-altering/internal/storage/inmemory/setMetricAlgo.go:54.2,61.12 5 1
github.com/igortoigildin/go-metrics-altering/internal/storage/inmemory/setMetricAlgo.go:64.87,74.2 7 0
github.com/igortoigildin/go-metrics-altering/internal/storage/postgres/postgres.go:28.56,30.16 2 0
github.com/igortoigildin/go-metrics-altering/internal/storage/postgres/postgres.go:30.16,32.3 1 0
github.com/igortoigildin/go-metrics-altering/internal/storage/postgres/postgres.go:34.2,34.54 1 0
github.com/igortoigildin/go-metrics-altering/internal/storage/postgres/postgres.go:34.54,36.3 1 0
github.com/igortoigildin/go-metrics-altering/internal/storage/postgres/postgres.go:38.2,40.8 1 0
github.com/igortoigildin/go-metrics-altering/internal/storage/postgres/postgres.go:43.59,44.36 1 0
github.com/igortoigildin/go-metrics-altering/internal/storage/postgres/postgres.go:44.36,50.3 3 0
github.com/igortoigildin/go-metrics-altering/internal/storage/postgres/postgres.go:52.2,56.12 3 0
github.com/igortoigildin/go-metrics-altering/internal/storage/postgres/postgres.go:59.54,61.16 2 0
github.com/igortoigildin/go-metrics-altering/internal/storage/postgres/postgres.go:61.16,63.3 1 0
github.com/igortoigildin/go-metrics-altering/internal/storage/postgres/postgres.go:64.2,64.12 1 0
github.com/igortoigildin/go-metrics-altering/internal/storage/postgres/postgres.go:67.111,70.2 2 0
github.com/igortoigildin/go-metrics-altering/internal/storage/postgres/postgres.go:72.109,75.2 2 0
github.com/igortoigildin/go-metrics-altering/internal/storage/postgres/postgres.go:77.74,80.16 3 0
github.com/igortoigildin/go-metrics-altering/internal/storage/postgres/postgres.go:80.16,82.3 1 0
github.com/igortoigildin/go-metrics-altering/internal/storage/postgres/postgres.go:83.2,84.18 2 0
github.com/igortoigildin/go-metrics-altering/internal/storage/postgres/postgres.go:84.18,88.17 4 0
github.com/igortoigildin/go-metrics-altering/internal/storage/postgres/postgres.go:88.17,90.4 1 0
github.com/igortoigildin/go-metrics-altering/internal/storage/postgres/postgres.go:91.3,91.24 1 0
github.com/igortoigildin/go-metrics-altering/internal/storage/postgres/postgres.go:93.2,94.16 2 0
github.com/igortoigildin/go-metrics-altering/internal/storage/postgres/postgres.go:94.16,96.3 1 0
github.com/igortoigildin/go-metrics-altering/internal/storage/postgres/postgres.go:97.2,98.16 2 0
github.com/igortoigildin/go-metrics-altering/internal/storage/postgres/postgres.go:98.16,100.3 1 0
github.com/igortoigildin/go-metrics-altering/internal/storage/postgres/postgres.go:101.2,102.18 2 0
github.com/igortoigildin/go-metrics-altering/internal/storage/postgres/postgres.go:102.18,106.17 4 0
github.com/igortoigildin/go-metrics-altering/internal/storage/postgres/postgres.go:106.17,108.4 1 0
github.com/igortoigildin/go-metrics-altering/internal/storage/postgres/postgres.go:109.3,109.24 1 0
github.com/igortoigildin/go-metrics-altering/internal/storage/postgres/postgres.go:111.2,112.16 2 0
github.com/igortoigildin/go-metrics-altering/internal/storage/postgres/postgres.go:112.16,114.3 1 0
github.com/igortoigildin/go-metrics-altering/internal/storage/postgres/postgres.go:115.2,115.21 1 0
github.com/igortoigildin/go-metrics-altering/internal/storage/postgres/strategy.go:22.106,25.2 2 0
github.com/igortoigildin/go-metrics-altering/internal/storage/postgres/strategy.go:27.104,31.9 3 0
github.com/igortoigildin/go-metrics-altering/internal/storage/postgres/strategy.go:32.37,33.21 1 0
github.com/igortoigildin/go-metrics-altering/internal/storage/postgres/strategy.go:34.18,36.21 2 0
github.com/igortoigildin/go-metrics-altering/internal/storage/postgres/strategy.go:38.2,38.20 1 0
github.com/igortoigildin/go-metrics-altering/internal/storage/postgres/strategy.go:45.106,49.2 2 0
github.com/igortoigildin/go-metrics-altering/internal/storage/postgres/strategy.go:51.104,55.9 3 0
github.com/igortoigildin/go-metrics-altering/internal/storage/postgres/strategy.go:56.37,58.21 2 0
github.com/igortoigildin/go-metrics-altering/internal/storage/postgres/strategy.go:59.18,60.21 1 0
github.com/igortoigildin/go-metrics-altering/internal/storage/postgres/strategy.go:62.2,62.20 1 0
github.com/igortoigildin/go-metrics-altering/pkg/crypt/decrypt.go:10.66,14.16 3 0
github.com/igortoigildin/go-metrics-altering/pkg/crypt/decrypt.go:14.16,16.3 1 0
github.com/igortoigildin/go-metrics-altering/pkg/crypt/decrypt.go:18.2,19.16 2 0
github.com/igortoigildin/go-metrics-altering/pkg/crypt/decrypt.go:19.16,21.3 1 0
github.com/igortoigildin/go-metrics-altering/pkg/crypt/decrypt.go:23.2,23.17 1 0
github.com/igortoigildin/go-metrics-altering/pkg/crypt/encrypt.go:10.63,13.16 3 0
github.com/igortoigildin/go-metrics-altering/pkg/crypt/encrypt.go:13.16,15.3 1 0
github.com/igortoigildin/go-metrics-altering/pkg/crypt/encrypt.go:17.2,18.16 2 0
github.com/igortoigildin/go-metrics-altering/pkg/crypt/encrypt.go:18.16,20.3 1 0
github.com/igortoigildin/go-metrics-altering/pkg/crypt/encrypt.go:22.2,22.24 1 0
github.com/igortoigildin/go-metrics-altering/pkg/crypt/savekey.go:20.50,22.16 2 0
github.com/igortoigildin/go-metrics-altering/pkg/crypt/savekey.go:22.16,24.3 1 0
github.com/igortoigildin/go-metrics-altering/pkg/crypt/savekey.go:26.2,27.16 2 0
github.com/igortoigildin/go-metrics-altering/pkg/crypt/savekey.go:27.16,29.3 1 0
github.com/igortoigildin/go-metrics-altering/pkg/crypt/savekey.go:31.2,32.16 2 0
github.com/igortoigildin/go-metrics-altering/pkg/crypt/savekey.go:32.16,34.3 1 0
github.com/igortoigildin/go-metrics-altering/pkg/crypt/savekey.go:36.2,37.16 2 0
github.com/igortoigildin/go-metrics-altering/pkg/crypt/savekey.go:37.16,39.3 1 0
github.com/igortoigildin/go-metrics-altering/pkg/crypt/savekey.go:40.2,40.12 1 0
github.com/igortoigildin/go-metrics-altering/pkg/crypt/savekey.go:44.72,46.16 2 0
github.com/igortoigildin/go-metrics-altering/pkg/crypt/savekey.go:46.16,48.3 1 0
github.com/igortoigildin/go-metrics-altering/pkg/crypt/savekey.go:50.2,60.16 5 0
github.com/igortoigildin/go-metrics-altering/pkg/crypt/savekey.go:60.16,62.3 1 0
github.com/igortoigildin/go-metrics-altering/pkg/crypt/savekey.go:64.2,69.41 2 0
github.com/igortoigildin/go-metrics-altering/pkg/crypt/savekey.go:72.64,74.16 2 0
github.com/igortoigildin/go-metrics-altering/pkg/crypt/savekey.go:74.16,76.3 1 0
github.com/igortoigildin/go-metrics-altering/pkg/crypt/savekey.go:77.2,77.12 1 0
github.com/igortoigildin/go-metrics-altering/pkg/httpServer/options.go:11.46,12.25 1 0
github.com/igortoigildin/go-metrics-altering/pkg/httpServer/options.go:12.25,14.3 1 0
github.com/igortoigildin/go-metrics-altering/pkg/httpServer/options.go:18.57,19.25 1 0
github.com/igortoigildin/go-metrics-altering/pkg/httpServer/options.go:19.25,21.3 1 0
github.com/igortoigildin/go-metrics-altering/pkg/httpServer/options.go:25.58,26.25 1 0
github.com/igortoigildin/go-metrics-altering/pkg/httpServer/options.go:26.25,28.3 1 0
github.com/igortoigildin/go-metrics-altering/pkg/httpServer/options.go:32.61,33.25 1 0
github.com/igortoigildin/go-metrics-altering/pkg/httpServer/options.go:33.25,35.3 1 0
github.com/igortoigildin/go-metrics-altering/pkg/httpServer/server.go:24.56,39.27 3 0
github.com/igortoigildin/go-metrics-altering/pkg/httpServer/server.go:39.27,41.3 1 0
github.com/igortoigildin/go-metrics-altering/pkg/httpServer/server.go:43.2,45.10 2 0
github.com/igortoigildin/go-metrics-altering/pkg/httpServer/server.go:48.26,49.12 1 0
github.com/igortoigildin/go-metrics-altering/pkg/httpServer/server.go:49.12,52.3 2 0
github.com/igortoigildin/go-metrics-altering/pkg/httpServer/server.go:56.40,58.2 1 0
github.com/igortoigildin/go-metrics-altering/pkg/httpServer/server.go:61.43,66.2 3 0
github.com/igortoigildin/go-metrics-altering/pkg/interceptors/logging/adapter.go:13.54,14.100 1 0
github.com/igortoigildin/go-metrics-altering/pkg/interceptors/logging/adapter.go:14.100,18.3 3 0
github.com/igortoigildin/go-metrics-altering/pkg/interceptors/logging/adapter.go:21.74,22.13 1 0
github.com/igortoigildin/go-metrics-altering/pkg/interceptors/logging/adapter.go:23.26,24.20 1 0
github.com/igortoigildin/go-metrics-altering/pkg/interceptors/logging/adapter.go:25.25,26.19 1 0
github.com/igortoigildin/go-metrics-altering/pkg/interceptors/logging/adapter.go:27.25,28.19 1 0
github.com/igortoigildin/go-metrics-altering/pkg/interceptors/logging/adapter.go:29.26,30.20 1 0
github.com/igortoigildin/go-metrics-altering/pkg/interceptors/logging/adapter.go:31.10,32.37 1 0
github.com/igortoigildin/go-metrics-altering/pkg/interceptors/logging/adapter.go:34.2,34.12 1 0
github.com/igortoigildin/go-metrics-altering/pkg/interceptors/logging/adapter.go:37.60,40.38 2 0
github.com/igortoigildin/go-metrics-altering/pkg/interceptors/logging/adapter.go:40.38,44.28 3 0
github.com/igortoigildin/go-metrics-altering/pkg/interceptors/logging/adapter.go:45.15,46.46 1 0
github.com/igortoigildin/go-metrics-altering/pkg/interceptors/logging/adapter.go:47.12,48.43 1 0
github.com/igortoigildin/go-metrics-altering/pkg/interceptors/logging/adapter.go:49.13,50.44 1 0
github.com/igortoigildin/go-metrics-altering/pkg/interceptors/logging/adapter.go:51.11,52.43 1 0
github.com/igortoigildin/go-metrics-altering/pkg/interceptors/logging/adapter.go:55.2,55.15 1 0
github.com/igortoigildin/go-metrics-altering/pkg/logger/logger.go:7.37,9.16 2 0
github.com/igortoigildin/go-metrics-altering/pkg/logger/logger.go:9.16,11.3 1 0
github.com/igortoigildin/go-metrics-altering/pkg/logger/logger.go:12.2,15.16 4 0
github.com/igortoigildin/go-metrics-altering/pkg/logger/logger.go:15.16,17.3 1 0
github.com/igortoigildin/go-metrics-altering/pkg/logger/logger.go:19.2,20.12 2 0
github.com/igortoigildin/go-metrics-altering/pkg/middlewares/auth/auth.go:17.77,18.71 1 0
github.com/igortoigildin/go-metrics-altering/pkg/middlewares/auth/auth.go:18.71,19.34 1 0
github.com/igortoigildin/go-metrics-altering/pkg/middlewares/auth/auth.go:19.34,24.17 3 0
github.com/igortoigildin/go-metrics-altering/pkg/middlewares/auth/auth.go:24.17,27.5 2 0
github.com/igortoigildin/go-metrics-altering/pkg/middlewares/auth/auth.go:29.4,30.18 2 0
github.com/igortoigildin/go-metrics-altering/pkg/middlewares/auth/auth.go:30.18,33.5 2 0
github.com/igortoigildin/go-metrics-altering/pkg/middlewares/auth/auth.go:35.4,35.18 1 0
github.com/igortoigildin/go-metrics-altering/pkg/middlewares/auth/auth.go:35.18,38.5 2 0
github.com/igortoigildin/go-metrics-altering/pkg/middlewares/auth/auth.go:40.3,40.13 1 0
github.com/igortoigildin/go-metrics-altering/pkg/middlewares/auth/auth.go:44.76,46.15 2 0
github.com/igortoigildin/go-metrics-altering/pkg/middlewares/auth/auth.go:46.15,49.3 2 0
github.com/igortoigildin/go-metrics-altering/pkg/middlewares/auth/auth.go:52.2,53.16 2 0
github.com/igortoigildin/go-metrics-altering/pkg/middlewares/auth/auth.go:53.16,55.3 1 0
github.com/igortoigildin/go-metrics-altering/pkg/middlewares/auth/auth.go:58.2,58.37 1 0
github.com/igortoigildin/go-metrics-altering/pkg/middlewares/auth/auth.go:62.62,67.2 4 0
github.com/igortoigildin/go-metrics-altering/pkg/middlewares/compress/compress.go:16.63,21.2 1 0
github.com/igortoigildin/go-metrics-altering/pkg/middlewares/compress/compress.go:23.47,25.2 1 0
[...]
github.com/igortoigildin/go-metrics-altering/internal/server/http/api/mocks/Storage.go:102.89,104.3 1 0
github.com/igortoigildin/go-metrics-altering/internal/server/http/api/mocks/Storage.go:104.8,106.3 1 0
github.com/igortoigildin/go-metrics-altering/internal/server/http/api/mocks/Storage.go:108.2,108.11 1 0
github.com/igortoigildin/go-metrics-altering/internal/server/http/api/mocks/Storage.go:116.13,120.19 3 0
github.com/igortoigildin/go-metrics-altering/internal/server/http/api/mocks/Storage.go:120.19,120.49 1 0
github.com/igortoigildin/go-metrics-altering/internal/server/http/api/mocks/Storage.go:122.2,122.13 1 0
github.com/igortoigildin/go-metrics-altering/internal/storage/inmemory/local.go:27.26,32.2 1 0
github.com/igortoigildin/go-metrics-altering/internal/storage/inmemory/local.go:34.57,35.36 1 0
github.com/igortoigildin/go-metrics-altering/internal/storage/inmemory/local.go:35.36,40.3 2 0
github.com/igortoigildin/go-metrics-altering/internal/storage/inmemory/local.go:40.8,45.3 2 0
github.com/igortoigildin/go-metrics-altering/internal/storage/inmemory/local.go:48.113,55.16 5 0
github.com/igortoigildin/go-metrics-altering/internal/storage/inmemory/local.go:55.16,58.3 2 0
github.com/igortoigildin/go-metrics-altering/internal/storage/inmemory/local.go:59.2,59.12 1 0
github.com/igortoigildin/go-metrics-altering/internal/storage/inmemory/local.go:62.111,69.16 5 0
github.com/igortoigildin/go-metrics-altering/internal/storage/inmemory/local.go:69.16,72.3 2 0
github.com/igortoigildin/go-metrics-altering/internal/storage/inmemory/local.go:73.2,73.20 1 0
github.com/igortoigildin/go-metrics-altering/internal/storage/inmemory/local.go:76.76,83.2 4 0
github.com/igortoigildin/go-metrics-altering/internal/storage/inmemory/local.go:86.64,88.16 2 0
github.com/igortoigildin/go-metrics-altering/internal/storage/inmemory/local.go:88.16,90.3 1 0
github.com/igortoigildin/go-metrics-altering/internal/storage/inmemory/local.go:91.2,92.59 2 0
github.com/igortoigildin/go-metrics-altering/internal/storage/inmemory/local.go:92.59,94.3 1 0
github.com/igortoigildin/go-metrics-altering/internal/storage/inmemory/local.go:96.2,99.32 3 0
github.com/igortoigildin/go-metrics-altering/internal/storage/inmemory/local.go:99.32,100.25 1 0
github.com/igortoigildin/go-metrics-altering/internal/storage/inmemory/local.go:100.25,102.4 1 0
github.com/igortoigildin/go-metrics-altering/internal/storage/inmemory/local.go:102.9,102.34 1 0
github.com/igortoigildin/go-metrics-altering/internal/storage/inmemory/local.go:102.34,104.4 1 0
github.com/igortoigildin/go-metrics-altering/internal/storage/inmemory/local.go:106.2,106.12 1 0
github.com/igortoigildin/go-metrics-altering/internal/storage/inmemory/local.go:109.56,110.20 1 0
github.com/igortoigildin/go-metrics-altering/internal/storage/inmemory/local.go:110.20,113.3 2 0
github.com/igortoigildin/go-metrics-altering/internal/storage/inmemory/local.go:115.2,115.22 1 0
github.com/igortoigildin/go-metrics-altering/internal/storage/inmemory/local.go:115.22,118.3 2 0
github.com/igortoigildin/go-metrics-altering/internal/storage/inmemory/local.go:119.2,119.12 1 0
github.com/igortoigildin/go-metrics-altering/internal/storage/inmemory/local.go:123.110,125.6 1 0
github.com/igortoigildin/go-metrics-altering/internal/storage/inmemory/local.go:125.6,130.31 3 0
github.com/igortoigildin/go-metrics-altering/internal/storage/inmemory/local.go:130.31,132.34 2 0
github.com/igortoigildin/go-metrics-altering/internal/storage/inmemory/local.go:132.34,137.13 5 0
github.com/igortoigildin/go-metrics-altering/internal/storage/inmemory/local.go:139.4,139.32 1 0
github.com/igortoigildin/go-metrics-altering/internal/storage/inmemory/local.go:139.32,144.5 4 0
github.com/igortoigildin/go-metrics-altering/internal/storage/inmemory/local.go:147.3,148.17 2 0
github.com/igortoigildin/go-metrics-altering/internal/storage/inmemory/local.go:148.17,151.4 2 0
github.com/igortoigildin/go-metrics-altering/internal/storage/inmemory/local.go:153.3,154.17 2 0
github.com/igortoigildin/go-metrics-altering/internal/storage/inmemory/local.go:154.17,157.4 2 0
github.com/igortoigildin/go-metrics-altering/internal/storage/inmemory/setMetricAlgo.go:19.91,20.22 1 0
github.com/igortoigildin/go-metrics-altering/internal/storage/inmemory/setMetricAlgo.go:20.22,22.3 1 0
github.com/igortoigildin/go-metrics-altering/internal/storage/inmemory/setMetricAlgo.go:23.2,30.12 5 0
github.com/igortoigildin/go-metrics-altering/internal/storage/inmemory/setMetricAlgo.go:33.89,43.2 7 0
github.com/igortoigildin/go-metrics-altering/internal/storage/inmemory/setMetricAlgo.go:50.89,51.20 1 0
github.com/igortoigildin/go-metrics-altering/internal/storage/inmemory/setMetricAlgo.go:51.20,53.3 1 0
github.com/igortoigildin/go-metrics-altering/internal/storage/inmemory/setMetricAlgo.go:54.2,61.12 5 0
github.com/igortoigildin/go-metrics-altering/internal/storage/inmemory/setMetricAlgo.go:64.87,74.2 7 0
github.com/igortoigildin/go-metrics-altering/internal/storage/postgres/postgres.go:28.56,30.16 2 0
github.com/igortoigildin/go-metrics-altering/internal/storage/postgres/postgres.go:30.16,32.3 1 0
github.com/igortoigildin/go-metrics-altering/internal/storage/postgres/postgres.go:34.2,34.54 1 0
github.com/igortoigildin/go-metrics-altering/internal/storage/postgres/postgres.go:34.54,36.3 1 0
github.com/igortoigildin/go-metrics-altering/internal/storage/postgres/postgres.go:38.2,40.8 1 0
github.com/igortoigildin/go-metrics-altering/internal/storage/postgres/postgres.go:43.59,44.36 1 0
github.com/igortoigildin/go-metrics-altering/internal/storage/postgres/postgres.go:44.36,50.3 3 0
github.com/igortoigildin/go-metrics-altering/internal/storage/postgres/postgres.go:52.2,56.12 3 0
github.com/igortoigildin/go-metrics-altering/internal/storage/postgres/postgres.go:59.54,61.16 2 0
github.com/igortoigildin/go-metrics-altering/internal/storage/postgres/postgres.go:61.16,63.3 1 0
github.com/igortoigildin/go-metrics-altering/internal/storage/postgres/postgres.go:64.2,64.12 1 0
github.com/igortoigildin/go-metrics-altering/internal/storage/postgres/postgres.go:67.111,70.2 2 0
github.com/igortoigildin/go-metrics-altering/internal/storage/postgres/postgres.go:72.109,75.2 2 0
github.com/igortoigildin/go-metrics-altering/internal/storage/postgres/postgres.go:77.74,80.16 3 0
github.com/igortoigildin/go-metrics-altering/internal/storage/postgres/postgres.go:80.16,82.3 1 0
github.com/igortoigildin/go-metrics-altering/internal/storage/postgres/postgres.go:83.2,84.18 2 0
github.com/igortoigildin/go-metrics-altering/internal/storage/postgres/postgres.go:84.18,88.17 4 0
github.com/igortoigildin/go-metrics-altering/internal/storage/postgres/postgres.go:88.17,90.4 1 0
github.com/igortoigildin/go-metrics-altering/internal/storage/postgres/postgres.go:91.3,91.24 1 0
github.com/igortoigildin/go-metrics-altering/internal/storage/postgres/postgres.go:93.2,94.16 2 0
github.com/igortoigildin/go-metrics-altering/internal/storage/postgres/postgres.go:94.16,96.3 1 0
github.com/igortoigildin/go-metrics-altering/internal/storage/postgres/postgres.go:97.2,98.16 2 0
github.com/igortoigildin/go-metrics-altering/internal/storage/postgres/postgres.go:98.16,100.3 1 0
github.com/igortoigildin/go-metrics-altering/internal/storage/postgres/postgres.go:101.2,102.18 2 0
github.com/igortoigildin/go-metrics-altering/internal/storage/postgres/postgres.go:102.18,106.17 4 0
github.com/igortoigildin/go-metrics-altering/internal/storage/postgres/postgres.go:106.17,108.4 1 0
github.com/igortoigildin/go-metrics-altering/internal/storage/postgres/postgres.go:109.3,109.24 1 0
github.com/igortoigildin/go-metrics-altering/internal/storage/postgres/postgres.go:111.2,112.16 2 0
github.com/igortoigildin/go-metrics-altering/internal/storage/postgres/postgres.go:112.16,114.3 1 0
github.com/igortoigildin/go-metrics-altering/internal/storage/postgres/postgres.go:115.2,115.21 1 0
github.com/igortoigildin/go-metrics-altering/internal/storage/postgres/strategy.go:22.106,25.2 2 0
github.com/igortoigildin/go-metrics-altering/internal/storage/postgres/strategy.go:27.104,31.9 3 0
github.com/igortoigildin/go-metrics-altering/internal/storage/postgres/strategy.go:32.37,33.21 1 0
github.com/igortoigildin/go-metrics-altering/internal/storage/postgres/strategy.go:34.18,36.21 2 0
github.com/igortoigildin/go-metrics-altering/internal/storage/postgres/strategy.go:38.2,38.20 1 0
github.com/igortoigildin/go-metrics-altering/internal/storage/postgres/strategy.go:45.106,49.2 2 0
github.com/igortoigildin/go-metrics-altering/internal/storage/postgres/strategy.go:51.104,55.9 3 0
github.com/igortoigildin/go-metrics-altering/internal/storage/postgres/strategy.go:56.37,58.21 2 0
github.com/igortoigildin/go-metrics-altering/internal/storage/postgres/strategy.go:59.18,60.21 1 0
github.com/igortoigildin/go-metrics-altering/internal/storage/postgres/strategy.go:62.2,62.20 1 0
github.com/igortoigildin/go-metrics-altering/pkg/crypt/decrypt.go:10.66,14.16 3 0
github.com/igortoigildin/go-metrics-altering/pkg/crypt/decrypt.go:14.16,16.3 1 0
github.com/igortoigildin/go-metrics-altering/pkg/crypt/decrypt.go:18.2,19.16 2 0
github.com/igortoigildin/go-metrics-altering/pkg/crypt/decrypt.go:19.16,21.3 1 0
github.com/igortoigildin/go-metrics-altering/pkg/crypt/decrypt.go:23.2,23.17 1 0
github.com/igortoigildin/go-metrics-altering/pkg/crypt/encrypt.go:10.63,13.16 3 1
github.com/igortoigildin/go-metrics-altering/pkg/crypt/encrypt.go:13.16,15.3 1 0
github.com/igortoigildin/go-metrics-altering/pkg/crypt/encrypt.go:17.2,18.16 2 1
github.com/igortoigildin/go-metrics-altering/pkg/crypt/encrypt.go:18.16,20.3 1 0
github.com/igortoigildin/go-metrics-altering/pkg/crypt/encrypt.go:22.2,22.24 1 1
github.com/igortoigildin/go-metrics-altering/pkg/crypt/savekey.go:20.50,22.16 2 1
github.com/igortoigildin/go-metrics-altering/pkg/crypt/savekey.go:22.16,24.3 1 0
github.com/igortoigildin/go-metrics-altering/pkg/crypt/savekey.go:26.2,27.16 2 1
github.com/igortoigildin/go-metrics-altering/pkg/crypt/savekey.go:27.16,29.3 1 0
github.com/igortoigildin/go-metrics-altering/pkg/crypt/savekey.go:31.2,32.16 2 1
github.com/igortoigildin/go-metrics-altering/pkg/crypt/savekey.go:32.16,34.3 1 0
github.com/igortoigildin/go-metrics-altering/pkg/crypt/savekey.go:36.2,37.16 2 1
github.com/igortoigildin/go-metrics-altering/pkg/crypt/savekey.go:37.16,39.3 1 0
github.com/igortoigildin/go-metrics-altering/pkg/crypt/savekey.go:40.2,40.12 1 1
github.com/igortoigildin/go-metrics-altering/pkg/crypt/savekey.go:44.72,46.16 2 1
github.com/igortoigildin/go-metrics-altering/pkg/crypt/savekey.go:46.16,48.3 1 0
github.com/igortoigildin/go-metrics-altering/pkg/crypt/savekey.go:50.2,60.16 5 1
github.com/igortoigildin/go-metrics-altering/pkg/crypt/savekey.go:60.16,62.3 1 0
github.com/igortoigildin/go-metrics-altering/pkg/crypt/savekey.go:64.2,69.41 2 1
github.com/igortoigildin/go-metrics-altering/pkg/crypt/savekey.go:72.64,74.16 2 1
github.com/igortoigildin/go-metrics-altering/pkg/crypt/savekey.go:74.16,76.3 1 0
github.com/igortoigildin/go-metrics-altering/pkg/crypt/savekey.go:77.2,77.12 1 1
github.com/igortoigildin/go-metrics-altering/pkg/httpServer/options.go:11.46,12.25 1 0
github.com/igortoigildin/go-metrics-altering/pkg/httpServer/options.go:12.25,14.3 1 0
github.com/igortoigildin/go-metrics-altering/pkg/httpServer/options.go:18.57,19.25 1 0
github.com/igortoigildin/go-metrics-altering/pkg/httpServer/options.go:19.25,21.3 1 0
github.com/igortoigildin/go-metrics-altering/pkg/httpServer/options.go:25.58,26.25 1 0
github.com/igortoigildin/go-metrics-altering/pkg/httpServer/options.go:26.25,28.3 1 0
github.com/igortoigildin/go-metrics-altering/pkg/httpServer/options.go:32.61,33.25 1 0
github.com/igortoigildin/go-metrics-altering/pkg/httpServer/options.go:33.25,35.3 1 0
github.com/igortoigildin/go-metrics-altering/pkg/httpServer/server.go:24.56,39.27 3 0
github.com/igortoigildin/go-metrics-altering/pkg/httpServer/server.go:39.27,41.3 1 0
github.com/igortoigildin/go-metrics-altering/pkg/httpServer/server.go:43.2,45.10 2 0
github.com/igortoigildin/go-metrics-altering/pkg/httpServer/server.go:48.26,49.12 1 0
github.com/igortoigildin/go-metrics-altering/pkg/httpServer/server.go:49.12,52.3 2 0
github.com/igortoigildin/go-metrics-altering/pkg/httpServer/server.go:56.40,58.2 1 0
github.com/igortoigildin/go-metrics-altering/pkg/httpServer/server.go:61.43,66.2 3 0
github.com/igortoigildin/go-metrics-altering/pkg/interceptors/logging/adapter.go:13.54,14.100 1 0
github.com/igortoigildin/go-metrics-altering/pkg/interceptors/logging/adapter.go:14.100,18.3 3 0
github.com/igortoigildin/go-metrics-altering/pkg/interceptors/logging/adapter.go:21.74,22.13 1 0
github.com/igortoigildin/go-metrics-altering/pkg/interceptors/logging/adapter.go:23.26,24.20 1 0
github.com/igortoigildin/go-metrics-altering/pkg/interceptors/logging/adapter.go:25.25,26.19 1 0
github.com/igortoigildin/go-metrics-altering/pkg/interceptors/logging/adapter.go:27.25,28.19 1 0
github.com/igortoigildin/go-metrics-altering/pkg/interceptors/logging/adapter.go:29.26,30.20 1 0
github.com/igortoigildin/go-metrics-altering/pkg/interceptors/logging/adapter.go:31.10,32.37 1 0
github.com/igortoigildin/go-metrics-altering/pkg/interceptors/logging/adapter.go:34.2,34.12 1 0
github.com/igortoigildin/go-metrics-altering/pkg/interceptors/logging/adapter.go:37.60,40.38 2 0
github.com/igortoigildin/go-metrics-altering/pkg/interceptors/logging/adapter.go:40.38,44.28 3 0
github.com/igortoigildin/go-metrics-altering/pkg/interceptors/logging/adapter.go:45.15,46.46 1 0
github.com/igortoigildin/go-metrics-altering/pkg/interceptors/logging/adapter.go:47.12,48.43 1 0
github.com/igortoigildin/go-metrics-altering/pkg/interceptors/logging/adapter.go:49.13,50.44 1 0
github.com/igortoigildin/go-metrics-altering/pkg/interceptors/logging/adapter.go:51.11,52.43 1 0
github.com/igortoigildin/go-metrics-altering/pkg/interceptors/logging/adapter.go:55.2,55.15 1 0
github.com/igortoigildin/go-metrics-altering/pkg/logger/logger.go:7.37,9.16 2 0
github.com/igortoigildin/go-metrics-altering/pkg/logger/logger.go:9.16,11.3 1 0
github.com/igortoigildin/go-metrics-altering/pkg/logger/logger.go:12.2,15.16 4 0
github.com/igortoigildin/go-metrics-altering/pkg/logger/logger.go:15.16,17.3 1 0
github.com/igortoigildin/go-metrics-altering/pkg/logger/logger.go:19.2,20.12 2 0
github.com/igortoigildin/go-metrics-altering/pkg/middlewares/auth/auth.go:17.77,18.71 1 0
github.com/igortoigildin/go-metrics-altering/pkg/middlewares/auth/auth.go:18.71,19.34 1 0
github.com/igortoigildin/go-metrics-altering/pkg/middlewares/auth/auth.go:19.34,24.17 3 0
github.com/igortoigildin/go-metrics-altering/pkg/middlewares/auth/auth.go:24.17,27.5 2 0
github.com/igortoigildin/go-metrics-altering/pkg/middlewares/auth/auth.go:29.4,30.18 2 0
github.com/igortoigildin/go-metrics-altering/pkg/middlewares/auth/auth.go:30.18,33.5 2 0
github.com/igortoigildin/go-metrics-altering/pkg/middlewares/auth/auth.go:35.4,35.18 1 0
github.com/igortoigildin/go-metrics-altering/pkg/middlewares/auth/auth.go:35.18,38.5 2 0
github.com/igortoigildin/go-metrics-altering/pkg/middlewares/auth/auth.go:40.3,40.13 1 0
github.com/igortoigildin/go-metrics-altering/pkg/middlewares/auth/auth.go:44.76,46.15 2 0
github.com/igortoigildin/go-metrics-altering/pkg/middlewares/auth/auth.go:46.15,49.3 2 0
github.com/igortoigildin/go-metrics-altering/pkg/middlewares/auth/auth.go:52.2,53.16 2 0
github.com/igortoigildin/go-metrics-altering/pkg/middlewares/auth/auth.go:53.16,55.3 1 0
github.com/igortoigildin/go-metrics-altering/pkg/middlewares/auth/auth.go:58.2,58.37 1 0
github.com/igortoigildin/go-metrics-altering/pkg/middlewares/auth/auth.go:62.62,67.2 4 0
github.com/igortoigildin/go-metrics-altering/pkg/middlewares/compress/compress.go:16.63,21.2 1 0
github.com/igortoigildin/go-metrics-altering/pkg/middlewares/compress/compress.go:23.47,25.2 1 0
github.com/igortoigildin/go-metrics-altering/pkg/middlewares/compress/compress.go:27.55,29.2 1 0
github.com/igortoigildin/go-metrics-altering/pkg/middlewares/compress/compress.go:31.54,32.22 1 0
github.com/igortoigildin/go-metrics-altering/pkg/middlewares/compress/compress.go:32.22,34.3 1 0
github.com/igortoigildin/go-metrics-altering/pkg/middlewares/compress/compress.go:35.2,35.29 1 0
github.com/igortoigildin/go-metrics-altering/pkg/middlewares/compress/compress.go:38.40,40.2 1 0
github.com/igortoigildin/go-metrics-altering/pkg/middlewares/compress/compress.go:47.66,49.16 2 0
github.com/igortoigildin/go-metrics-altering/pkg/middlewares/compress/compress.go:49.16,51.3 1 0
github.com/igortoigildin/go-metrics-altering/pkg/middlewares/compress/compress.go:52.2,55.8 1 0
github.com/igortoigildin/go-metrics-altering/pkg/middlewares/compress/compress.go:58.59,60.2 1 0
github.com/igortoigildin/go-metrics-altering/pkg/middlewares/compress/compress.go:62.40,63.36 1 0
github.com/igortoigildin/go-metrics-altering/pkg/middlewares/compress/compress.go:63.36,65.3 1 0
github.com/igortoigildin/go-metrics-altering/pkg/middlewares/compress/compress.go:66.2,66.21 1 0
github.com/igortoigildin/go-metrics-altering/pkg/middlewares/compress/compress.go:69.58,70.54 1 0
github.com/igortoigildin/go-metrics-altering/pkg/middlewares/compress/compress.go:70.54,74.19 4 0
github.com/igortoigildin/go-metrics-altering/pkg/middlewares/compress/compress.go:74.19,78.4 3 0
github.com/igortoigildin/go-metrics-altering/pkg/middlewares/compress/compress.go:79.3,81.16 3 0
github.com/igortoigildin/go-metrics-altering/pkg/middlewares/compress/compress.go:81.16,83.18 2 0
github.com/igortoigildin/go-metrics-altering/pkg/middlewares/compress/compress.go:83.18,86.5 2 0
github.com/igortoigildin/go-metrics-altering/pkg/middlewares/compress/compress.go:87.4,88.20 2 0
github.com/igortoigildin/go-metrics-altering/pkg/middlewares/compress/compress.go:90.3,90.21 1 0
github.com/igortoigildin/go-metrics-altering/pkg/middlewares/logging/logger.go:26.62,30.2 3 0
github.com/igortoigildin/go-metrics-altering/pkg/middlewares/logging/logger.go:32.61,35.2 2 0
github.com/igortoigildin/go-metrics-altering/pkg/middlewares/logging/logger.go:38.51,39.71 1 0
github.com/igortoigildin/go-metrics-altering/pkg/middlewares/logging/logger.go:39.71,58.3 6 0
github.com/igortoigildin/go-metrics-altering/pkg/middlewares/timeout/timeout.go:12.77,13.71 1 0
github.com/igortoigildin/go-metrics-altering/pkg/middlewares/timeout/timeout.go:13.71,20.13 5 0
github.com/igortoigildin/go-metrics-altering/pkg/middlewares/timeout/timeout.go:20.13,23.4 2 0
github.com/igortoigildin/go-metrics-altering/pkg/middlewares/timeout/timeout.go:25.3,25.10 1 0
github.com/igortoigildin/go-metrics-altering/pkg/middlewares/timeout/timeout.go:26.21,29.32 3 0
github.com/igortoigildin/go-metrics-altering/pkg/middlewares/timeout/timeout.go:30.22,30.22 0 0
github.com/igortoigildin/go-metrics-altering/pkg/processJSON/processJSON.go:14.47,16.16 2 0
github.com/igortoigildin/go-metrics-altering/pkg/processJSON/processJSON.go:16.16,18.3 1 0
github.com/igortoigildin/go-metrics-altering/pkg/processJSON/processJSON.go:19.2,19.12 1 0
github.com/igortoigildin/go-metrics-altering/pkg/processJSON/processJSON.go:22.89,24.16 2 0
github.com/igortoigildin/go-metrics-altering/pkg/processJSON/processJSON.go:24.16,26.3 1 0
github.com/igortoigildin/go-metrics-altering/pkg/processJSON/processJSON.go:27.2,28.34 2 0
github.com/igortoigildin/go-metrics-altering/pkg/processJSON/processJSON.go:28.34,30.3 1 0
github.com/igortoigildin/go-metrics-altering/pkg/processJSON/processJSON.go:32.2,35.12 4 0
github.com/igortoigildin/go-metrics-altering/pkg/processMap/processMap.go:4.90,6.22 2 0
github.com/igortoigildin/go-metrics-altering/pkg/processMap/processMap.go:6.22,8.3 1 0
github.com/igortoigildin/go-metrics-altering/pkg/processMap/processMap.go:9.2,9.22 1 0
github.com/igortoigildin/go-metrics-altering/pkg/processMap/processMap.go:9.22,11.3 1 0
github.com/igortoigildin/go-metrics-altering/pkg/processMap/processMap.go:12.2,12.10 1 0
