mode: set
github.com/igortoigildin/go-metrics-altering/cmd/staticlint/main.go:29.13,32.16 2 0
github.com/igortoigildin/go-metrics-altering/cmd/staticlint/main.go:32.16,33.13 1 0
github.com/igortoigildin/go-metrics-altering/cmd/staticlint/main.go:35.2,36.16 2 0
github.com/igortoigildin/go-metrics-altering/cmd/staticlint/main.go:36.16,37.13 1 0
github.com/igortoigildin/go-metrics-altering/cmd/staticlint/main.go:39.2,40.50 2 0
github.com/igortoigildin/go-metrics-altering/cmd/staticlint/main.go:40.50,41.13 1 0
github.com/igortoigildin/go-metrics-altering/cmd/staticlint/main.go:43.2,53.36 3 0
github.com/igortoigildin/go-metrics-altering/cmd/staticlint/main.go:53.36,55.3 1 0
github.com/igortoigildin/go-metrics-altering/cmd/staticlint/main.go:57.2,57.42 1 0
github.com/igortoigildin/go-metrics-altering/cmd/staticlint/main.go:57.42,58.30 1 0
github.com/igortoigildin/go-metrics-altering/cmd/staticlint/main.go:58.30,60.4 1 0
github.com/igortoigildin/go-metrics-altering/cmd/staticlint/main.go:62.2,64.3 1 0
github.com/igortoigildin/go-metrics-altering/cmd/staticlint/main.go:29.13,32.16 2 0
github.com/igortoigildin/go-metrics-altering/cmd/staticlint/main.go:32.16,33.13 1 0
github.com/igortoigildin/go-metrics-altering/cmd/staticlint/main.go:35.2,36.16 2 0
github.com/igortoigildin/go-metrics-altering/cmd/staticlint/main.go:36.16,37.13 1 0
github.com/igortoigildin/go-metrics-altering/cmd/staticlint/main.go:39.2,40.50 2 0
github.com/igortoigildin/go-metrics-altering/cmd/staticlint/main.go:40.50,41.13 1 0
github.com/igortoigildin/go-metrics-altering/cmd/staticlint/main.go:43.2,53.36 3 0
github.com/igortoigildin/go-metrics-altering/cmd/staticlint/main.go:53.36,55.3 1 0
github.com/igortoigildin/go-metrics-altering/cmd/staticlint/main.go:57.2,57.42 1 0
github.com/igortoigildin/go-metrics-altering/cmd/staticlint/main.go:57.42,58.30 1 0
github.com/igortoigildin/go-metrics-altering/cmd/staticlint/main.go:58.30,60.4 1 0
github.com/igortoigildin/go-metrics-altering/cmd/staticlint/main.go:62.2,64.3 1 0
github.com/igortoigildin/go-metrics-altering/cmd/staticlint/checker/checker.go:16.52,17.34 1 0
github.com/igortoigildin/go-metrics-altering/cmd/staticlint/checker/checker.go:17.34,18.46 1 0
github.com/igortoigildin/go-metrics-altering/cmd/staticlint/checker/checker.go:18.46,19.41 1 0
github.com/igortoigildin/go-metrics-altering/cmd/staticlint/checker/checker.go:19.41,20.47 1 0
github.com/igortoigildin/go-metrics-altering/cmd/staticlint/checker/checker.go:20.47,21.30 1 0
github.com/igortoigildin/go-metrics-altering/cmd/staticlint/checker/checker.go:21.30,23.7 1 0
github.com/igortoigildin/go-metrics-altering/cmd/staticlint/checker/checker.go:26.4,26.15 1 0
github.com/igortoigildin/go-metrics-altering/cmd/staticlint/checker/checker.go:29.2,29.17 1 0
